This is XeTeX, Version 3.14159265-2.6-0.999992 (MiKTeX 2.9.7350 64-bit) (preloaded format=xelatex 2021.4.30)  4 MAY 2021 22:42
entering extended mode
**./LaTex模板.tex
(LaTex模板.tex
LaTeX2e <2020-02-02> patch level 5
L3 programming layer <2020-03-06>
(D:\kmol2021\data\miktex-portable\texmfs\install\tex/latex/base\report.cls
Document Class: report 2019/12/20 v1.4l Standard LaTeX document class
(D:\kmol2021\data\miktex-portable\texmfs\install\tex/latex/base\size10.clo
File: size10.clo 2019/12/20 v1.4l Standard LaTeX file (size option)
)
\c@part=\count163
\c@chapter=\count164
\c@section=\count165
\c@subsection=\count166
\c@subsubsection=\count167
\c@paragraph=\count168
\c@subparagraph=\count169
\c@figure=\count170
\c@table=\count171
\abovecaptionskip=\skip47
\belowcaptionskip=\skip48
\bibindent=\dimen134
)
(D:\kmol2021\data\miktex-portable\texmfs\install\tex/xelatex/xecjk\xeCJK.sty
(D:\kmol2021\data\miktex-portable\texmfs\install\tex/latex/l3kernel\expl3.sty
Package: expl3 2020-03-06 L3 programming layer (loader) 

(D:\kmol2021\data\miktex-portable\texmfs\install\tex/latex/l3backend\l3backend-
xdvipdfmx.def
File: l3backend-xdvipdfmx.def 2020-03-12 L3 backend support: xdvipdfmx
\g__graphics_track_int=\count172
\l__pdf_internal_box=\box45
\g__pdf_backend_object_int=\count173
\g__pdf_backend_annotation_int=\count174
))
Package: xeCJK 2020/02/18 v3.8.2 Typesetting CJK scripts with XeLaTeX

(D:\kmol2021\data\miktex-portable\texmfs\install\tex/latex/l3packages/l3keys2e\
l3keys2e.sty
Package: l3keys2e 2020-03-06 LaTeX2e option processing using LaTeX3 keys
)
(D:\kmol2021\data\miktex-portable\texmfs\install\tex/latex/l3packages/xtemplate
\xtemplate.sty
Package: xtemplate 2020-03-06 L3 Experimental prototype document functions
\l__xtemplate_tmp_dim=\dimen135
\l__xtemplate_tmp_int=\count175
\l__xtemplate_tmp_muskip=\muskip16
\l__xtemplate_tmp_skip=\skip49
)
(D:\kmol2021\data\miktex-portable\texmfs\install\tex/latex/l3packages/xparse\xp
arse.sty
Package: xparse 2020-03-06 L3 Experimental document command parser
\l__xparse_current_arg_int=\count176
\g__xparse_grabber_int=\count177
\l__xparse_m_args_int=\count178
\l__xparse_v_nesting_int=\count179
)
\l__xeCJK_tmp_int=\count180
\l__xeCJK_tmp_box=\box46
\l__xeCJK_tmp_dim=\dimen136
\l__xeCJK_tmp_skip=\skip50
\g__xeCJK_space_factor_int=\count181
\l__xeCJK_begin_int=\count182
\l__xeCJK_end_int=\count183
\c__xeCJK_CJK_class_int=\XeTeXcharclass1
\c__xeCJK_FullLeft_class_int=\XeTeXcharclass2
\c__xeCJK_FullRight_class_int=\XeTeXcharclass3
\c__xeCJK_HalfLeft_class_int=\XeTeXcharclass4
\c__xeCJK_HalfRight_class_int=\XeTeXcharclass5
\c__xeCJK_NormalSpace_class_int=\XeTeXcharclass6
\c__xeCJK_CM_class_int=\XeTeXcharclass7
\c__xeCJK_HangulJamo_class_int=\XeTeXcharclass8
\l__xeCJK_last_skip=\skip51
\g__xeCJK_node_int=\count184
\c__xeCJK_CJK_node_dim=\dimen137
\c__xeCJK_CJK-space_node_dim=\dimen138
\c__xeCJK_default_node_dim=\dimen139
\c__xeCJK_default-space_node_dim=\dimen140
\c__xeCJK_CJK-widow_node_dim=\dimen141
\c__xeCJK_normalspace_node_dim=\dimen142
\l__xeCJK_ccglue_skip=\skip52
\l__xeCJK_ecglue_skip=\skip53
\l__xeCJK_punct_kern_skip=\skip54
\l__xeCJK_last_penalty_int=\count185
\l__xeCJK_last_bound_dim=\dimen143
\l__xeCJK_last_kern_dim=\dimen144
\l__xeCJK_widow_penalty_int=\count186

Package xtemplate Info: Declaring object type 'xeCJK/punctuation' taking 0
(xtemplate)             argument(s) on line 2302.

\l__xeCJK_fixed_punct_width_dim=\dimen145
\l__xeCJK_mixed_punct_width_dim=\dimen146
\l__xeCJK_middle_punct_width_dim=\dimen147
\l__xeCJK_fixed_margin_width_dim=\dimen148
\l__xeCJK_mixed_margin_width_dim=\dimen149
\l__xeCJK_middle_margin_width_dim=\dimen150
\l__xeCJK_bound_punct_width_dim=\dimen151
\l__xeCJK_bound_margin_width_dim=\dimen152
\l__xeCJK_margin_minimum_dim=\dimen153
\l__xeCJK_kerning_total_width_dim=\dimen154
\l__xeCJK_same_align_margin_dim=\dimen155
\l__xeCJK_different_align_margin_dim=\dimen156
\l__xeCJK_kerning_margin_width_dim=\dimen157
\l__xeCJK_kerning_margin_minimum_dim=\dimen158
\l__xeCJK_bound_dim=\dimen159
\l__xeCJK_reverse_bound_dim=\dimen160
\l__xeCJK_margin_dim=\dimen161
\l__xeCJK_minimum_bound_dim=\dimen162
\l__xeCJK_kerning_margin_dim=\dimen163
\g__xeCJK_family_int=\count187
\l__xeCJK_fam_int=\count188
\g__xeCJK_fam_allocation_int=\count189
\l__xeCJK_verb_case_int=\count190
\l__xeCJK_verb_exspace_skip=\skip55

(D:\kmol2021\data\miktex-portable\texmfs\install\tex/latex/fontspec\fontspec.st
y
Package: fontspec 2020/02/21 v2.7i Font selection for XeLaTeX and LuaLaTeX

(D:\kmol2021\data\miktex-portable\texmfs\install\tex/latex/fontspec\fontspec-xe
tex.sty
Package: fontspec-xetex 2020/02/21 v2.7i Font selection for XeLaTeX and LuaLaTe
X
\l__fontspec_script_int=\count191
\l__fontspec_language_int=\count192
\l__fontspec_strnum_int=\count193
\l__fontspec_tmp_int=\count194
\l__fontspec_tmpa_int=\count195
\l__fontspec_tmpb_int=\count196
\l__fontspec_tmpc_int=\count197
\l__fontspec_em_int=\count198
\l__fontspec_emdef_int=\count199
\l__fontspec_strong_int=\count266
\l__fontspec_strongdef_int=\count267
\l__fontspec_tmpa_dim=\dimen164
\l__fontspec_tmpb_dim=\dimen165
\l__fontspec_tmpc_dim=\dimen166

(D:\kmol2021\data\miktex-portable\texmfs\install\tex/latex/base\fontenc.sty
Package: fontenc 2020/02/11 v2.0o Standard LaTeX package
)
(D:\kmol2021\data\miktex-portable\texmfs\install\tex/latex/fontspec\fontspec.cf
g)))
(D:\kmol2021\data\miktex-portable\texmfs\install\tex/xelatex/xecjk\xeCJK.cfg
File: xeCJK.cfg 2020/02/18 v3.8.2 Configuration file for xeCJK package
))

Package fontspec Info: Could not resolve font "標楷體/BI" (it probably doesn't
(fontspec)             exist).


Package fontspec Info: Could not resolve font "標楷體/B" (it probably doesn't
(fontspec)             exist).


Package fontspec Info: Could not resolve font "標楷體/I" (it probably doesn't
(fontspec)             exist).


Package fontspec Info: Font family '標楷體(0)' created for font '標楷體' with
(fontspec)             options [Script={CJK}].
(fontspec)              
(fontspec)              This font family consists of the following NFSS
(fontspec)             series/shapes:
(fontspec)              
(fontspec)             - 'normal' (m/n) with NFSS spec.:
(fontspec)             <->"標楷體/OT:script=hani;language=dflt;"
(fontspec)             - 'small caps'  (m/sc) with NFSS spec.: 


(D:\kmol2021\data\miktex-portable\texmfs\install\tex/latex/amsmath\amsmath.sty
Package: amsmath 2020/01/20 v2.17e AMS math features
\@mathmargin=\skip56

For additional information on amsmath, use the `?' option.
(D:\kmol2021\data\miktex-portable\texmfs\install\tex/latex/amsmath\amstext.sty
Package: amstext 2000/06/29 v2.01 AMS text

(D:\kmol2021\data\miktex-portable\texmfs\install\tex/latex/amsmath\amsgen.sty
File: amsgen.sty 1999/11/30 v2.0 generic functions
\@emptytoks=\toks15
\ex@=\dimen167
)) (D:\kmol2021\data\miktex-portable\texmfs\install\tex/latex/amsmath\amsbsy.st
y
Package: amsbsy 1999/11/29 v1.2d Bold Symbols
\pmbraise@=\dimen168
) (D:\kmol2021\data\miktex-portable\texmfs\install\tex/latex/amsmath\amsopn.sty
Package: amsopn 2016/03/08 v2.02 operator names
)
\inf@bad=\count268
LaTeX Info: Redefining \frac on input line 227.
\uproot@=\count269
\leftroot@=\count270
LaTeX Info: Redefining \overline on input line 389.
\classnum@=\count271
\DOTSCASE@=\count272
LaTeX Info: Redefining \ldots on input line 486.
LaTeX Info: Redefining \dots on input line 489.
LaTeX Info: Redefining \cdots on input line 610.
\Mathstrutbox@=\box47
\strutbox@=\box48
\big@size=\dimen169
LaTeX Font Info:    Redeclaring font encoding OML on input line 733.
LaTeX Font Info:    Redeclaring font encoding OMS on input line 734.
\macc@depth=\count273
\c@MaxMatrixCols=\count274
\dotsspace@=\muskip17
\c@parentequation=\count275
\dspbrk@lvl=\count276
\tag@help=\toks16
\row@=\count277
\column@=\count278
\maxfields@=\count279
\andhelp@=\toks17
\eqnshift@=\dimen170
\alignsep@=\dimen171
\tagshift@=\dimen172
\tagwidth@=\dimen173
\totwidth@=\dimen174
\lineht@=\dimen175
\@envbody=\toks18
\multlinegap=\skip57
\multlinetaggap=\skip58
\mathdisplay@stack=\toks19
LaTeX Info: Redefining \[ on input line 2859.
LaTeX Info: Redefining \] on input line 2860.
)
(D:\kmol2021\data\miktex-portable\texmfs\install\tex/latex/amsfonts\amssymb.sty
Package: amssymb 2013/01/14 v3.01 AMS font symbols

(D:\kmol2021\data\miktex-portable\texmfs\install\tex/latex/amsfonts\amsfonts.st
y
Package: amsfonts 2013/01/14 v3.01 Basic AMSFonts support
\symAMSa=\mathgroup4
\symAMSb=\mathgroup5
LaTeX Font Info:    Redeclaring math symbol \hbar on input line 98.
LaTeX Font Info:    Overwriting math alphabet `\mathfrak' in version `bold'
(Font)                  U/euf/m/n --> U/euf/b/n on input line 106.
))
(D:\kmol2021\data\miktex-portable\texmfs\install\tex/latex/graphics\graphicx.st
y
Package: graphicx 2019/11/30 v1.2a Enhanced LaTeX Graphics (DPC,SPQR)

(D:\kmol2021\data\miktex-portable\texmfs\install\tex/latex/graphics\keyval.sty
Package: keyval 2014/10/28 v1.15 key=value parser (DPC)
\KV@toks@=\toks20
)
(D:\kmol2021\data\miktex-portable\texmfs\install\tex/latex/graphics\graphics.st
y
Package: graphics 2019/11/30 v1.4a Standard LaTeX Graphics (DPC,SPQR)
 (D:\kmol2021\data\miktex-portable\texmfs\install\tex/latex/graphics\trig.sty
Package: trig 2016/01/03 v1.10 sin cos tan (DPC)
)
(D:\kmol2021\data\miktex-portable\texmfs\install\tex/latex/graphics-cfg\graphic
s.cfg
File: graphics.cfg 2016/06/04 v1.11 sample graphics configuration
)
Package graphics Info: Driver file: xetex.def on input line 105.

(D:\kmol2021\data\miktex-portable\texmfs\install\tex/latex/graphics-def\xetex.d
ef
File: xetex.def 2017/06/24 v5.0h Graphics/color driver for xetex
))
\Gin@req@height=\dimen176
\Gin@req@width=\dimen177
)
(D:\kmol2021\data\miktex-portable\texmfs\install\tex/latex/subfig\subfig.sty
Package: subfig 2005/06/28 ver: 1.3 subfig package

(D:\kmol2021\data\miktex-portable\texmfs\install\tex/latex/caption\caption.sty
Package: caption 2020/10/26 v3.5g Customizing captions (AR)

(D:\kmol2021\data\miktex-portable\texmfs\install\tex/latex/caption\caption3.sty
Package: caption3 2020/10/21 v2.2e caption3 kernel (AR)
\captionmargin=\dimen178
\captionmargin@=\dimen179
\captionwidth=\dimen180
\caption@tempdima=\dimen181
\caption@indent=\dimen182
\caption@parindent=\dimen183
\caption@hangindent=\dimen184
Package caption Info: Standard document class detected.
)
\c@caption@flags=\count280
\c@continuedfloat=\count281
)
\c@KVtest=\count282
\sf@farskip=\skip59
\sf@captopadj=\dimen185
\sf@capskip=\skip60
\sf@nearskip=\skip61
\c@subfigure=\count283
\c@subfigure@save=\count284
\c@lofdepth=\count285
\c@subtable=\count286
\c@subtable@save=\count287
\c@lotdepth=\count288
\sf@top=\skip62
\sf@bottom=\skip63
)
(D:\kmol2021\data\miktex-portable\texmfs\install\tex/latex/type1cm\type1cm.sty
Package: type1cm 2002/09/05 v0.04 BlueSky/Y&Y Type1 CM font definitions (DPC, p
atched RF)
) (D:\kmol2021\data\miktex-portable\texmfs\install\tex/latex/textpos\textpos.st
y
Package: textpos 2020/09/26 v1.10
Package: textpos 2020/09/26 1.10, absolute positioning of text on the page
Package textpos Info: choosing support for LaTeX2e on input line 61.
\TP@textbox=\box49
\TPHorizModule=\dimen186
\TPVertModule=\dimen187
\TP@margin=\dimen188
\TP@absmargin=\dimen189
Grid set 16 x 16 = 37.34424pt x 52.81541pt
\TPboxrulesize=\dimen190
\TP@tbargs=\toks21
)
(D:\kmol2021\data\miktex-portable\texmfs\install\tex/latex/geometry\geometry.st
y
Package: geometry 2020/01/02 v5.9 Page Geometry
 (D:\kmol2021\data\miktex-portable\texmfs\install\tex/generic/iftex\ifvtex.sty
Package: ifvtex 2019/10/25 v1.7 ifvtex legacy package. Use iftex instead.
(D:\kmol2021\data\miktex-portable\texmfs\install\tex/generic/iftex\iftex.sty
Package: iftex 2020/03/06 v1.0d TeX engine tests
))
\Gm@cnth=\count289
\Gm@cntv=\count290
\c@Gm@tempcnt=\count291
\Gm@bindingoffset=\dimen191
\Gm@wd@mp=\dimen192
\Gm@odd@mp=\dimen193
\Gm@even@mp=\dimen194
\Gm@layoutwidth=\dimen195
\Gm@layoutheight=\dimen196
\Gm@layouthoffset=\dimen197
\Gm@layoutvoffset=\dimen198
\Gm@dimlist=\toks22

(D:\kmol2021\data\miktex-portable\texmfs\install\tex/xelatex/xetexconfig\geomet
ry.cfg))
(D:\kmol2021\data\miktex-portable\texmfs\install\tex/latex/titlesec\titlesec.st
y
Package: titlesec 2019/10/16 v2.13 Sectioning titles
\ttl@box=\box50
\beforetitleunit=\skip64
\aftertitleunit=\skip65
\ttl@plus=\dimen199
\ttl@minus=\dimen256
\ttl@toksa=\toks23
\titlewidth=\dimen257
\titlewidthlast=\dimen258
\titlewidthfirst=\dimen259
)
(D:\kmol2021\data\miktex-portable\texmfs\install\tex/latex/titlesec\titletoc.st
y
Package: titletoc 2019/10/16 v2.13 TOC entries
\ttl@leftsep=\dimen260
) (D:\kmol2021\data\miktex-portable\texmfs\install\tex/latex/cjk\CJKnumb.sty
Package: CJKnumb 2015/04/18 4.8.4
\CJK@q=\count292
\CJK@r=\count293
)
(D:\kmol2021\data\miktex-portable\texmfs\install\tex/latex/wallpaper\wallpaper.
sty
Package: wallpaper 2005/01/18, v1.01 easy wallpaper formatting (MHFW)
 (D:\kmol2021\data\miktex-portable\texmfs\install\tex/latex/base\ifthen.sty
Package: ifthen 2014/09/29 v1.1c Standard LaTeX ifthen package (DPC)
) (D:\kmol2021\data\miktex-portable\texmfs\install\tex/latex/tools\calc.sty
Package: calc 2017/05/25 v4.3 Infix arithmetic (KKT,FJ)
\calc@Acount=\count294
\calc@Bcount=\count295
\calc@Adimen=\dimen261
\calc@Bdimen=\dimen262
\calc@Askip=\skip66
\calc@Bskip=\skip67
LaTeX Info: Redefining \setlength on input line 80.
LaTeX Info: Redefining \addtolength on input line 81.
\calc@Ccount=\count296
\calc@Cskip=\skip68
)
(D:\kmol2021\data\miktex-portable\texmfs\install\tex/latex/eso-pic\eso-pic.sty
Package: eso-pic 2018/04/12 v2.0h eso-pic (RN)

(D:\kmol2021\data\miktex-portable\texmfs\install\tex/generic/atbegshi\atbegshi.
sty
Package: atbegshi 2019/12/05 v1.19 At begin shipout hook (HO)

(D:\kmol2021\data\miktex-portable\texmfs\install\tex/generic/infwarerr\infwarer
r.sty
Package: infwarerr 2019/12/03 v1.5 Providing info/warning/error messages (HO)
)
(D:\kmol2021\data\miktex-portable\texmfs\install\tex/generic/ltxcmds\ltxcmds.st
y
Package: ltxcmds 2020-05-10 v1.25 LaTeX kernel commands for general use (HO)
))
(D:\kmol2021\data\miktex-portable\texmfs\install\tex/latex/xcolor\xcolor.sty
Package: xcolor 2016/05/11 v2.12 LaTeX color extensions (UK)

(D:\kmol2021\data\miktex-portable\texmfs\install\tex/latex/graphics-cfg\color.c
fg
File: color.cfg 2016/01/02 v1.6 sample color configuration
)
Package xcolor Info: Driver file: xetex.def on input line 225.
Package xcolor Info: Model `cmy' substituted by `cmy0' on input line 1348.
Package xcolor Info: Model `RGB' extended on input line 1364.
Package xcolor Info: Model `HTML' substituted by `rgb' on input line 1366.
Package xcolor Info: Model `Hsb' substituted by `hsb' on input line 1367.
Package xcolor Info: Model `tHsb' substituted by `hsb' on input line 1368.
Package xcolor Info: Model `HSB' substituted by `hsb' on input line 1369.
Package xcolor Info: Model `Gray' substituted by `gray' on input line 1370.
Package xcolor Info: Model `wave' substituted by `hsb' on input line 1371.
))
\wpXoffset=\skip69
\wpYoffset=\skip70
\tileXoffset=\skip71
\tileYoffset=\skip72
\tilewidth=\skip73
\tileheight=\skip74
\tileX=\skip75
\tileY=\skip76
)

LaTeX Warning: Unused global option(s):
    [14pt].

(LaTex模板.aux)
\openout1 = `LaTex模板.aux'.

LaTeX Font Info:    Checking defaults for OML/cmm/m/it on input line 27.
LaTeX Font Info:    ... okay on input line 27.
LaTeX Font Info:    Checking defaults for OMS/cmsy/m/n on input line 27.
LaTeX Font Info:    ... okay on input line 27.
LaTeX Font Info:    Checking defaults for OT1/cmr/m/n on input line 27.
LaTeX Font Info:    ... okay on input line 27.
LaTeX Font Info:    Checking defaults for T1/cmr/m/n on input line 27.
LaTeX Font Info:    ... okay on input line 27.
LaTeX Font Info:    Checking defaults for TS1/cmr/m/n on input line 27.
LaTeX Font Info:    Trying to load font information for TS1+cmr on input line 2
7.

(D:\kmol2021\data\miktex-portable\texmfs\install\tex/latex/base\ts1cmr.fd
File: ts1cmr.fd 2019/12/16 v2.5j Standard LaTeX font definitions
)
LaTeX Font Info:    ... okay on input line 27.
LaTeX Font Info:    Checking defaults for TU/lmr/m/n on input line 27.
LaTeX Font Info:    ... okay on input line 27.
LaTeX Font Info:    Checking defaults for OMX/cmex/m/n on input line 27.
LaTeX Font Info:    ... okay on input line 27.
LaTeX Font Info:    Checking defaults for U/cmr/m/n on input line 27.
LaTeX Font Info:    ... okay on input line 27.

Package fontspec Info: Adjusting the maths setup (use [no-math] to avoid
(fontspec)             this).

\symlegacymaths=\mathgroup6
LaTeX Font Info:    Overwriting symbol font `legacymaths' in version `bold'
(Font)                  OT1/cmr/m/n --> OT1/cmr/bx/n on input line 27.
LaTeX Font Info:    Redeclaring math accent \acute on input line 27.
LaTeX Font Info:    Redeclaring math accent \grave on input line 27.
LaTeX Font Info:    Redeclaring math accent \ddot on input line 27.
LaTeX Font Info:    Redeclaring math accent \tilde on input line 27.
LaTeX Font Info:    Redeclaring math accent \bar on input line 27.
LaTeX Font Info:    Redeclaring math accent \breve on input line 27.
LaTeX Font Info:    Redeclaring math accent \check on input line 27.
LaTeX Font Info:    Redeclaring math accent \hat on input line 27.
LaTeX Font Info:    Redeclaring math accent \dot on input line 27.
LaTeX Font Info:    Redeclaring math accent \mathring on input line 27.
LaTeX Font Info:    Redeclaring math symbol \Gamma on input line 27.
LaTeX Font Info:    Redeclaring math symbol \Delta on input line 27.
LaTeX Font Info:    Redeclaring math symbol \Theta on input line 27.
LaTeX Font Info:    Redeclaring math symbol \Lambda on input line 27.
LaTeX Font Info:    Redeclaring math symbol \Xi on input line 27.
LaTeX Font Info:    Redeclaring math symbol \Pi on input line 27.
LaTeX Font Info:    Redeclaring math symbol \Sigma on input line 27.
LaTeX Font Info:    Redeclaring math symbol \Upsilon on input line 27.
LaTeX Font Info:    Redeclaring math symbol \Phi on input line 27.
LaTeX Font Info:    Redeclaring math symbol \Psi on input line 27.
LaTeX Font Info:    Redeclaring math symbol \Omega on input line 27.
LaTeX Font Info:    Redeclaring math symbol \mathdollar on input line 27.
LaTeX Font Info:    Redeclaring symbol font `operators' on input line 27.
LaTeX Font Info:    Encoding `OT1' has changed to `TU' for symbol font
(Font)              `operators' in the math version `normal' on input line 27.
LaTeX Font Info:    Overwriting symbol font `operators' in version `normal'
(Font)                  OT1/cmr/m/n --> TU/lmr/m/n on input line 27.
LaTeX Font Info:    Encoding `OT1' has changed to `TU' for symbol font
(Font)              `operators' in the math version `bold' on input line 27.
LaTeX Font Info:    Overwriting symbol font `operators' in version `bold'
(Font)                  OT1/cmr/bx/n --> TU/lmr/m/n on input line 27.
LaTeX Font Info:    Overwriting symbol font `operators' in version `normal'
(Font)                  TU/lmr/m/n --> TU/lmr/m/n on input line 27.
LaTeX Font Info:    Overwriting math alphabet `\mathit' in version `normal'
(Font)                  OT1/cmr/m/it --> TU/lmr/m/it on input line 27.
LaTeX Font Info:    Overwriting math alphabet `\mathbf' in version `normal'
(Font)                  OT1/cmr/bx/n --> TU/lmr/b/n on input line 27.
LaTeX Font Info:    Overwriting math alphabet `\mathsf' in version `normal'
(Font)                  OT1/cmss/m/n --> TU/lmss/m/n on input line 27.
LaTeX Font Info:    Overwriting math alphabet `\mathtt' in version `normal'
(Font)                  OT1/cmtt/m/n --> TU/lmtt/m/n on input line 27.
LaTeX Font Info:    Overwriting symbol font `operators' in version `bold'
(Font)                  TU/lmr/m/n --> TU/lmr/b/n on input line 27.
LaTeX Font Info:    Overwriting math alphabet `\mathit' in version `bold'
(Font)                  OT1/cmr/bx/it --> TU/lmr/b/it on input line 27.
LaTeX Font Info:    Overwriting math alphabet `\mathsf' in version `bold'
(Font)                  OT1/cmss/bx/n --> TU/lmss/b/n on input line 27.
LaTeX Font Info:    Overwriting math alphabet `\mathtt' in version `bold'
(Font)                  OT1/cmtt/m/n --> TU/lmtt/b/n on input line 27.
Package caption Info: Begin \AtBeginDocument code.
Package caption Info: subfig package v1.3 is loaded.
Package caption Info: End \AtBeginDocument code.

*geometry* detected driver: pdftex
*geometry* verbose mode - [ preamble ] result:
* driver: pdftex
* paper: a4paper
* layout: <same size as paper>
* layoutoffset:(h,v)=(0.0pt,0.0pt)
* modes: 
* h-part:(L,W,R)=(85.35826pt, 441.01773pt, 71.13188pt)
* v-part:(T,H,B)=(71.13188pt, 702.78308pt, 71.13188pt)
* \paperwidth=597.50787pt
* \paperheight=845.04684pt
* \textwidth=441.01773pt
* \textheight=702.78308pt
* \oddsidemargin=13.08827pt
* \evensidemargin=13.08827pt
* \topmargin=-38.1381pt
* \headheight=12.0pt
* \headsep=25.0pt
* \topskip=10.0pt
* \footskip=30.0pt
* \marginparwidth=57.0pt
* \marginparsep=11.0pt
* \columnsep=10.0pt
* \skip\footins=9.0pt plus 4.0pt minus 2.0pt
* \hoffset=0.0pt
* \voffset=0.0pt
* \mag=1000
* \@twocolumnfalse
* \@twosidefalse
* \@mparswitchfalse
* \@reversemarginfalse
* (1in=72.27pt=25.4mm, 1cm=28.453pt)

\AtBeginShipoutBox=\box51

Underfull \hbox (badness 10000) detected at line 31
\TU/標楷體(0)/m/n/24 國 立 虎 尾 科 技 大 學
 []


Underfull \hbox (badness 10000) detected at line 33
\TU/標楷體(0)/m/n/24 機 械 設 計 工 程 系
 []


Underfull \hbox (badness 10000) detected at line 35
\TU/標楷體(0)/m/n/24 專 題 製 作 報 告
 []


LaTeX Font Warning: Font shape `TU/標楷體(0)/b/n' undefined
(Font)              using `TU/標楷體(0)/m/n' instead on input line 39.


Overfull \hbox (116.6662pt too wide) detected at line 53
\TU/標楷體(0)/m/n/17.28 指 導 教 授：|  嚴 家 銘 老 師
 []


Overfull \hbox (82.1062pt too wide) detected at line 55
\TU/標楷體(0)/m/n/17.28 班 級：|  四 設 三 甲
 []


Overfull \hbox (140.5126pt too wide) detected at line 57
\TU/標楷體(0)/m/n/17.28 學 生：|  李 正 揚 \TU/lmr/m/n/17.28 (40723110)
 []


Overfull \hbox (140.95517pt too wide) detected at line 60
 \TU/標楷體(0)/m/n/17.28 林 于 哲 \TU/lmr/m/n/17.28 (40723115)
 []


Overfull \hbox (140.95517pt too wide) detected at line 62
 \TU/標楷體(0)/m/n/17.28 黃 奕 慶 \TU/lmr/m/n/17.28 (40723138)
 []


Overfull \hbox (140.95517pt too wide) detected at line 64
 \TU/標楷體(0)/m/n/17.28 鄭 博 鴻 \TU/lmr/m/n/17.28 (40723148)
 []


Overfull \hbox (140.95517pt too wide) detected at line 66
 \TU/標楷體(0)/m/n/17.28 簡 國 龍 \TU/lmr/m/n/17.28 (40723150)
 []

[1

] [1

] [2]
Underfull \hbox (badness 10000) in paragraph at lines 100--100
||
 []

(LaTex模板.toc)
\tf@toc=\write3
\openout3 = `LaTex模板.toc'.

 [3

]
Underfull \hbox (badness 10000) in paragraph at lines 104--104
||
 []

(LaTex模板.lof)
\tf@lof=\write4
\openout4 = `LaTex模板.lof'.

 [4

]
Chapter 1.
File: cat.jpg Graphic file (type bmp)
<cat.jpg>
[1

] [2] [3] [4] (LaTex模板.aux)

LaTeX Font Warning: Some font shapes were not available, defaults substituted.

 ) 
Here is how much of TeX's memory you used:
 9607 strings out of 414221
 215529 string characters out of 2901377
 527414 words of memory out of 3000000
 27012 multiletter control sequences out of 15000+200000
 536013 words of font info for 60 fonts, out of 3000000 for 9000
 1348 hyphenation exceptions out of 8191
 48i,6n,60p,341b,326s stack positions out of 5000i,500n,10000p,200000b,50000s

Output written on LaTex模板.pdf (9 pages).
