This is XeTeX, Version 3.14159265-2.6-0.999992 (MiKTeX 20.12) (preloaded format=xelatex 2021.4.30)  14 JUN 2021 14:34
entering extended mode
**./4072pj1.tex
(4072pj1.tex
LaTeX2e <2020-10-01> patch level 2
L3 programming layer <2020-12-07> xparse <2020-03-03>
(C:\Users\JOKER\AppData\Local\Programs\MiKTeX\tex/latex/base\report.cls
Document Class: report 2020/04/10 v1.4m Standard LaTeX document class
(C:\Users\JOKER\AppData\Local\Programs\MiKTeX\tex/latex/base\size10.clo
File: size10.clo 2020/04/10 v1.4m Standard LaTeX file (size option)
)
\c@part=\count173
\c@chapter=\count174
\c@section=\count175
\c@subsection=\count176
\c@subsubsection=\count177
\c@paragraph=\count178
\c@subparagraph=\count179
\c@figure=\count180
\c@table=\count181
\abovecaptionskip=\skip47
\belowcaptionskip=\skip48
\bibindent=\dimen138
)
(C:\Users\JOKER\AppData\Local\Programs\MiKTeX\tex/xelatex/xecjk\xeCJK.sty
(C:\Users\JOKER\AppData\Local\Programs\MiKTeX\tex/latex/l3kernel\expl3.sty
Package: expl3 2020-12-07 L3 programming layer (loader) 

(C:\Users\JOKER\AppData\Local\Programs\MiKTeX\tex/latex/l3backend\l3backend-xet
ex.def
File: l3backend-xetex.def 2020-09-24 L3 backend support: XeTeX
\g__graphics_track_int=\count182
\l__pdf_internal_box=\box47
\g__pdf_backend_object_int=\count183
\g__pdf_backend_annotation_int=\count184
))
Package: xeCJK 2020/10/19 v3.8.6 Typesetting CJK scripts with XeLaTeX

(C:\Users\JOKER\AppData\Local\Programs\MiKTeX\tex/latex/l3packages/l3keys2e\l3k
eys2e.sty
Package: l3keys2e 2020-10-27 LaTeX2e option processing using LaTeX3 keys
)
(C:\Users\JOKER\AppData\Local\Programs\MiKTeX\tex/latex/l3packages/xtemplate\xt
emplate.sty
Package: xtemplate 2020-10-27 L3 Experimental prototype document functions
\l__xtemplate_tmp_dim=\dimen139
\l__xtemplate_tmp_int=\count185
\l__xtemplate_tmp_muskip=\muskip16
\l__xtemplate_tmp_skip=\skip49
)
(C:\Users\JOKER\AppData\Local\Programs\MiKTeX\tex/latex/l3packages/xparse\xpars
e.sty
Package: xparse 2020-10-27 L3 Experimental document command parser

(C:\Users\JOKER\AppData\Local\Programs\MiKTeX\tex/latex/l3packages/xparse\xpars
e-generic.tex))
\l__xeCJK_tmp_int=\count186
\l__xeCJK_tmp_box=\box48
\l__xeCJK_tmp_dim=\dimen140
\l__xeCJK_tmp_skip=\skip50

(C:\Users\JOKER\AppData\Local\Programs\MiKTeX\tex/latex/ctex\ctexhook.sty
Package: ctexhook 2021/03/14 v2.5.6 Document and package hooks (CTEX)
)
\g__xeCJK_space_factor_int=\count187
\l__xeCJK_begin_int=\count188
\l__xeCJK_end_int=\count189
\c__xeCJK_CJK_class_int=\XeTeXcharclass1
\c__xeCJK_FullLeft_class_int=\XeTeXcharclass2
\c__xeCJK_FullRight_class_int=\XeTeXcharclass3
\c__xeCJK_HalfLeft_class_int=\XeTeXcharclass4
\c__xeCJK_HalfRight_class_int=\XeTeXcharclass5
\c__xeCJK_NormalSpace_class_int=\XeTeXcharclass6
\c__xeCJK_CM_class_int=\XeTeXcharclass7
\c__xeCJK_HangulJamo_class_int=\XeTeXcharclass8
\l__xeCJK_last_skip=\skip51
\g__xeCJK_node_int=\count190
\c__xeCJK_CJK_node_dim=\dimen141
\c__xeCJK_CJK-space_node_dim=\dimen142
\c__xeCJK_default_node_dim=\dimen143
\c__xeCJK_default-space_node_dim=\dimen144
\c__xeCJK_CJK-widow_node_dim=\dimen145
\c__xeCJK_normalspace_node_dim=\dimen146
\l__xeCJK_ccglue_skip=\skip52
\l__xeCJK_ecglue_skip=\skip53
\l__xeCJK_punct_kern_skip=\skip54
\l__xeCJK_last_penalty_int=\count191
\l__xeCJK_last_bound_dim=\dimen147
\l__xeCJK_last_kern_dim=\dimen148
\l__xeCJK_widow_penalty_int=\count192

Package xtemplate Info: Declaring object type 'xeCJK/punctuation' taking 0
(xtemplate)             argument(s) on line 2341.

\l__xeCJK_fixed_punct_width_dim=\dimen149
\l__xeCJK_mixed_punct_width_dim=\dimen150
\l__xeCJK_middle_punct_width_dim=\dimen151
\l__xeCJK_fixed_margin_width_dim=\dimen152
\l__xeCJK_mixed_margin_width_dim=\dimen153
\l__xeCJK_middle_margin_width_dim=\dimen154
\l__xeCJK_bound_punct_width_dim=\dimen155
\l__xeCJK_bound_margin_width_dim=\dimen156
\l__xeCJK_margin_minimum_dim=\dimen157
\l__xeCJK_kerning_total_width_dim=\dimen158
\l__xeCJK_same_align_margin_dim=\dimen159
\l__xeCJK_different_align_margin_dim=\dimen160
\l__xeCJK_kerning_margin_width_dim=\dimen161
\l__xeCJK_kerning_margin_minimum_dim=\dimen162
\l__xeCJK_bound_dim=\dimen163
\l__xeCJK_reverse_bound_dim=\dimen164
\l__xeCJK_margin_dim=\dimen165
\l__xeCJK_minimum_bound_dim=\dimen166
\l__xeCJK_kerning_margin_dim=\dimen167
\g__xeCJK_family_int=\count193
\l__xeCJK_fam_int=\count194
\g__xeCJK_fam_allocation_int=\count195
\l__xeCJK_verb_case_int=\count196
\l__xeCJK_verb_exspace_skip=\skip55

(C:\Users\JOKER\AppData\Local\Programs\MiKTeX\tex/latex/fontspec\fontspec.sty
Package: fontspec 2020/02/21 v2.7i Font selection for XeLaTeX and LuaLaTeX

(C:\Users\JOKER\AppData\Local\Programs\MiKTeX\tex/latex/fontspec\fontspec-xetex
.sty
Package: fontspec-xetex 2020/02/21 v2.7i Font selection for XeLaTeX and LuaLaTe
X
\l__fontspec_script_int=\count197
\l__fontspec_language_int=\count198
\l__fontspec_strnum_int=\count199
\l__fontspec_tmp_int=\count266
\l__fontspec_tmpa_int=\count267
\l__fontspec_tmpb_int=\count268
\l__fontspec_tmpc_int=\count269
\l__fontspec_em_int=\count270
\l__fontspec_emdef_int=\count271
\l__fontspec_strong_int=\count272
\l__fontspec_strongdef_int=\count273
\l__fontspec_tmpa_dim=\dimen168
\l__fontspec_tmpb_dim=\dimen169
\l__fontspec_tmpc_dim=\dimen170
 (C:\Users\JOKER\AppData\Local\Programs\MiKTeX\tex/latex/base\fontenc.sty
Package: fontenc 2020/08/10 v2.0s Standard LaTeX package
)
(C:\Users\JOKER\AppData\Local\Programs\MiKTeX\tex/latex/fontspec\fontspec.cfg))
) (C:\Users\JOKER\AppData\Local\Programs\MiKTeX\tex/xelatex/xecjk\xeCJK.cfg
File: xeCJK.cfg 2020/10/19 v3.8.6 Configuration file for xeCJK package
))

Package fontspec Info: Could not resolve font "標楷體/BI" (it probably doesn't
(fontspec)             exist).


Package fontspec Info: Could not resolve font "標楷體/B" (it probably doesn't
(fontspec)             exist).


Package fontspec Info: Could not resolve font "標楷體/I" (it probably doesn't
(fontspec)             exist).


Package fontspec Info: Font family '標楷體(0)' created for font '標楷體' with
(fontspec)             options [Script={CJK}].
(fontspec)              
(fontspec)              This font family consists of the following NFSS
(fontspec)             series/shapes:
(fontspec)              
(fontspec)             - 'normal' (m/n) with NFSS spec.:
(fontspec)             <->"標楷體/OT:script=hani;language=dflt;"
(fontspec)             - 'small caps'  (m/sc) with NFSS spec.: 


Package fontspec Info: Font family 'TimesNewRoman(0)' created for font 'Times
(fontspec)             New Roman' with options [].
(fontspec)              
(fontspec)              This font family consists of the following NFSS
(fontspec)             series/shapes:
(fontspec)              
(fontspec)             - 'normal' (m/n) with NFSS spec.: <->"Times New
(fontspec)             Roman/OT:script=latn;language=dflt;"
(fontspec)             - 'small caps'  (m/sc) with NFSS spec.: <->"Times New
(fontspec)             Roman/OT:script=latn;language=dflt;+smcp;"
(fontspec)             - 'bold' (b/n) with NFSS spec.: <->"Times New
(fontspec)             Roman/B/OT:script=latn;language=dflt;"
(fontspec)             - 'bold small caps'  (b/sc) with NFSS spec.: <->"Times
(fontspec)             New Roman/B/OT:script=latn;language=dflt;+smcp;"
(fontspec)             - 'italic' (m/it) with NFSS spec.: <->"Times New
(fontspec)             Roman/I/OT:script=latn;language=dflt;"
(fontspec)             - 'italic small caps'  (m/scit) with NFSS spec.:
(fontspec)             <->"Times New
(fontspec)             Roman/I/OT:script=latn;language=dflt;+smcp;"
(fontspec)             - 'bold italic' (b/it) with NFSS spec.: <->"Times New
(fontspec)             Roman/BI/OT:script=latn;language=dflt;"
(fontspec)             - 'bold italic small caps'  (b/scit) with NFSS spec.:
(fontspec)             <->"Times New
(fontspec)             Roman/BI/OT:script=latn;language=dflt;+smcp;"


(C:\Users\JOKER\AppData\Local\Programs\MiKTeX\tex/latex/tools\enumerate.sty
Package: enumerate 2015/07/23 v3.00 enumerate extensions (DPC)
\@enLab=\toks15
)
(C:\Users\JOKER\AppData\Local\Programs\MiKTeX\tex/latex/amsmath\amsmath.sty
Package: amsmath 2020/09/23 v2.17i AMS math features
\@mathmargin=\skip56

For additional information on amsmath, use the `?' option.
(C:\Users\JOKER\AppData\Local\Programs\MiKTeX\tex/latex/amsmath\amstext.sty
Package: amstext 2000/06/29 v2.01 AMS text

(C:\Users\JOKER\AppData\Local\Programs\MiKTeX\tex/latex/amsmath\amsgen.sty
File: amsgen.sty 1999/11/30 v2.0 generic functions
\@emptytoks=\toks16
\ex@=\dimen171
))
(C:\Users\JOKER\AppData\Local\Programs\MiKTeX\tex/latex/amsmath\amsbsy.sty
Package: amsbsy 1999/11/29 v1.2d Bold Symbols
\pmbraise@=\dimen172
)
(C:\Users\JOKER\AppData\Local\Programs\MiKTeX\tex/latex/amsmath\amsopn.sty
Package: amsopn 2016/03/08 v2.02 operator names
)
\inf@bad=\count274
LaTeX Info: Redefining \frac on input line 234.
\uproot@=\count275
\leftroot@=\count276
LaTeX Info: Redefining \overline on input line 399.
\classnum@=\count277
\DOTSCASE@=\count278
LaTeX Info: Redefining \ldots on input line 496.
LaTeX Info: Redefining \dots on input line 499.
LaTeX Info: Redefining \cdots on input line 620.
\Mathstrutbox@=\box49
\strutbox@=\box50
\big@size=\dimen173
LaTeX Font Info:    Redeclaring font encoding OML on input line 743.
LaTeX Font Info:    Redeclaring font encoding OMS on input line 744.
\macc@depth=\count279
\c@MaxMatrixCols=\count280
\dotsspace@=\muskip17
\c@parentequation=\count281
\dspbrk@lvl=\count282
\tag@help=\toks17
\row@=\count283
\column@=\count284
\maxfields@=\count285
\andhelp@=\toks18
\eqnshift@=\dimen174
\alignsep@=\dimen175
\tagshift@=\dimen176
\tagwidth@=\dimen177
\totwidth@=\dimen178
\lineht@=\dimen179
\@envbody=\toks19
\multlinegap=\skip57
\multlinetaggap=\skip58
\mathdisplay@stack=\toks20
LaTeX Info: Redefining \[ on input line 2923.
LaTeX Info: Redefining \] on input line 2924.
)
(C:\Users\JOKER\AppData\Local\Programs\MiKTeX\tex/latex/amsfonts\amssymb.sty
Package: amssymb 2013/01/14 v3.01 AMS font symbols

(C:\Users\JOKER\AppData\Local\Programs\MiKTeX\tex/latex/amsfonts\amsfonts.sty
Package: amsfonts 2013/01/14 v3.01 Basic AMSFonts support
\symAMSa=\mathgroup4
\symAMSb=\mathgroup5
LaTeX Font Info:    Redeclaring math symbol \hbar on input line 98.
LaTeX Font Info:    Overwriting math alphabet `\mathfrak' in version `bold'
(Font)                  U/euf/m/n --> U/euf/b/n on input line 106.
)) (C:\Users\JOKER\AppData\Local\Programs\MiKTeX\tex/latex/graphics\graphicx.st
y
Package: graphicx 2020/09/09 v1.2b Enhanced LaTeX Graphics (DPC,SPQR)

(C:\Users\JOKER\AppData\Local\Programs\MiKTeX\tex/latex/graphics\keyval.sty
Package: keyval 2014/10/28 v1.15 key=value parser (DPC)
\KV@toks@=\toks21
)
(C:\Users\JOKER\AppData\Local\Programs\MiKTeX\tex/latex/graphics\graphics.sty
Package: graphics 2020/08/30 v1.4c Standard LaTeX Graphics (DPC,SPQR)

(C:\Users\JOKER\AppData\Local\Programs\MiKTeX\tex/latex/graphics\trig.sty
Package: trig 2016/01/03 v1.10 sin cos tan (DPC)
)
(C:\Users\JOKER\AppData\Local\Programs\MiKTeX\tex/latex/graphics-cfg\graphics.c
fg
File: graphics.cfg 2016/06/04 v1.11 sample graphics configuration
)
Package graphics Info: Driver file: xetex.def on input line 105.

(C:\Users\JOKER\AppData\Local\Programs\MiKTeX\tex/latex/graphics-def\xetex.def
File: xetex.def 2020/08/26 v5.0i Graphics/color driver for xetex
))
\Gin@req@height=\dimen180
\Gin@req@width=\dimen181
)
(C:\Users\JOKER\AppData\Local\Programs\MiKTeX\tex/latex/subfigure\subfigure.sty
Package: subfigure 2002/07/30 v2.1.4 subfigure package
\subfigtopskip=\skip59
\subfigcapskip=\skip60
\subfigcaptopadj=\dimen182
\subfigbottomskip=\skip61
\subfigcapmargin=\dimen183
\subfiglabelskip=\skip62
\c@subfigure=\count286
\c@lofdepth=\count287
\c@subtable=\count288
\c@lotdepth=\count289
****************************************
* Local config file subfigure.cfg used *
****************************************

(C:\Users\JOKER\AppData\Local\Programs\MiKTeX\tex/latex/subfigure\subfigure.cfg
)
\subfig@top=\skip63
\subfig@bottom=\skip64
)
(C:\Users\JOKER\AppData\Local\Programs\MiKTeX\tex/latex/fontawesome5\fontawesom
e5.sty
Package: fontawesome5 2020/03/24 v5.13.0 Font Awesome 5

(C:\Users\JOKER\AppData\Local\Programs\MiKTeX\tex/latex/fontawesome5\fontawesom
e5-utex-helper.sty
Package: fontawesome5-utex-helper 2020/03/24 v5.13.0 uTeX helper for fontawesom
e5
LaTeX Font Info:    Trying to load font information for TU+fontawesomefree on i
nput line 69.

(C:\Users\JOKER\AppData\Local\Programs\MiKTeX\tex/latex/fontawesome5\tufontawes
omefree.fd)
LaTeX Font Info:    Trying to load font information for TU+fontawesomebrands on
 input line 70.

(C:\Users\JOKER\AppData\Local\Programs\MiKTeX\tex/latex/fontawesome5\tufontawes
omebrands.fd)))
(C:\Users\JOKER\AppData\Local\Programs\MiKTeX\tex/latex/type1cm\type1cm.sty
Package: type1cm 2002/09/05 v0.04 BlueSky/Y&Y Type1 CM font definitions (DPC, p
atched RF)
)
(C:\Users\JOKER\AppData\Local\Programs\MiKTeX\tex/latex/textpos\textpos.sty
Package: textpos 2020/09/26 v1.10

Package: textpos 2020/09/26 1.10, absolute positioning of text on the page
Package textpos Info: choosing support for LaTeX3 on input line 61.
\TP@textbox=\box51
\TPHorizModule=\dimen184
\TPVertModule=\dimen185
\TP@margin=\dimen186
\TP@absmargin=\dimen187
Grid set 16 x 16 = 37.34424pt x 52.81541pt
\TPboxrulesize=\dimen188
\TP@tbargs=\toks22
) (C:\Users\JOKER\AppData\Local\Programs\MiKTeX\tex/latex/geometry\geometry.sty
Package: geometry 2020/01/02 v5.9 Page Geometry
(C:\Users\JOKER\AppData\Local\Programs\MiKTeX\tex/generic/iftex\ifvtex.sty
Package: ifvtex 2019/10/25 v1.7 ifvtex legacy package. Use iftex instead.

(C:\Users\JOKER\AppData\Local\Programs\MiKTeX\tex/generic/iftex\iftex.sty
Package: iftex 2020/03/06 v1.0d TeX engine tests
))
\Gm@cnth=\count290
\Gm@cntv=\count291
\c@Gm@tempcnt=\count292
\Gm@bindingoffset=\dimen189
\Gm@wd@mp=\dimen190
\Gm@odd@mp=\dimen191
\Gm@even@mp=\dimen192
\Gm@layoutwidth=\dimen193
\Gm@layoutheight=\dimen194
\Gm@layouthoffset=\dimen195
\Gm@layoutvoffset=\dimen196
\Gm@dimlist=\toks23

(C:\Users\JOKER\AppData\Local\Programs\MiKTeX\tex/xelatex/xetexconfig\geometry.
cfg))
(C:\Users\JOKER\AppData\Local\Programs\MiKTeX\tex/latex/titlesec\titlesec.sty
Package: titlesec 2019/10/16 v2.13 Sectioning titles
\ttl@box=\box52
\beforetitleunit=\skip65
\aftertitleunit=\skip66
\ttl@plus=\dimen197
\ttl@minus=\dimen198
\ttl@toksa=\toks24
\titlewidth=\dimen199
\titlewidthlast=\dimen256
\titlewidthfirst=\dimen257
)
(C:\Users\JOKER\AppData\Local\Programs\MiKTeX\tex/latex/titlesec\titletoc.sty
Package: titletoc 2019/10/16 v2.13 TOC entries
\ttl@leftsep=\dimen258
)
(C:\Users\JOKER\AppData\Local\Programs\MiKTeX\tex/latex/base\textcomp.sty
Package: textcomp 2020/02/02 v2.0n Standard LaTeX package
)
(C:\Users\JOKER\AppData\Local\Programs\MiKTeX\tex/latex/multirow\multirow.sty
Package: multirow 2021/03/15 v2.8 Span multiple rows of a table
\multirow@colwidth=\skip67
\multirow@cntb=\count293
\multirow@dima=\skip68
\bigstrutjot=\dimen259
)
(C:\Users\JOKER\AppData\Local\Programs\MiKTeX\tex/latex/cjk\CJKnumb.sty
Package: CJKnumb 2015/04/18 4.8.4
\CJK@q=\count294
\CJK@r=\count295
)
(C:\Users\JOKER\AppData\Local\Programs\MiKTeX\tex/latex/wallpaper\wallpaper.sty
Package: wallpaper 2005/01/18, v1.01 easy wallpaper formatting (MHFW)
(C:\Users\JOKER\AppData\Local\Programs\MiKTeX\tex/latex/base\ifthen.sty
Package: ifthen 2014/09/29 v1.1c Standard LaTeX ifthen package (DPC)
)
(C:\Users\JOKER\AppData\Local\Programs\MiKTeX\tex/latex/tools\calc.sty
Package: calc 2017/05/25 v4.3 Infix arithmetic (KKT,FJ)
\calc@Acount=\count296
\calc@Bcount=\count297
\calc@Adimen=\dimen260
\calc@Bdimen=\dimen261
\calc@Askip=\skip69
\calc@Bskip=\skip70
LaTeX Info: Redefining \setlength on input line 80.
LaTeX Info: Redefining \addtolength on input line 81.
\calc@Ccount=\count298
\calc@Cskip=\skip71
)
(C:\Users\JOKER\AppData\Local\Programs\MiKTeX\tex/latex/eso-pic\eso-pic.sty
Package: eso-pic 2020/10/14 v3.0a eso-pic (RN)
\ESO@tempdima=\dimen262
\ESO@tempdimb=\dimen263

(C:\Users\JOKER\AppData\Local\Programs\MiKTeX\tex/latex/xcolor\xcolor.sty
Package: xcolor 2016/05/11 v2.12 LaTeX color extensions (UK)

(C:\Users\JOKER\AppData\Local\Programs\MiKTeX\tex/latex/graphics-cfg\color.cfg
File: color.cfg 2016/01/02 v1.6 sample color configuration
)
Package xcolor Info: Driver file: xetex.def on input line 225.
Package xcolor Info: Model `cmy' substituted by `cmy0' on input line 1348.
Package xcolor Info: Model `RGB' extended on input line 1364.
Package xcolor Info: Model `HTML' substituted by `rgb' on input line 1366.
Package xcolor Info: Model `Hsb' substituted by `hsb' on input line 1367.
Package xcolor Info: Model `tHsb' substituted by `hsb' on input line 1368.
Package xcolor Info: Model `HSB' substituted by `hsb' on input line 1369.
Package xcolor Info: Model `Gray' substituted by `gray' on input line 1370.
Package xcolor Info: Model `wave' substituted by `hsb' on input line 1371.
))
\wpXoffset=\skip72
\wpYoffset=\skip73
\tileXoffset=\skip74
\tileYoffset=\skip75
\tilewidth=\skip76
\tileheight=\skip77
\tileX=\skip78
\tileY=\skip79
)
(C:\Users\JOKER\AppData\Local\Programs\MiKTeX\tex/latex/listings\listings.sty
\lst@mode=\count299
\lst@gtempboxa=\box53
\lst@token=\toks25
\lst@length=\count300
\lst@currlwidth=\dimen264
\lst@column=\count301
\lst@pos=\count302
\lst@lostspace=\dimen265
\lst@width=\dimen266
\lst@newlines=\count303
\lst@lineno=\count304
\lst@maxwidth=\dimen267

(C:\Users\JOKER\AppData\Local\Programs\MiKTeX\tex/latex/listings\lstmisc.sty
File: lstmisc.sty 2020/03/24 1.8d (Carsten Heinz)
\c@lstnumber=\count305
\lst@skipnumbers=\count306
\lst@framebox=\box54
)
(C:\Users\JOKER\AppData\Local\Programs\MiKTeX\tex/latex/listings\listings.cfg
File: listings.cfg 2020/03/24 1.8d listings configuration
))
Package: listings 2020/03/24 1.8d (Carsten Heinz)

(C:\Users\JOKER\AppData\Local\Programs\MiKTeX\tex/xelatex/xecjk\xeCJK-listings.
sty
Package: xeCJK-listings 2020/10/19 v3.8.6 xeCJK patch file for listings
\l__xeCJK_listings_max_char_int=\count307
\l__xeCJK_listings_flag_int=\count308
)
(C:\Users\JOKER\AppData\Local\Programs\MiKTeX\tex/latex/hyperref\hyperref.sty
Package: hyperref 2020-05-15 v7.00e Hypertext links for LaTeX

(C:\Users\JOKER\AppData\Local\Programs\MiKTeX\tex/generic/ltxcmds\ltxcmds.sty
Package: ltxcmds 2020-05-10 v1.25 LaTeX kernel commands for general use (HO)
)
(C:\Users\JOKER\AppData\Local\Programs\MiKTeX\tex/generic/pdftexcmds\pdftexcmds
.sty
Package: pdftexcmds 2020-06-27 v0.33 Utility functions of pdfTeX for LuaTeX (HO
)

(C:\Users\JOKER\AppData\Local\Programs\MiKTeX\tex/generic/infwarerr\infwarerr.s
ty
Package: infwarerr 2019/12/03 v1.5 Providing info/warning/error messages (HO)
)
Package pdftexcmds Info: \pdf@primitive is available.
Package pdftexcmds Info: \pdf@ifprimitive is available.
Package pdftexcmds Info: \pdfdraftmode not found.
)
(C:\Users\JOKER\AppData\Local\Programs\MiKTeX\tex/generic/kvsetkeys\kvsetkeys.s
ty
Package: kvsetkeys 2019/12/15 v1.18 Key value parser (HO)
)
(C:\Users\JOKER\AppData\Local\Programs\MiKTeX\tex/generic/kvdefinekeys\kvdefine
keys.sty
Package: kvdefinekeys 2019-12-19 v1.6 Define keys (HO)
)
(C:\Users\JOKER\AppData\Local\Programs\MiKTeX\tex/generic/pdfescape\pdfescape.s
ty
Package: pdfescape 2019/12/09 v1.15 Implements pdfTeX's escape features (HO)
) (C:\Users\JOKER\AppData\Local\Programs\MiKTeX\tex/latex/hycolor\hycolor.sty
Package: hycolor 2020-01-27 v1.10 Color options for hyperref/bookmark (HO)
)
(C:\Users\JOKER\AppData\Local\Programs\MiKTeX\tex/latex/letltxmacro\letltxmacro
.sty
Package: letltxmacro 2019/12/03 v1.6 Let assignment for LaTeX macros (HO)
)
(C:\Users\JOKER\AppData\Local\Programs\MiKTeX\tex/latex/auxhook\auxhook.sty
Package: auxhook 2019-12-17 v1.6 Hooks for auxiliary files (HO)
)
(C:\Users\JOKER\AppData\Local\Programs\MiKTeX\tex/latex/kvoptions\kvoptions.sty
Package: kvoptions 2020-10-07 v3.14 Key value format for package options (HO)
)
\@linkdim=\dimen268
\Hy@linkcounter=\count309
\Hy@pagecounter=\count310
 (C:\Users\JOKER\AppData\Local\Programs\MiKTeX\tex/latex/hyperref\pd1enc.def
File: pd1enc.def 2020-05-15 v7.00e Hyperref: PDFDocEncoding definition (HO)
)
(C:\Users\JOKER\AppData\Local\Programs\MiKTeX\tex/generic/intcalc\intcalc.sty
Package: intcalc 2019/12/15 v1.3 Expandable calculations with integers (HO)
)
(C:\Users\JOKER\AppData\Local\Programs\MiKTeX\tex/generic/etexcmds\etexcmds.sty
Package: etexcmds 2019/12/15 v1.7 Avoid name clashes with e-TeX commands (HO)
)
\Hy@SavedSpaceFactor=\count311
Package hyperref Info: Hyper figures OFF on input line 4464.
Package hyperref Info: Link nesting OFF on input line 4469.
Package hyperref Info: Hyper index ON on input line 4472.
Package hyperref Info: Plain pages OFF on input line 4479.
Package hyperref Info: Backreferencing OFF on input line 4484.
Package hyperref Info: Implicit mode ON; LaTeX internals redefined.
Package hyperref Info: Bookmarks ON on input line 4717.
\c@Hy@tempcnt=\count312
 (C:\Users\JOKER\AppData\Local\Programs\MiKTeX\tex/latex/url\url.sty
\Urlmuskip=\muskip18
Package: url 2013/09/16  ver 3.4  Verb mode for urls, etc.
)
LaTeX Info: Redefining \url on input line 5076.
\XeTeXLinkMargin=\dimen269

(C:\Users\JOKER\AppData\Local\Programs\MiKTeX\tex/generic/bitset\bitset.sty
Package: bitset 2019/12/09 v1.3 Handle bit-vector datatype (HO)

(C:\Users\JOKER\AppData\Local\Programs\MiKTeX\tex/generic/bigintcalc\bigintcalc
.sty
Package: bigintcalc 2019/12/15 v1.5 Expandable calculations on big integers (HO
)
))
\Fld@menulength=\count313
\Field@Width=\dimen270
\Fld@charsize=\dimen271
Package hyperref Info: Hyper figures OFF on input line 6347.
Package hyperref Info: Link nesting OFF on input line 6352.
Package hyperref Info: Hyper index ON on input line 6355.
Package hyperref Info: backreferencing OFF on input line 6362.
Package hyperref Info: Link coloring OFF on input line 6367.
Package hyperref Info: Link coloring with OCG OFF on input line 6372.
Package hyperref Info: PDF/A mode OFF on input line 6377.
LaTeX Info: Redefining \ref on input line 6417.
LaTeX Info: Redefining \pageref on input line 6421.

(C:\Users\JOKER\AppData\Local\Programs\MiKTeX\tex/latex/base\atbegshi-ltx.sty
Package: atbegshi-ltx 2020/08/17 v1.0a Emulation of the original atbegshi packa
ge
with kernel methods
)
\Hy@abspage=\count314
\c@Item=\count315
\c@Hfootnote=\count316
)
Package hyperref Info: Driver (autodetected): hxetex.
(C:\Users\JOKER\AppData\Local\Programs\MiKTeX\tex/latex/hyperref\hxetex.def
File: hxetex.def 2020-05-15 v7.00e Hyperref driver for XeTeX

(C:\Users\JOKER\AppData\Local\Programs\MiKTeX\tex/latex/hyperref\puenc.def
File: puenc.def 2020-05-15 v7.00e Hyperref: PDF Unicode definition (HO)
)
(C:\Users\JOKER\AppData\Local\Programs\MiKTeX\tex/generic/stringenc\stringenc.s
ty
Package: stringenc 2019/11/29 v1.12 Convert strings between diff. encodings (HO
)
)
\pdfm@box=\box55
\c@Hy@AnnotLevel=\count317
\HyField@AnnotCount=\count318
\Fld@listcount=\count319
\c@bookmark@seq@number=\count320

(C:\Users\JOKER\AppData\Local\Programs\MiKTeX\tex/latex/rerunfilecheck\rerunfil
echeck.sty
Package: rerunfilecheck 2019/12/05 v1.9 Rerun checks for auxiliary files (HO)

(C:\Users\JOKER\AppData\Local\Programs\MiKTeX\tex/latex/base\atveryend-ltx.sty
Package: atveryend-ltx 2020/08/19 v1.0a Emulation of the original atvery packag
e
with kernel methods
)
(C:\Users\JOKER\AppData\Local\Programs\MiKTeX\tex/generic/uniquecounter\uniquec
ounter.sty
Package: uniquecounter 2019/12/15 v1.4 Provide unlimited unique counter (HO)
)
Package uniquecounter Info: New unique counter `rerunfilecheck' on input line 2
86.
)
\Hy@SectionHShift=\skip80
)
(C:\Users\JOKER\AppData\Local\Programs\MiKTeX\tex/latex/setspace\setspace.sty
Package: setspace 2011/12/19 v6.7a set line spacing
)
(C:\Users\JOKER\AppData\Local\Programs\MiKTeX\tex/latex/graphics\lscape.sty
Package: lscape 2020/05/28 v3.02 Landscape Pages (DPC)
)
(C:\Users\JOKER\AppData\Local\Programs\MiKTeX\tex/latex/listings\lstlang1.sty
File: lstlang1.sty 2020/03/24 1.8d listings language file
)
(C:\Users\JOKER\AppData\Local\Programs\MiKTeX\tex/latex/tools\indentfirst.sty
Package: indentfirst 1995/11/23 v1.03 Indent first paragraph (DPC)
)
(C:\Users\JOKER\AppData\Local\Programs\MiKTeX\tex/latex/appendix\appendix.sty
Package: appendix 2020/02/08 v1.2c extra appendix facilities
\c@@pps=\count321
\c@@ppsavesec=\count322
\c@@ppsaveapp=\count323
)

LaTeX Warning: Unused global option(s):
    [14pt].

(4072pj1.aux

LaTeX Warning: Label `1' multiply defined.


LaTeX Warning: Label `2' multiply defined.


LaTeX Warning: Label `3' multiply defined.

)
\openout1 = `4072pj1.aux'.

LaTeX Font Info:    Checking defaults for OML/cmm/m/it on input line 54.
LaTeX Font Info:    ... okay on input line 54.
LaTeX Font Info:    Checking defaults for OMS/cmsy/m/n on input line 54.
LaTeX Font Info:    ... okay on input line 54.
LaTeX Font Info:    Checking defaults for OT1/cmr/m/n on input line 54.
LaTeX Font Info:    ... okay on input line 54.
LaTeX Font Info:    Checking defaults for T1/cmr/m/n on input line 54.
LaTeX Font Info:    ... okay on input line 54.
LaTeX Font Info:    Checking defaults for TS1/cmr/m/n on input line 54.
LaTeX Font Info:    Trying to load font information for TS1+cmr on input line 5
4.
 (C:\Users\JOKER\AppData\Local\Programs\MiKTeX\tex/latex/base\ts1cmr.fd
File: ts1cmr.fd 2019/12/16 v2.5j Standard LaTeX font definitions
)
LaTeX Font Info:    ... okay on input line 54.
LaTeX Font Info:    Checking defaults for TU/lmr/m/n on input line 54.
LaTeX Font Info:    ... okay on input line 54.
LaTeX Font Info:    Checking defaults for OMX/cmex/m/n on input line 54.
LaTeX Font Info:    ... okay on input line 54.
LaTeX Font Info:    Checking defaults for U/cmr/m/n on input line 54.
LaTeX Font Info:    ... okay on input line 54.
LaTeX Font Info:    Checking defaults for PD1/pdf/m/n on input line 54.
LaTeX Font Info:    ... okay on input line 54.
LaTeX Font Info:    Checking defaults for PU/pdf/m/n on input line 54.
LaTeX Font Info:    ... okay on input line 54.

Package fontspec Info: Adjusting the maths setup (use [no-math] to avoid
(fontspec)             this).

\symlegacymaths=\mathgroup6
LaTeX Font Info:    Overwriting symbol font `legacymaths' in version `bold'
(Font)                  OT1/cmr/m/n --> OT1/cmr/bx/n on input line 54.
LaTeX Font Info:    Redeclaring math accent \acute on input line 54.
LaTeX Font Info:    Redeclaring math accent \grave on input line 54.
LaTeX Font Info:    Redeclaring math accent \ddot on input line 54.
LaTeX Font Info:    Redeclaring math accent \tilde on input line 54.
LaTeX Font Info:    Redeclaring math accent \bar on input line 54.
LaTeX Font Info:    Redeclaring math accent \breve on input line 54.
LaTeX Font Info:    Redeclaring math accent \check on input line 54.
LaTeX Font Info:    Redeclaring math accent \hat on input line 54.
LaTeX Font Info:    Redeclaring math accent \dot on input line 54.
LaTeX Font Info:    Redeclaring math accent \mathring on input line 54.
LaTeX Font Info:    Redeclaring math symbol \Gamma on input line 54.
LaTeX Font Info:    Redeclaring math symbol \Delta on input line 54.
LaTeX Font Info:    Redeclaring math symbol \Theta on input line 54.
LaTeX Font Info:    Redeclaring math symbol \Lambda on input line 54.
LaTeX Font Info:    Redeclaring math symbol \Xi on input line 54.
LaTeX Font Info:    Redeclaring math symbol \Pi on input line 54.
LaTeX Font Info:    Redeclaring math symbol \Sigma on input line 54.
LaTeX Font Info:    Redeclaring math symbol \Upsilon on input line 54.
LaTeX Font Info:    Redeclaring math symbol \Phi on input line 54.
LaTeX Font Info:    Redeclaring math symbol \Psi on input line 54.
LaTeX Font Info:    Redeclaring math symbol \Omega on input line 54.
LaTeX Font Info:    Redeclaring math symbol \mathdollar on input line 54.
LaTeX Font Info:    Redeclaring symbol font `operators' on input line 54.
LaTeX Font Info:    Encoding `OT1' has changed to `TU' for symbol font
(Font)              `operators' in the math version `normal' on input line 54.
LaTeX Font Info:    Overwriting symbol font `operators' in version `normal'
(Font)                  OT1/cmr/m/n --> TU/lmr/m/n on input line 54.
LaTeX Font Info:    Encoding `OT1' has changed to `TU' for symbol font
(Font)              `operators' in the math version `bold' on input line 54.
LaTeX Font Info:    Overwriting symbol font `operators' in version `bold'
(Font)                  OT1/cmr/bx/n --> TU/lmr/m/n on input line 54.
LaTeX Font Info:    Overwriting symbol font `operators' in version `normal'
(Font)                  TU/lmr/m/n --> TU/lmr/m/n on input line 54.
LaTeX Font Info:    Overwriting math alphabet `\mathit' in version `normal'
(Font)                  OT1/cmr/m/it --> TU/lmr/m/it on input line 54.
LaTeX Font Info:    Overwriting math alphabet `\mathbf' in version `normal'
(Font)                  OT1/cmr/bx/n --> TU/lmr/b/n on input line 54.
LaTeX Font Info:    Overwriting math alphabet `\mathsf' in version `normal'
(Font)                  OT1/cmss/m/n --> TU/lmss/m/n on input line 54.
LaTeX Font Info:    Overwriting math alphabet `\mathtt' in version `normal'
(Font)                  OT1/cmtt/m/n --> TU/lmtt/m/n on input line 54.
LaTeX Font Info:    Overwriting symbol font `operators' in version `bold'
(Font)                  TU/lmr/m/n --> TU/lmr/b/n on input line 54.
LaTeX Font Info:    Overwriting math alphabet `\mathit' in version `bold'
(Font)                  OT1/cmr/bx/it --> TU/lmr/b/it on input line 54.
LaTeX Font Info:    Overwriting math alphabet `\mathsf' in version `bold'
(Font)                  OT1/cmss/bx/n --> TU/lmss/b/n on input line 54.
LaTeX Font Info:    Overwriting math alphabet `\mathtt' in version `bold'
(Font)                  OT1/cmtt/m/n --> TU/lmtt/b/n on input line 54.

*geometry* detected driver: pdftex
*geometry* verbose mode - [ preamble ] result:
* driver: pdftex
* paper: a4paper
* layout: <same size as paper>
* layoutoffset:(h,v)=(0.0pt,0.0pt)
* modes: 
* h-part:(L,W,R)=(85.35826pt, 441.01773pt, 71.13188pt)
* v-part:(T,H,B)=(71.13188pt, 702.78308pt, 71.13188pt)
* \paperwidth=597.50787pt
* \paperheight=845.04684pt
* \textwidth=441.01773pt
* \textheight=702.78308pt
* \oddsidemargin=13.08827pt
* \evensidemargin=13.08827pt
* \topmargin=-38.1381pt
* \headheight=12.0pt
* \headsep=25.0pt
* \topskip=10.0pt
* \footskip=30.0pt
* \marginparwidth=57.0pt
* \marginparsep=11.0pt
* \columnsep=10.0pt
* \skip\footins=9.0pt plus 4.0pt minus 2.0pt
* \hoffset=-14.22636pt
* \voffset=-22.76219pt
* \mag=1000
* \@twocolumnfalse
* \@twosidefalse
* \@mparswitchfalse
* \@reversemarginfalse
* (1in=72.27pt=25.4mm, 1cm=28.453pt)

\c@lstlisting=\count324
Package hyperref Info: Link coloring OFF on input line 54.
(C:\Users\JOKER\AppData\Local\Programs\MiKTeX\tex/latex/hyperref\nameref.sty
Package: nameref 2019/09/16 v2.46 Cross-referencing by name of section

(C:\Users\JOKER\AppData\Local\Programs\MiKTeX\tex/latex/refcount\refcount.sty
Package: refcount 2019/12/15 v3.6 Data extraction from label references (HO)
)
(C:\Users\JOKER\AppData\Local\Programs\MiKTeX\tex/generic/gettitlestring\gettit
lestring.sty
Package: gettitlestring 2019/12/15 v1.6 Cleanup title references (HO)
)
\c@section@level=\count325
)
LaTeX Info: Redefining \ref on input line 54.
LaTeX Info: Redefining \pageref on input line 54.
LaTeX Info: Redefining \nameref on input line 54.
 (4072pj1.out) (4072pj1.out)
\@outlinefile=\write3
\openout3 = `4072pj1.out'.


Underfull \hbox (badness 10000) detected at line 60
\TU/標楷體(0)/m/n/24 國 立 虎 尾 科 技 大 學
 []


Underfull \hbox (badness 10000) detected at line 62
\TU/標楷體(0)/m/n/24 工 程 學 院 機 械 設 計 工 程 系
 []


Underfull \hbox (badness 10000) detected at line 64
\TU/標楷體(0)/m/n/24 專 題 製 作 報 告
 []


LaTeX Font Warning: Font shape `TU/標楷體(0)/b/n' undefined
(Font)              using `TU/標楷體(0)/m/n' instead on input line 67.


Overfull \hbox (116.6662pt too wide) detected at line 82
\TU/標楷體(0)/m/n/17.28 指 導 教 授：|  嚴 家 銘 老 師
 []


Overfull \hbox (82.1062pt too wide) detected at line 84
\TU/標楷體(0)/m/n/17.28 班 級：|  四 設 三 甲
 []


Overfull \hbox (144.8137pt too wide) detected at line 86
\TU/標楷體(0)/m/n/17.28 學 生：|  李 正 揚 \TU/TimesNewRoman(0)/m/n/17.28 (40723110)
 []


Overfull \hbox (145.25627pt too wide) detected at line 89
 \TU/標楷體(0)/m/n/17.28 林 于 哲 \TU/TimesNewRoman(0)/m/n/17.28 (40723115)
 []


Overfull \hbox (145.89752pt too wide) detected at line 91
 \TU/標楷體(0)/m/n/17.28 黃 奕 慶 \TU/TimesNewRoman(0)/m/n/17.28 (40723138)
 []


Overfull \hbox (145.89752pt too wide) detected at line 93
 \TU/標楷體(0)/m/n/17.28 鄭 博 鴻 \TU/TimesNewRoman(0)/m/n/17.28 (40723148)
 []


Overfull \hbox (145.89752pt too wide) detected at line 95
 \TU/標楷體(0)/m/n/17.28 簡 國 龍 \TU/TimesNewRoman(0)/m/n/17.28 (40723150)
 []


(C:\Users\JOKER\AppData\Local\Programs\MiKTeX\tex/generic/stringenc\se-ascii-pr
int.def
File: se-ascii-print.def 2019/11/29 v1.12 stringenc: Printable ASCII characters

) [1

]
LaTeX Font Info:    Calculating math sizes for size <15> on input line 114.

Overfull \hbox (29.44336pt too wide) in paragraph at lines 114--115
[]$[]$ 
 []


Overfull \hbox (29.44336pt too wide) in paragraph at lines 114--115
[]$ 
 []


Overfull \hbox (30.0pt too wide) in paragraph at lines 114--115
[]$ 
 []


Overfull \hbox (30.0pt too wide) in paragraph at lines 114--115
[]$ 
 []


Overfull \hbox (30.0pt too wide) in paragraph at lines 114--115
[]$ 
 []


Underfull \hbox (badness 10000) in paragraph at lines 114--115

 []


Underfull \hbox (badness 10000) detected at line 125
\TU/標楷體(0)/m/n/16 評 審 委 員
 []

LaTeX Font Info:    Calculating math sizes for size <16> on input line 126.

Overfull \hbox (96.0pt too wide) in paragraph at lines 126--127
[]$[]$ 
 []


Overfull \hbox (96.0pt too wide) in paragraph at lines 126--127
[]$ 
 []


Overfull \hbox (96.0pt too wide) in paragraph at lines 126--127
[]$ 
 []


Underfull \hbox (badness 10000) in paragraph at lines 126--127

 []


Underfull \hbox (badness 10000) detected at line 131
\TU/標楷體(0)/m/n/16 指 導 老 師
 []


Underfull \hbox (badness 10000) detected at line 132
\TU/標楷體(0)/m/n/16 系 主 任
 []


Underfull \hbox (badness 10000) detected at line 134
\TU/標楷體(0)/m/n/16 中 華 民 國 一 一 零 年
 []


Underfull \hbox (badness 10000) detected at line 135
\TU/標楷體(0)/m/n/16 八 月 十 七 日
 []

[1] [1

] [2] [3] (4072pj1.toc
Overfull \hbox (1.77997pt too wide) detected at line 14
 \TU/TimesNewRoman(0)/m/n/17.28 13
 []


Overfull \hbox (1.77997pt too wide) detected at line 15
 \TU/TimesNewRoman(0)/m/n/17.28 27
 []


Overfull \hbox (1.77997pt too wide) detected at line 16
 \TU/TimesNewRoman(0)/m/n/17.28 32
 []


Overfull \hbox (1.77997pt too wide) detected at line 17
 \TU/TimesNewRoman(0)/m/n/17.28 36
 []


Overfull \hbox (1.77997pt too wide) detected at line 18
 \TU/TimesNewRoman(0)/m/n/17.28 37
 []


Overfull \hbox (1.77997pt too wide) detected at line 19
 \TU/TimesNewRoman(0)/m/n/17.28 38
 []


Overfull \hbox (1.77997pt too wide) detected at line 20
 \TU/TimesNewRoman(0)/m/n/17.28 38
 []

[4

]
Overfull \hbox (1.77997pt too wide) detected at line 21
 \TU/TimesNewRoman(0)/m/n/17.28 39
 []


Overfull \hbox (1.77997pt too wide) detected at line 22
 \TU/TimesNewRoman(0)/m/n/17.28 40
 []


Overfull \hbox (1.77997pt too wide) detected at line 23
 \TU/TimesNewRoman(0)/m/n/17.28 42
 []


Overfull \hbox (1.77997pt too wide) detected at line 24
 \TU/TimesNewRoman(0)/m/n/17.28 42
 []


Overfull \hbox (1.77997pt too wide) detected at line 25
 \TU/TimesNewRoman(0)/m/n/17.28 43
 []


Overfull \hbox (1.77997pt too wide) detected at line 26
 \TU/TimesNewRoman(0)/m/n/17.28 43
 []


Overfull \hbox (1.77997pt too wide) detected at line 27
 \TU/TimesNewRoman(0)/m/n/17.28 44
 []


Overfull \hbox (1.77997pt too wide) detected at line 28
 \TU/TimesNewRoman(0)/m/n/17.28 45
 []


Overfull \hbox (1.77997pt too wide) detected at line 29
 \TU/TimesNewRoman(0)/m/n/17.28 48
 []


Overfull \hbox (1.77997pt too wide) detected at line 30
 \TU/TimesNewRoman(0)/m/n/17.28 48
 []


Overfull \hbox (1.77997pt too wide) detected at line 31
 \TU/TimesNewRoman(0)/m/n/17.28 48
 []


Overfull \hbox (1.77997pt too wide) detected at line 32
 \TU/TimesNewRoman(0)/m/n/17.28 48
 []


Overfull \hbox (1.77997pt too wide) detected at line 33
 \TU/TimesNewRoman(0)/m/n/17.28 49
 []


Overfull \hbox (1.77997pt too wide) detected at line 34
 \TU/TimesNewRoman(0)/m/n/17.28 49
 []


Overfull \hbox (1.77997pt too wide) detected at line 35
 \TU/TimesNewRoman(0)/m/n/17.28 50
 []


Overfull \hbox (1.77997pt too wide) detected at line 36
 \TU/TimesNewRoman(0)/m/n/17.28 51
 []


Overfull \hbox (1.77997pt too wide) detected at line 37
 \TU/TimesNewRoman(0)/m/n/17.28 51
 []


Overfull \hbox (1.77997pt too wide) detected at line 38
 \TU/TimesNewRoman(0)/m/n/17.28 51
 []


Overfull \hbox (1.77997pt too wide) detected at line 39
 \TU/TimesNewRoman(0)/m/n/17.28 51
 []


Overfull \hbox (1.77997pt too wide) detected at line 40
 \TU/TimesNewRoman(0)/m/n/17.28 52
 []


Overfull \hbox (1.77997pt too wide) detected at line 41
 \TU/TimesNewRoman(0)/m/n/17.28 52
 []

[5]
Overfull \hbox (1.77997pt too wide) detected at line 42
 \TU/TimesNewRoman(0)/m/n/17.28 53
 []


Overfull \hbox (1.77997pt too wide) detected at line 43
 \TU/TimesNewRoman(0)/m/n/17.28 56
 []


Overfull \hbox (1.77997pt too wide) detected at line 44
 \TU/TimesNewRoman(0)/m/n/17.28 56
 []


Overfull \hbox (1.77997pt too wide) detected at line 45
 \TU/TimesNewRoman(0)/m/n/17.28 57
 []


Overfull \hbox (1.77997pt too wide) detected at line 46
 \TU/TimesNewRoman(0)/m/n/17.28 59
 []


Overfull \hbox (1.77997pt too wide) detected at line 47
 \TU/TimesNewRoman(0)/m/n/17.28 60
 []


Overfull \hbox (1.77997pt too wide) detected at line 48
 \TU/TimesNewRoman(0)/m/n/17.28 63
 []


Overfull \hbox (1.77997pt too wide) detected at line 49
 \TU/TimesNewRoman(0)/m/n/17.28 65
 []


Overfull \hbox (1.77997pt too wide) detected at line 50
 \TU/TimesNewRoman(0)/m/n/17.28 65
 []


Overfull \hbox (1.77997pt too wide) detected at line 51
 \TU/TimesNewRoman(0)/m/n/17.28 65
 []


Overfull \hbox (1.77997pt too wide) detected at line 52
 \TU/TimesNewRoman(0)/m/n/17.28 67
 []


Overfull \hbox (1.77997pt too wide) detected at line 53
 \TU/TimesNewRoman(0)/m/n/17.28 68
 []


Overfull \hbox (1.77997pt too wide) detected at line 54
 \TU/TimesNewRoman(0)/m/n/17.28 69
 []


Overfull \hbox (1.77997pt too wide) detected at line 55
 \TU/TimesNewRoman(0)/m/n/17.28 69
 []


Overfull \hbox (1.77997pt too wide) detected at line 56
 \TU/TimesNewRoman(0)/m/n/17.28 70
 []


Overfull \hbox (1.77997pt too wide) detected at line 57
 \TU/TimesNewRoman(0)/m/n/17.28 78
 []


Overfull \hbox (1.77997pt too wide) detected at line 58
 \TU/TimesNewRoman(0)/m/n/17.28 78
 []


Overfull \hbox (1.77997pt too wide) detected at line 59
 \TU/TimesNewRoman(0)/m/n/17.28 79
 []

)
\tf@toc=\write4
\openout4 = `4072pj1.toc'.

 [6] (4072pj1.lof
Overfull \hbox (0.363pt too wide) detected at line 7
 []\TU/lmr/m/n/17.28 12
 []


Overfull \hbox (0.363pt too wide) detected at line 8
 []\TU/lmr/m/n/17.28 13
 []


Overfull \hbox (0.363pt too wide) detected at line 9
 []\TU/lmr/m/n/17.28 14
 []


Overfull \hbox (0.363pt too wide) detected at line 10
 []\TU/lmr/m/n/17.28 15
 []


Overfull \hbox (0.363pt too wide) detected at line 11
 []\TU/lmr/m/n/17.28 18
 []


Overfull \hbox (0.363pt too wide) detected at line 12
 []\TU/lmr/m/n/17.28 20
 []


Overfull \hbox (0.363pt too wide) detected at line 13
 []\TU/lmr/m/n/17.28 20
 []


Overfull \hbox (0.363pt too wide) detected at line 14
 []\TU/lmr/m/n/17.28 21
 []


Overfull \hbox (0.363pt too wide) detected at line 15
 []\TU/lmr/m/n/17.28 28
 []


Overfull \hbox (0.363pt too wide) detected at line 16
 []\TU/lmr/m/n/17.28 29
 []


Overfull \hbox (0.363pt too wide) detected at line 17
 []\TU/lmr/m/n/17.28 30
 []


Overfull \hbox (0.363pt too wide) detected at line 18
 []\TU/lmr/m/n/17.28 31
 []


Overfull \hbox (0.363pt too wide) detected at line 19
 []\TU/lmr/m/n/17.28 34
 []


Overfull \hbox (0.363pt too wide) detected at line 20
 []\TU/lmr/m/n/17.28 35
 []


Overfull \hbox (0.363pt too wide) detected at line 21
 []\TU/lmr/m/n/17.28 36
 []


Overfull \hbox (0.363pt too wide) detected at line 22
 []\TU/lmr/m/n/17.28 42
 []

[7

]
Overfull \hbox (0.363pt too wide) detected at line 23
 []\TU/lmr/m/n/17.28 42
 []


Overfull \hbox (0.363pt too wide) detected at line 24
 []\TU/lmr/m/n/17.28 46
 []


Overfull \hbox (0.363pt too wide) detected at line 25
 []\TU/lmr/m/n/17.28 47
 []


Overfull \hbox (0.363pt too wide) detected at line 28
 []\TU/lmr/m/n/17.28 49
 []


Overfull \hbox (0.363pt too wide) detected at line 29
 []\TU/lmr/m/n/17.28 50
 []


Overfull \hbox (0.363pt too wide) detected at line 30
 []\TU/lmr/m/n/17.28 50
 []


Overfull \hbox (0.363pt too wide) detected at line 31
 []\TU/lmr/m/n/17.28 51
 []


Overfull \hbox (0.363pt too wide) detected at line 32
 []\TU/lmr/m/n/17.28 52
 []


Overfull \hbox (0.363pt too wide) detected at line 33
 []\TU/lmr/m/n/17.28 52
 []


Overfull \hbox (0.363pt too wide) detected at line 34
 []\TU/lmr/m/n/17.28 52
 []


Overfull \hbox (0.363pt too wide) detected at line 35
 []\TU/lmr/m/n/17.28 53
 []


Overfull \hbox (0.363pt too wide) detected at line 36
 []\TU/lmr/m/n/17.28 55
 []


Overfull \hbox (0.363pt too wide) detected at line 37
 []\TU/lmr/m/n/17.28 55
 []


Overfull \hbox (0.363pt too wide) detected at line 39
 []\TU/lmr/m/n/17.28 59
 []


Overfull \hbox (0.363pt too wide) detected at line 40
 []\TU/lmr/m/n/17.28 64
 []


Overfull \hbox (0.363pt too wide) detected at line 41
 []\TU/lmr/m/n/17.28 64
 []


Overfull \hbox (0.363pt too wide) detected at line 43
 []\TU/lmr/m/n/17.28 66
 []


Overfull \hbox (0.363pt too wide) detected at line 44
 []\TU/lmr/m/n/17.28 66
 []


Overfull \hbox (0.363pt too wide) detected at line 45
 []\TU/lmr/m/n/17.28 68
 []


Overfull \hbox (0.363pt too wide) detected at line 47
 []\TU/lmr/m/n/17.28 70
 []

[8]
Overfull \hbox (0.363pt too wide) detected at line 48
 []\TU/lmr/m/n/17.28 71
 []


Overfull \hbox (0.363pt too wide) detected at line 49
 []\TU/lmr/m/n/17.28 72
 []


Overfull \hbox (0.363pt too wide) detected at line 50
 []\TU/lmr/m/n/17.28 72
 []


Overfull \hbox (0.363pt too wide) detected at line 51
 []\TU/lmr/m/n/17.28 73
 []


Overfull \hbox (0.363pt too wide) detected at line 52
 []\TU/lmr/m/n/17.28 74
 []


Overfull \hbox (0.363pt too wide) detected at line 53
 []\TU/lmr/m/n/17.28 74
 []


Overfull \hbox (0.363pt too wide) detected at line 54
 []\TU/lmr/m/n/17.28 75
 []


Overfull \hbox (0.363pt too wide) detected at line 55
 []\TU/lmr/m/n/17.28 75
 []

)
\tf@lof=\write5
\openout5 = `4072pj1.lof'.

 [9]
Chapter 1.
LaTeX Font Info:    Calculating math sizes for size <14> on input line 204.

Underfull \hbox (badness 10000) in paragraph at lines 203--212

 []


Underfull \hbox (badness 10000) in paragraph at lines 214--218

 []

! Missing $ inserted.
<inserted text> 
                $
l.221 \rightharpoonup
                      模數$ m = 2 $(mm)\\
I've inserted a begin-math/end-math symbol since I think
you left one out. Proceed, with fingers crossed.

Missing character: There is no 模 in font [lmroman12-regular]:mapping=tex-text;!
Missing character: There is no 數 in font [lmroman12-regular]:mapping=tex-text;!
! Missing $ inserted.
<inserted text> 
                $
l.222 
      
I've inserted a begin-math/end-math symbol since I think
you left one out. Proceed, with fingers crossed.


Underfull \hbox (badness 10000) in paragraph at lines 219--222

 []


Underfull \hbox (badness 10000) in paragraph at lines 223--226

 []

! Undefined control sequence.
l.228 力矩為$T = F\cdotr
                      = 100 \cdot (230/2) = 11500$\\
The control sequence at the end of the top line
of your error message was never \def'ed. If you have
misspelled it (e.g., `\hobx'), type `I' and the correct
spelling (e.g., `I\hbox'). Otherwise just continue,
and I'll forget about whatever was undefined.

! Undefined control sequence.
l.232 $\tau = T\cdotr
                     /J = 16T/\pi d^3 \rightharpoonup d = 6.79mm$\\
The control sequence at the end of the top line
of your error message was never \def'ed. If you have
misspelled it (e.g., `\hobx'), type `I' and the correct
spelling (e.g., `I\hbox'). Otherwise just continue,
and I'll forget about whatever was undefined.


Underfull \hbox (badness 10000) in paragraph at lines 227--234

 []

[1

]
! Missing $ inserted.
<inserted text> 
                $
l.238 速度係數:f_
             v  \\
I've inserted a begin-math/end-math symbol since I think
you left one out. Proceed, with fingers crossed.

! Missing $ inserted.
<inserted text> 
                $
l.244 
      
I've inserted a begin-math/end-math symbol since I think
you left one out. Proceed, with fingers crossed.

Missing character: There is no 接 in font [lmroman12-regular]:mapping=tex-text;!
Missing character: There is no 觸 in font [lmroman12-regular]:mapping=tex-text;!
Missing character: There is no 面 in font [lmroman12-regular]:mapping=tex-text;!
Missing character: There is no 應 in font [lmroman12-regular]:mapping=tex-text;!
Missing character: There is no 力 in font [lmroman12-regular]:mapping=tex-text;!
Missing character: There is no 係 in font [lmroman12-regular]:mapping=tex-text;!
Missing character: There is no 數 in font [lmroman12-regular]:mapping=tex-text;!
Missing character: There is no 齒 in font [lmroman12-regular]:mapping=tex-text;!
Missing character: There is no 輪 in font [lmroman12-regular]:mapping=tex-text;!
Missing character: There is no 軸 in font [lmroman12-regular]:mapping=tex-text;!
Missing character: There is no 節 in font [lmroman12-regular]:mapping=tex-text;!
Missing character: There is no 圓 in font [lmroman12-regular]:mapping=tex-text;!
Missing character: There is no 直 in font [lmroman12-regular]:mapping=tex-text;!
Missing character: There is no 徑 in font [lmroman12-regular]:mapping=tex-text;!
Missing character: There is no 接 in font [lmroman12-regular]:mapping=tex-text;!
Missing character: There is no 觸 in font [lmroman12-regular]:mapping=tex-text;!
Missing character: There is no 齒 in font [lmroman12-regular]:mapping=tex-text;!
Missing character: There is no 寬 in font [lmroman12-regular]:mapping=tex-text;!
Missing character: There is no 齒 in font [lmroman12-regular]:mapping=tex-text;!
Missing character: There is no 條 in font [lmroman12-regular]:mapping=tex-text;!
Missing character: There is no 齒 in font [lmroman12-regular]:mapping=tex-text;!
Missing character: There is no 輪 in font [lmroman12-regular]:mapping=tex-text;!
Missing character: There is no 軸 in font [lmroman12-regular]:mapping=tex-text;!
Missing character: There is no 齒 in font [lmroman12-regular]:mapping=tex-text;!
Missing character: There is no 數 in font [lmroman12-regular]:mapping=tex-text;!

Underfull \hbox (badness 10000) in paragraph at lines 236--244

 []

! Undefined control sequence.
l.256 ...ot \pi \cdot m\cdot 0.078\rightharpoonupm
                                                   = 1.605mm \rightharpoonup...
The control sequence at the end of the top line
of your error message was never \def'ed. If you have
misspelled it (e.g., `\hobx'), type `I' and the correct
spelling (e.g., `I\hbox'). Otherwise just continue,
and I'll forget about whatever was undefined.

! Undefined control sequence.
l.256 ...ightharpoonupm = 1.605mm \rightharpoonupm
                                                   m = 2mm$\\
The control sequence at the end of the top line
of your error message was never \def'ed. If you have
misspelled it (e.g., `\hobx'), type `I' and the correct
spelling (e.g., `I\hbox'). Otherwise just continue,
and I'll forget about whatever was undefined.


Underfull \hbox (badness 10000) in paragraph at lines 255--257

 []

! Undefined control sequence.
l.259 ...ot \pi\cdot 2\cdot 0.078 \rightharpoonupm
                                                   b = 7.734mm \rightharpoon...
The control sequence at the end of the top line
of your error message was never \def'ed. If you have
misspelled it (e.g., `\hobx'), type `I' and the correct
spelling (e.g., `I\hbox'). Otherwise just continue,
and I'll forget about whatever was undefined.

! Undefined control sequence.
l.259 ...htharpoonupm b = 7.734mm \rightharpoonupm
                                                   b = 8mm$\\
The control sequence at the end of the top line
of your error message was never \def'ed. If you have
misspelled it (e.g., `\hobx'), type `I' and the correct
spelling (e.g., `I\hbox'). Otherwise just continue,
and I'll forget about whatever was undefined.

! Undefined control sequence.
l.262 ... 2\cdot 0.078 = 849.577N \rightharpoonupm
                                                   F = 849.577N>821.4N$\\
The control sequence at the end of the top line
of your error message was never \def'ed. If you have
misspelled it (e.g., `\hobx'), type `I' and the correct
spelling (e.g., `I\hbox'). Otherwise just continue,
and I'll forget about whatever was undefined.

! Undefined control sequence.
<recently read> \rightharpoonupm 
                                 
l.263 ...齒輪軸為32mm > 計算結算結果b = 8mm$\rightharpoonupm
                                                  $ 合理之設計\\
The control sequence at the end of the top line
of your error message was never \def'ed. If you have
misspelled it (e.g., `\hobx'), type `I' and the correct
spelling (e.g., `I\hbox'). Otherwise just continue,
and I'll forget about whatever was undefined.


Underfull \hbox (badness 10000) in paragraph at lines 258--264

 []

[2]
Underfull \hbox (badness 10000) in paragraph at lines 269--277

 []

! Undefined control sequence.
l.280 ...ghtharpoonup m = 1.509mm \rightharpoonupm
                                                   m = 2mm$\\
The control sequence at the end of the top line
of your error message was never \def'ed. If you have
misspelled it (e.g., `\hobx'), type `I' and the correct
spelling (e.g., `I\hbox'). Otherwise just continue,
and I'll forget about whatever was undefined.


Underfull \hbox (badness 10000) in paragraph at lines 279--281

 []

! Undefined control sequence.
l.283 ...ot \pi\cdot 2\cdot 0.106 \rightharpoonupm
                                                   b = 7.734mm \rightharpoon...
The control sequence at the end of the top line
of your error message was never \def'ed. If you have
misspelled it (e.g., `\hobx'), type `I' and the correct
spelling (e.g., `I\hbox'). Otherwise just continue,
and I'll forget about whatever was undefined.

! Undefined control sequence.
l.283 ...htharpoonupm b = 7.734mm \rightharpoonupm
                                                   b = 8mm$\\
The control sequence at the end of the top line
of your error message was never \def'ed. If you have
misspelled it (e.g., `\hobx'), type `I' and the correct
spelling (e.g., `I\hbox'). Otherwise just continue,
and I'll forget about whatever was undefined.

! Undefined control sequence.
l.286 ...t 2\cdot 0.106 = 865.91N \rightharpoonupm
                                                   F = 865.915N>821.4N$\\
The control sequence at the end of the top line
of your error message was never \def'ed. If you have
misspelled it (e.g., `\hobx'), type `I' and the correct
spelling (e.g., `I\hbox'). Otherwise just continue,
and I'll forget about whatever was undefined.

! Undefined control sequence.
<recently read> \rightharpoonupm 
                                 
l.287 ...齒輪軸為32mm > 計算結算結果b = 8mm$\rightharpoonupm
                                                  $ 合理之設計\\
The control sequence at the end of the top line
of your error message was never \def'ed. If you have
misspelled it (e.g., `\hobx'), type `I' and the correct
spelling (e.g., `I\hbox'). Otherwise just continue,
and I'll forget about whatever was undefined.


Underfull \hbox (badness 10000) in paragraph at lines 282--288

 []


Underfull \hbox (badness 10000) in paragraph at lines 289--297

 []

[3]
Underfull \hbox (badness 10000) in paragraph at lines 299--300

 []

File: ./../images//冰球機.jpg Graphic file (type bmp)
<./../images//冰球機.jpg>
File: ./../images//origin.png Graphic file (type bmp)
<./../images//origin.png>
File: ./../images//pong_gym.png Graphic file (type bmp)
<./../images//pong_gym.png>

Underfull \hbox (badness 10000) in paragraph at lines 324--325

 []


Underfull \hbox (badness 10000) in paragraph at lines 326--327

 []

[4] [5]
Chapter 2.
File: ./../images//兩層神經網路.png Graphic file (type bmp)
<./../images//兩層神經網路.png>

Underfull \hbox (badness 10000) in paragraph at lines 350--351

 []


Underfull \hbox (badness 10000) in paragraph at lines 352--353

 []


Underfull \hbox (badness 10000) in paragraph at lines 354--355

 []

[6

]
Underfull \hbox (badness 10000) in paragraph at lines 356--357

 []


Underfull \hbox (badness 10000) in paragraph at lines 358--359

 []


Underfull \hbox (badness 10000) in paragraph at lines 360--361

 []


Underfull \hbox (badness 10000) in paragraph at lines 366--368

 []

[7]
Underfull \hbox (badness 10000) in paragraph at lines 368--371

 []


Underfull \hbox (badness 10000) in paragraph at lines 373--375

 []


Underfull \hbox (badness 10000) in paragraph at lines 377--379

 []

[8]
Underfull \hbox (badness 10000) in paragraph at lines 386--387

 []

[9]
Underfull \hbox (badness 10000) in paragraph at lines 408--410

 []


Underfull \hbox (badness 10000) in paragraph at lines 410--412

 []


Underfull \hbox (badness 10000) in paragraph at lines 413--415

 []

[10]
Underfull \hbox (badness 10000) in paragraph at lines 416--418

 []

File: ./../images//MSE.png Graphic file (type bmp)
<./../images//MSE.png>

Underfull \hbox (badness 10000) in paragraph at lines 427--442

 []

[11]
Underfull \hbox (badness 10000) in paragraph at lines 442--443

 []

[12]
File: ./../images//類神經網路關係.png Graphic file (type bmp)
<./../images//類神經網路關係.png>

Overfull \hbox (14.22833pt too wide) in paragraph at lines 447--448
 [] 
 []

File: ./../images//Error_surface-2.png Graphic file (type bmp)
<./../images//Error_surface-2.png>
[13]
Underfull \hbox (badness 10000) in paragraph at lines 465--466

 []

File: ./../images//theta_vector.png Graphic file (type bmp)
<./../images//theta_vector.png>
[14]
Underfull \hbox (badness 10000) in paragraph at lines 485--486

 []


Underfull \hbox (badness 10000) in paragraph at lines 489--490

 []

[15]
Underfull \hbox (badness 10000) in paragraph at lines 511--512

 []

[16]
Underfull \hbox (badness 10000) in paragraph at lines 518--520

 []


Underfull \hbox (badness 10000) in paragraph at lines 523--524

 []

[17]
File: ./../images//sgd_fluctuation.png Graphic file (type bmp)
<./../images//sgd_fluctuation.png>

Underfull \hbox (badness 10000) in paragraph at lines 541--543

 []

[18]
Missing character: There is no ∗ in font Times New Roman/OT:script=latn;languag
e=dflt;!

Underfull \hbox (badness 10000) in paragraph at lines 557--558

 []


Underfull \hbox (badness 10000) in paragraph at lines 558--559

 []


Underfull \hbox (badness 10000) in paragraph at lines 559--560

 []

[19]
Underfull \hbox (badness 10000) in paragraph at lines 560--561

 []


Underfull \hbox (badness 10000) in paragraph at lines 562--564

 []

File: ./../images//without.png Graphic file (type bmp)
<./../images//without.png>
File: ./../images//with.png Graphic file (type bmp)
<./../images//with.png>
[20]
File: ./../images//NAG.jpg Graphic file (type bmp)
<./../images//NAG.jpg>
 [21]
Underfull \hbox (badness 10000) in paragraph at lines 603--604

 []

[22] [23]
Underfull \hbox (badness 10000) in paragraph at lines 655--656

 []

[24] [25] [26]
Underfull \hbox (badness 10000) in paragraph at lines 708--712

 []

[27]
File: ./../images//Faces_of_Reinforcement_Learning.png Graphic file (type bmp)
<./../images//Faces_of_Reinforcement_Learning.png>
 [28]
Underfull \hbox (badness 10000) in paragraph at lines 725--727

 []

File: ./../images//The_Flow_of_Reinforcement_Learning.png Graphic file (type bm
p)
<./../images//The_Flow_of_Reinforcement_Learning.png>

Underfull \hbox (badness 10000) in paragraph at lines 735--737

 []

[29]
File: ./../images//The_entire_interaction_process.png Graphic file (type bmp)
<./../images//The_entire_interaction_process.png>

Underfull \hbox (badness 10000) in paragraph at lines 745--748

 []

File: ./../images//agent.png Graphic file (type bmp)
<./../images//agent.png>

Underfull \hbox (badness 10000) in paragraph at lines 749--776

 []

[30] [31]
Underfull \hbox (badness 10000) in paragraph at lines 794--797

 []

[32]
Underfull \hbox (badness 10000) in paragraph at lines 828--831

 []

[33]
File: ./../images//MRP.jpg Graphic file (type bmp)
<./../images//MRP.jpg>
File: ./../images//MDP.jpg Graphic file (type bmp)
<./../images//MDP.jpg>

Underfull \hbox (badness 10000) in paragraph at lines 843--844

 []

File: ./../images//s_to _s.jpg Graphic file (type bmp)
<./../images//s_to _s.jpg>
[34]
File: ./../images//Q_pi function.jpg Graphic file (type bmp)
<./../images//Q_pi function.jpg>
 [35]
File: ./../images//policy gradient原理.png Graphic file (type bmp)
<./../images//policy gradient原理.png>
Missing character: There is no （ in font [lmroman12-regular]:mapping=tex-text;!
Missing character: There is no ） in font [lmroman12-regular]:mapping=tex-text;!

Underfull \hbox (badness 10000) in paragraph at lines 876--897

 []

[36]
Underfull \hbox (badness 10000) in paragraph at lines 899--900

 []


Underfull \hbox (badness 10000) in paragraph at lines 904--908

 []

[37]
Underfull \hbox (badness 10000) in paragraph at lines 909--910

 []


Underfull \hbox (badness 10000) in paragraph at lines 911--913

 []


Overfull \hbox (55.9742pt too wide) in paragraph at lines 918--951
\OT1/cmr/m/n/14 = [][] []\OMS/cmsy/m/n/14 r[]\OML/cmm/m/it/14 ^^Y[]\OT1/cmr/m/n
/14 (\OML/cmm/m/it/14 a\OMS/cmsy/m/n/14 j\OML/cmm/m/it/14 s\OT1/cmr/m/n/14 )\OM
L/cmm/m/it/14 Q[]\OT1/cmr/m/n/14 (\OML/cmm/m/it/14 s; a\OT1/cmr/m/n/14 ) + \OML
/cmm/m/it/14 ^^Y[]\OT1/cmr/m/n/14 (\OML/cmm/m/it/14 a\OMS/cmsy/m/n/14 j\OML/cmm
/m/it/14 s\OT1/cmr/m/n/14 )[][][]$
 []

[38]
Underfull \hbox (badness 10000) in paragraph at lines 952--957

 []

[39]
Underfull \hbox (badness 10000) in paragraph at lines 969--973

 []


Underfull \hbox (badness 10000) in paragraph at lines 974--975

 []

[40]
Underfull \hbox (badness 10000) in paragraph at lines 992--993

 []


Underfull \hbox (badness 10000) in paragraph at lines 994--995

 []


Underfull \hbox (badness 10000) in paragraph at lines 995--996

 []

[41]
File: ./../images//network.png Graphic file (type bmp)
<./../images//network.png>

Underfull \hbox (badness 10000) in paragraph at lines 1009--1011

 []

File: ./../images//supervising_learning.png Graphic file (type bmp)
<./../images//supervising_learning.png>

Overfull \hbox (18.08359pt too wide) in paragraph at lines 1016--1017
 [] 
 []


Underfull \hbox (badness 10000) in paragraph at lines 1021--1023

 []

[42]
Underfull \hbox (badness 10000) in paragraph at lines 1025--1026

 []


Underfull \hbox (badness 10000) in paragraph at lines 1027--1028

 []

[43]
Underfull \hbox (badness 10000) in paragraph at lines 1029--1030

 []


Underfull \hbox (badness 10000) in paragraph at lines 1030--1033

 []


Underfull \hbox (badness 10000) in paragraph at lines 1038--1039

 []


Underfull \hbox (badness 10000) in paragraph at lines 1044--1045

 []

[44]
Underfull \hbox (badness 10000) in paragraph at lines 1049--1050

 []


Underfull \hbox (badness 10000) in paragraph at lines 1050--1052

 []

File: ./../images//gradient_change.png Graphic file (type bmp)
<./../images//gradient_change.png>

Underfull \hbox (badness 10000) in paragraph at lines 1052--1061

 []

[45]
Underfull \hbox (badness 10000) in paragraph at lines 1065--1067

 []

Missing character: There is no （ in font [lmroman12-regular]:mapping=tex-text;!
Missing character: There is no ） in font [lmroman12-regular]:mapping=tex-text;!
Missing character: There is no θ in font cmmi12!
Missing character: There is no θ in font cmmi12!
File: ./../images//figure.png Graphic file (type bmp)
<./../images//figure.png>
[46]
Underfull \hbox (badness 10000) in paragraph at lines 1076--1077

 []

[47]
Chapter 3.

Underfull \hbox (badness 10000) in paragraph at lines 1080--1081

 []


Underfull \hbox (badness 10000) in paragraph at lines 1083--1084

 []


Underfull \hbox (badness 10000) in paragraph at lines 1085--1087

 []

[48

]
Chapter 4.
File: ./../images//model.png Graphic file (type bmp)
<./../images//model.png>

Underfull \hbox (badness 10000) in paragraph at lines 1100--1101

 []

File: ./../images//axialseat.png Graphic file (type bmp)
<./../images//axialseat.png>
File: ./../images//connectSeat.png Graphic file (type bmp)
<./../images//connectSeat.png>
[49

]
Underfull \hbox (badness 10000) in paragraph at lines 1117--1118

 []

File: ./../images//CoppeliaSim.png Graphic file (type bmp)
<./../images//CoppeliaSim.png>

Underfull \hbox (badness 10000) in paragraph at lines 1126--1127

 []


Underfull \hbox (badness 10000) in paragraph at lines 1128--1129

 []

[50]
Underfull \hbox (badness 10000) in paragraph at lines 1130--1131

 []

File: ./../images//toolBar.png Graphic file (type bmp)
<./../images//toolBar.png>
File: ./../images//toolBar2.png Graphic file (type bmp)
<./../images//toolBar2.png>
[51]
File: ./../images//pythonCVlogo.png Graphic file (type bmp)
<./../images//pythonCVlogo.png>

Underfull \hbox (badness 10000) in paragraph at lines 1177--1178

 []

[52]
Underfull \hbox (badness 10000) in paragraph at lines 1180--1182

 []

File: ./../images//HSV.png Graphic file (type bmp)
<./../images//HSV.png>
[53]
File: ./../images//origin.png Graphic file (type bmp)
<./../images//origin.png>
File: ./../images//filter.png Graphic file (type bmp)
<./../images//filter.png>
 [54] [55]
Chapter 5.

Underfull \hbox (badness 10000) in paragraph at lines 1261--1262

 []


Underfull \hbox (badness 10000) in paragraph at lines 1263--1264

 []


Underfull \hbox (badness 10000) in paragraph at lines 1265--1266

 []


Underfull \hbox (badness 10000) in paragraph at lines 1267--1268

 []


Underfull \hbox (badness 10000) in paragraph at lines 1269--1270

 []

[56

]
Underfull \hbox (badness 10000) in paragraph at lines 1271--1272

 []


Underfull \hbox (badness 10000) in paragraph at lines 1273--1274

 []


Underfull \hbox (badness 10000) in paragraph at lines 1275--1276

 []


Underfull \hbox (badness 10000) in paragraph at lines 1277--1278

 []


Underfull \hbox (badness 10000) in paragraph at lines 1281--1282

 []


Underfull \hbox (badness 10000) in paragraph at lines 1282--1283

 []

[57] [58]
File: ./../images//clientProxy.jpeg Graphic file (type bmp)
<./../images//clientProxy.jpeg>
 [59]
Underfull \hbox (badness 10000) in paragraph at lines 1313--1314

 []

[60]
Underfull \hbox (badness 10000) in paragraph at lines 1359--1360

 []


Underfull \hbox (badness 10000) in paragraph at lines 1361--1362

 []


Underfull \hbox (badness 10000) in paragraph at lines 1363--1364

 []


LaTeX Font Warning: Font shape `TU/標楷體(0)/m/it' undefined
(Font)              using `TU/標楷體(0)/m/n' instead on input line 1368.


Underfull \hbox (badness 10000) in paragraph at lines 1374--1375

 []


Underfull \hbox (badness 10000) in paragraph at lines 1376--1377

 []

[61]
Underfull \hbox (badness 10000) in paragraph at lines 1390--1392

 []

[62]
Underfull \hbox (badness 10000) in paragraph at lines 1411--1412

 []

File: ./../images//clientToflask.jpeg Graphic file (type bmp)
<./../images//clientToflask.jpeg>

Underfull \hbox (badness 10000) in paragraph at lines 1428--1429

 []

File: ./../images//total.jpeg Graphic file (type bmp)
<./../images//total.jpeg>
[63] [64]
Chapter 6.

Underfull \hbox (badness 10000) in paragraph at lines 1439--1440

 []

File: ./../images//pong_pygame.png Graphic file (type bmp)
<./../images//pong_pygame.png>
[65

]
File: ./../images//airhockey_pymunk.png Graphic file (type bmp)
<./../images//airhockey_pymunk.png>
 [66]
Underfull \hbox (badness 10000) in paragraph at lines 1458--1459

 []


Underfull \hbox (badness 10000) in paragraph at lines 1460--1461

 []

File: ./../images//強化學習訓練流程.png Graphic file (type bmp)
<./../images//強化學習訓練流程.png>

Underfull \hbox (badness 10000) in paragraph at lines 1475--1477

 []

[67]
Underfull \hbox (badness 10000) in paragraph at lines 1478--1479

 []


Underfull \hbox (badness 10000) in paragraph at lines 1480--1481

 []

[68]
Overfull \hbox (5.28113pt too wide) in paragraph at lines 1486--1487
[]\TU/TimesNewRoman(0)/m/n/14 remoteApi.dll\TU/標楷體(0)/m/n/14 、| \TU/TimesNewRom
an(0)/m/n/14 remoteApi.dylib \TU/標楷體(0)/m/n/14 或 \TU/TimesNewRoman(0)/m/n/14 re
moteApi.so (\TU/標楷體(0)/m/n/14 依 序 適 用 於\TU/TimesNewRoman(0)/m/n/14 :Windows\TU/
標楷體(0)/m/n/14 、|
 []


Underfull \hbox (badness 10000) in paragraph at lines 1488--1492

 []

[69]
Chapter 7.
File: ./../images//Q_dll.png Graphic file (type bmp)
<./../images//Q_dll.png>
[70

]
File: ./../images//Q_ffmpeg.png Graphic file (type bmp)
<./../images//Q_ffmpeg.png>

Underfull \hbox (badness 10000) in paragraph at lines 1518--1520

 []

File: ./../images//Q_ffmpeg-2.png Graphic file (type bmp)
<./../images//Q_ffmpeg-2.png>
File: ./../images//Q_ffmpeg-3.png Graphic file (type bmp)
<./../images//Q_ffmpeg-3.png>

Underfull \hbox (badness 10000) in paragraph at lines 1528--1537

 []

[71]
File: ./../images//Q_ffmpeg-4.png Graphic file (type bmp)
<./../images//Q_ffmpeg-4.png>

Underfull \hbox (badness 10000) in paragraph at lines 1545--1546

 []

[72]
Underfull \hbox (badness 10000) in paragraph at lines 1551--1553

 []

File: ./../images//Q_ffmpeg-5.png Graphic file (type bmp)
<./../images//Q_ffmpeg-5.png>
[73]
File: ./../images//ffmpeg_mp4.png Graphic file (type bmp)
<./../images//ffmpeg_mp4.png>

Underfull \hbox (badness 10000) in paragraph at lines 1563--1572

 []

File: ./../images//video_recorder.png Graphic file (type bmp)
<./../images//video_recorder.png>
[74]
File: ./../images//修正video_recorder.png Graphic file (type bmp)
<./../images//修正video_recorder.png>
 [75]
Underfull \hbox (badness 10000) in paragraph at lines 1592--1594

 []

[76]
Underfull \hbox (badness 10000) in paragraph at lines 1610--1611
[][]\TU/TimesNewRoman(0)/m/n/14 https://towardsdatascience.com/adam-latest-tren
ds-in-deep-learning-
 []


Underfull \hbox (badness 10000) in paragraph at lines 1611--1612
[][]\TU/TimesNewRoman(0)/m/n/14 https://towardsdatascience.com/derivative-of-th
e-sigmoid-function-
 []


Underfull \hbox (badness 10000) in paragraph at lines 1613--1614
[][]\TU/TimesNewRoman(0)/m/n/14 https://medium.com/change-the-world-with-techno
logy/policy-gradient-
 []


Underfull \hbox (badness 10000) in paragraph at lines 1614--1615
[][]\TU/TimesNewRoman(0)/m/n/14 https://livebook.manning.com/book/grokking-deep
-reinforcement-
 []


Underfull \hbox (badness 10000) in paragraph at lines 1619--1620
[][]\TU/TimesNewRoman(0)/m/n/14 https://towardsdatascience.com/derivative-of-th
e-sigmoid-function-
 []


Underfull \hbox (badness 10000) in paragraph at lines 1621--1622
[][]\TU/TimesNewRoman(0)/m/n/14 https://towardsdatascience.com/adam-latest-tren
ds-in-deep-learning-
 []

[77

] [78]
File: ./../images//40723110.jpg Graphic file (type bmp)
<./../images//40723110.jpg>

Underfull \hbox (badness 10000) detected at line 1649
\TU/標楷體(0)/m/n/14 姓 名
 []


Underfull \hbox (badness 10000) detected at line 1650
\TU/標楷體(0)/m/n/14 李 正 揚
 []


Underfull \hbox (badness 10000) detected at line 1651
\TU/標楷體(0)/m/n/14 學 號
 []


Underfull \hbox (badness 10000) detected at line 1652
\TU/TimesNewRoman(0)/m/n/14 40723110
 []


Underfull \hbox (badness 10000) detected at line 1655
\TU/標楷體(0)/m/n/14 國 立 虎 尾 科 技 大 學
 []


Underfull \hbox (badness 10000) detected at line 1656
 
 []


Underfull \hbox (badness 10000) detected at line 1657
\TU/標楷體(0)/m/n/14 機 械 設 計 工 程 系
 []


Underfull \hbox (badness 10000) detected at line 1659
\TU/標楷體(0)/m/n/14 經 歷
 []


Underfull \hbox (badness 10000) in paragraph at lines 1661--1662

 []

File: ./../images//40723115.jpg Graphic file (type bmp)
<./../images//40723115.jpg>

Underfull \hbox (badness 10000) detected at line 1671
\TU/標楷體(0)/m/n/14 姓 名
 []


Underfull \hbox (badness 10000) detected at line 1672
\TU/標楷體(0)/m/n/14 林 于 哲
 []


Underfull \hbox (badness 10000) detected at line 1674
\TU/標楷體(0)/m/n/14 學 號
 []


Underfull \hbox (badness 10000) detected at line 1675
\TU/TimesNewRoman(0)/m/n/14 40723115
 []


Underfull \hbox (badness 10000) detected at line 1678
\TU/標楷體(0)/m/n/14 國 立 虎 尾 科 技 大 學
 []


Underfull \hbox (badness 10000) detected at line 1679
 
 []


Underfull \hbox (badness 10000) detected at line 1680
\TU/標楷體(0)/m/n/14 機 械 設 計 工 程 系
 []


Underfull \hbox (badness 10000) detected at line 1682
\TU/標楷體(0)/m/n/14 經 歷
 []


Underfull \hbox (badness 10000) in paragraph at lines 1684--1685

 []

File: ./../images//40723138.jpg Graphic file (type bmp)
<./../images//40723138.jpg>

Underfull \hbox (badness 10000) detected at line 1693
\TU/標楷體(0)/m/n/14 姓 名
 []


Underfull \hbox (badness 10000) detected at line 1694
\TU/標楷體(0)/m/n/14 黃 奕 慶
 []


Underfull \hbox (badness 10000) detected at line 1696
\TU/標楷體(0)/m/n/14 學 號
 []


Underfull \hbox (badness 10000) detected at line 1700
\TU/標楷體(0)/m/n/14 國 立 虎 尾 科 技 大 學
 []


Underfull \hbox (badness 10000) detected at line 1701
 
 []


Underfull \hbox (badness 10000) detected at line 1702
\TU/標楷體(0)/m/n/14 機 械 設 計 工 程 系
 []


Underfull \hbox (badness 10000) detected at line 1704
\TU/標楷體(0)/m/n/14 經 歷
 []

File: ./../images//40723148.jpg Graphic file (type bmp)
<./../images//40723148.jpg>

Underfull \hbox (badness 10000) detected at line 1714
\TU/標楷體(0)/m/n/14 姓 名
 []


Underfull \hbox (badness 10000) detected at line 1715
\TU/標楷體(0)/m/n/14 鄭 博 鴻
 []


Underfull \hbox (badness 10000) detected at line 1716
\TU/標楷體(0)/m/n/14 學 號
 []


Underfull \hbox (badness 10000) detected at line 1719
\TU/標楷體(0)/m/n/14 國 立 虎 尾 科 技 大 學
 []


Underfull \hbox (badness 10000) detected at line 1720
 
 []


Underfull \hbox (badness 10000) detected at line 1721
\TU/標楷體(0)/m/n/14 機 械 設 計 工 程 系
 []


Underfull \hbox (badness 10000) detected at line 1723
\TU/標楷體(0)/m/n/14 經 歷
 []


Underfull \hbox (badness 10000) in paragraph at lines 1706--1726

 []

File: ./../images//40723150.jpg Graphic file (type bmp)
<./../images//40723150.jpg>

Underfull \hbox (badness 10000) detected at line 1734
\TU/標楷體(0)/m/n/14 姓 名
 []


Underfull \hbox (badness 10000) detected at line 1735
\TU/標楷體(0)/m/n/14 簡 國 龍
 []


Underfull \hbox (badness 10000) detected at line 1736
\TU/標楷體(0)/m/n/14 學 號
 []


Underfull \hbox (badness 10000) detected at line 1739
\TU/標楷體(0)/m/n/14 國 立 虎 尾 科 技 大 學
 []


Underfull \hbox (badness 10000) detected at line 1740
 
 []


Underfull \hbox (badness 10000) detected at line 1741
\TU/標楷體(0)/m/n/14 機 械 設 計 工 程 系
 []


Underfull \hbox (badness 10000) detected at line 1743
\TU/標楷體(0)/m/n/14 經 歷
 []

[79] [80] (4072pj1.aux)
Package rerunfilecheck Info: File `4072pj1.out' has not changed.
(rerunfilecheck)             Checksum: FEC7375EF6855EBF0F9A5BE84A2EC770;5740.


LaTeX Font Warning: Some font shapes were not available, defaults substituted.


LaTeX Warning: There were multiply-defined labels.

 ) 
Here is how much of TeX's memory you used:
 19230 strings out of 412087
 357788 string characters out of 2846810
 910234 words of memory out of 3000000
 38527 multiletter control sequences out of 15000+200000
 424038 words of font info for 181 fonts, out of 3000000 for 9000
 1348 hyphenation exceptions out of 8191
 79i,10n,85p,676b,1256s stack positions out of 5000i,500n,10000p,200000b,50000s

Output written on 4072pj1.pdf (91 pages).
