<<<<<<< HEAD
This is XeTeX, Version 3.14159265-2.6-0.999992 (MiKTeX 2.9.7350 64-bit) (preloaded format=xelatex 2021.4.30)  6 MAY 2021 18:17
=======
This is XeTeX, Version 3.14159265-2.6-0.999992 (MiKTeX 2.9.7350 64-bit) (preloaded format=xelatex 2021.4.30)  6 MAY 2021 16:17
>>>>>>> 7b27b15c8db347e4b6f8baeb50aafebf8c21b536
entering extended mode
**./first.tex
(first.tex
LaTeX2e <2020-02-02> patch level 5
L3 programming layer <2020-03-06>
(D:\kmol2021\data\miktex-portable\texmfs\install\tex/latex/base\report.cls
Document Class: report 2019/12/20 v1.4l Standard LaTeX document class
(D:\kmol2021\data\miktex-portable\texmfs\install\tex/latex/base\size10.clo
File: size10.clo 2019/12/20 v1.4l Standard LaTeX file (size option)
)
\c@part=\count163
\c@chapter=\count164
\c@section=\count165
\c@subsection=\count166
\c@subsubsection=\count167
\c@paragraph=\count168
\c@subparagraph=\count169
\c@figure=\count170
\c@table=\count171
\abovecaptionskip=\skip47
\belowcaptionskip=\skip48
\bibindent=\dimen134
)
(D:\kmol2021\data\miktex-portable\texmfs\install\tex/xelatex/xecjk\xeCJK.sty
(D:\kmol2021\data\miktex-portable\texmfs\install\tex/latex/l3kernel\expl3.sty
Package: expl3 2020-03-06 L3 programming layer (loader) 

(D:\kmol2021\data\miktex-portable\texmfs\install\tex/latex/l3backend\l3backend-
xdvipdfmx.def
File: l3backend-xdvipdfmx.def 2020-03-12 L3 backend support: xdvipdfmx
\g__graphics_track_int=\count172
\l__pdf_internal_box=\box45
\g__pdf_backend_object_int=\count173
\g__pdf_backend_annotation_int=\count174
))
Package: xeCJK 2020/02/18 v3.8.2 Typesetting CJK scripts with XeLaTeX

(D:\kmol2021\data\miktex-portable\texmfs\install\tex/latex/l3packages/l3keys2e\
l3keys2e.sty
Package: l3keys2e 2020-03-06 LaTeX2e option processing using LaTeX3 keys
)
(D:\kmol2021\data\miktex-portable\texmfs\install\tex/latex/l3packages/xtemplate
\xtemplate.sty
Package: xtemplate 2020-03-06 L3 Experimental prototype document functions
\l__xtemplate_tmp_dim=\dimen135
\l__xtemplate_tmp_int=\count175
\l__xtemplate_tmp_muskip=\muskip16
\l__xtemplate_tmp_skip=\skip49
)
(D:\kmol2021\data\miktex-portable\texmfs\install\tex/latex/l3packages/xparse\xp
arse.sty
Package: xparse 2020-03-06 L3 Experimental document command parser
\l__xparse_current_arg_int=\count176
\g__xparse_grabber_int=\count177
\l__xparse_m_args_int=\count178
\l__xparse_v_nesting_int=\count179
)
\l__xeCJK_tmp_int=\count180
\l__xeCJK_tmp_box=\box46
\l__xeCJK_tmp_dim=\dimen136
\l__xeCJK_tmp_skip=\skip50
\g__xeCJK_space_factor_int=\count181
\l__xeCJK_begin_int=\count182
\l__xeCJK_end_int=\count183
\c__xeCJK_CJK_class_int=\XeTeXcharclass1
\c__xeCJK_FullLeft_class_int=\XeTeXcharclass2
\c__xeCJK_FullRight_class_int=\XeTeXcharclass3
\c__xeCJK_HalfLeft_class_int=\XeTeXcharclass4
\c__xeCJK_HalfRight_class_int=\XeTeXcharclass5
\c__xeCJK_NormalSpace_class_int=\XeTeXcharclass6
\c__xeCJK_CM_class_int=\XeTeXcharclass7
\c__xeCJK_HangulJamo_class_int=\XeTeXcharclass8
\l__xeCJK_last_skip=\skip51
\g__xeCJK_node_int=\count184
\c__xeCJK_CJK_node_dim=\dimen137
\c__xeCJK_CJK-space_node_dim=\dimen138
\c__xeCJK_default_node_dim=\dimen139
\c__xeCJK_default-space_node_dim=\dimen140
\c__xeCJK_CJK-widow_node_dim=\dimen141
\c__xeCJK_normalspace_node_dim=\dimen142
\l__xeCJK_ccglue_skip=\skip52
\l__xeCJK_ecglue_skip=\skip53
\l__xeCJK_punct_kern_skip=\skip54
\l__xeCJK_last_penalty_int=\count185
\l__xeCJK_last_bound_dim=\dimen143
\l__xeCJK_last_kern_dim=\dimen144
\l__xeCJK_widow_penalty_int=\count186

Package xtemplate Info: Declaring object type 'xeCJK/punctuation' taking 0
(xtemplate)             argument(s) on line 2302.

\l__xeCJK_fixed_punct_width_dim=\dimen145
\l__xeCJK_mixed_punct_width_dim=\dimen146
\l__xeCJK_middle_punct_width_dim=\dimen147
\l__xeCJK_fixed_margin_width_dim=\dimen148
\l__xeCJK_mixed_margin_width_dim=\dimen149
\l__xeCJK_middle_margin_width_dim=\dimen150
\l__xeCJK_bound_punct_width_dim=\dimen151
\l__xeCJK_bound_margin_width_dim=\dimen152
\l__xeCJK_margin_minimum_dim=\dimen153
\l__xeCJK_kerning_total_width_dim=\dimen154
\l__xeCJK_same_align_margin_dim=\dimen155
\l__xeCJK_different_align_margin_dim=\dimen156
\l__xeCJK_kerning_margin_width_dim=\dimen157
\l__xeCJK_kerning_margin_minimum_dim=\dimen158
\l__xeCJK_bound_dim=\dimen159
\l__xeCJK_reverse_bound_dim=\dimen160
\l__xeCJK_margin_dim=\dimen161
\l__xeCJK_minimum_bound_dim=\dimen162
\l__xeCJK_kerning_margin_dim=\dimen163
\g__xeCJK_family_int=\count187
\l__xeCJK_fam_int=\count188
\g__xeCJK_fam_allocation_int=\count189
\l__xeCJK_verb_case_int=\count190
\l__xeCJK_verb_exspace_skip=\skip55

(D:\kmol2021\data\miktex-portable\texmfs\install\tex/latex/fontspec\fontspec.st
y
Package: fontspec 2020/02/21 v2.7i Font selection for XeLaTeX and LuaLaTeX

(D:\kmol2021\data\miktex-portable\texmfs\install\tex/latex/fontspec\fontspec-xe
tex.sty
Package: fontspec-xetex 2020/02/21 v2.7i Font selection for XeLaTeX and LuaLaTe
X
\l__fontspec_script_int=\count191
\l__fontspec_language_int=\count192
\l__fontspec_strnum_int=\count193
\l__fontspec_tmp_int=\count194
\l__fontspec_tmpa_int=\count195
\l__fontspec_tmpb_int=\count196
\l__fontspec_tmpc_int=\count197
\l__fontspec_em_int=\count198
\l__fontspec_emdef_int=\count199
\l__fontspec_strong_int=\count266
\l__fontspec_strongdef_int=\count267
\l__fontspec_tmpa_dim=\dimen164
\l__fontspec_tmpb_dim=\dimen165
\l__fontspec_tmpc_dim=\dimen166

(D:\kmol2021\data\miktex-portable\texmfs\install\tex/latex/base\fontenc.sty
Package: fontenc 2020/02/11 v2.0o Standard LaTeX package
)
(D:\kmol2021\data\miktex-portable\texmfs\install\tex/latex/fontspec\fontspec.cf
g)))
(D:\kmol2021\data\miktex-portable\texmfs\install\tex/xelatex/xecjk\xeCJK.cfg
File: xeCJK.cfg 2020/02/18 v3.8.2 Configuration file for xeCJK package
))

Package fontspec Info: Could not resolve font "標楷體/BI" (it probably doesn't
(fontspec)             exist).


Package fontspec Info: Could not resolve font "標楷體/B" (it probably doesn't
(fontspec)             exist).


Package fontspec Info: Could not resolve font "標楷體/I" (it probably doesn't
(fontspec)             exist).


Package fontspec Info: Font family '標楷體(0)' created for font '標楷體' with
(fontspec)             options [Script={CJK}].
(fontspec)              
(fontspec)              This font family consists of the following NFSS
(fontspec)             series/shapes:
(fontspec)              
(fontspec)             - 'normal' (m/n) with NFSS spec.:
(fontspec)             <->"標楷體/OT:script=hani;language=dflt;"
(fontspec)             - 'small caps'  (m/sc) with NFSS spec.: 


Package fontspec Info: Font family 'TimesNewRoman(0)' created for font 'Times
(fontspec)             New Roman' with options [].
(fontspec)              
(fontspec)              This font family consists of the following NFSS
(fontspec)             series/shapes:
(fontspec)              
(fontspec)             - 'normal' (m/n) with NFSS spec.: <->"Times New
(fontspec)             Roman/OT:script=latn;language=dflt;"
(fontspec)             - 'small caps'  (m/sc) with NFSS spec.: <->"Times New
(fontspec)             Roman/OT:script=latn;language=dflt;+smcp;"
(fontspec)             - 'bold' (b/n) with NFSS spec.: <->"Times New
(fontspec)             Roman/B/OT:script=latn;language=dflt;"
(fontspec)             - 'bold small caps'  (b/sc) with NFSS spec.: <->"Times
(fontspec)             New Roman/B/OT:script=latn;language=dflt;+smcp;"
(fontspec)             - 'italic' (m/it) with NFSS spec.: <->"Times New
(fontspec)             Roman/I/OT:script=latn;language=dflt;"
(fontspec)             - 'italic small caps'  (m/scit) with NFSS spec.:
(fontspec)             <->"Times New
(fontspec)             Roman/I/OT:script=latn;language=dflt;+smcp;"
(fontspec)             - 'bold italic' (b/it) with NFSS spec.: <->"Times New
(fontspec)             Roman/BI/OT:script=latn;language=dflt;"
(fontspec)             - 'bold italic small caps'  (b/scit) with NFSS spec.:
(fontspec)             <->"Times New
(fontspec)             Roman/BI/OT:script=latn;language=dflt;+smcp;"


(D:\kmol2021\data\miktex-portable\texmfs\install\tex/latex/amsmath\amsmath.sty
Package: amsmath 2020/01/20 v2.17e AMS math features
\@mathmargin=\skip56

For additional information on amsmath, use the `?' option.
(D:\kmol2021\data\miktex-portable\texmfs\install\tex/latex/amsmath\amstext.sty
Package: amstext 2000/06/29 v2.01 AMS text

(D:\kmol2021\data\miktex-portable\texmfs\install\tex/latex/amsmath\amsgen.sty
File: amsgen.sty 1999/11/30 v2.0 generic functions
\@emptytoks=\toks15
\ex@=\dimen167
)) (D:\kmol2021\data\miktex-portable\texmfs\install\tex/latex/amsmath\amsbsy.st
y
Package: amsbsy 1999/11/29 v1.2d Bold Symbols
\pmbraise@=\dimen168
) (D:\kmol2021\data\miktex-portable\texmfs\install\tex/latex/amsmath\amsopn.sty
Package: amsopn 2016/03/08 v2.02 operator names
)
\inf@bad=\count268
LaTeX Info: Redefining \frac on input line 227.
\uproot@=\count269
\leftroot@=\count270
LaTeX Info: Redefining \overline on input line 389.
\classnum@=\count271
\DOTSCASE@=\count272
LaTeX Info: Redefining \ldots on input line 486.
LaTeX Info: Redefining \dots on input line 489.
LaTeX Info: Redefining \cdots on input line 610.
\Mathstrutbox@=\box47
\strutbox@=\box48
\big@size=\dimen169
LaTeX Font Info:    Redeclaring font encoding OML on input line 733.
LaTeX Font Info:    Redeclaring font encoding OMS on input line 734.
\macc@depth=\count273
\c@MaxMatrixCols=\count274
\dotsspace@=\muskip17
\c@parentequation=\count275
\dspbrk@lvl=\count276
\tag@help=\toks16
\row@=\count277
\column@=\count278
\maxfields@=\count279
\andhelp@=\toks17
\eqnshift@=\dimen170
\alignsep@=\dimen171
\tagshift@=\dimen172
\tagwidth@=\dimen173
\totwidth@=\dimen174
\lineht@=\dimen175
\@envbody=\toks18
\multlinegap=\skip57
\multlinetaggap=\skip58
\mathdisplay@stack=\toks19
LaTeX Info: Redefining \[ on input line 2859.
LaTeX Info: Redefining \] on input line 2860.
)
(D:\kmol2021\data\miktex-portable\texmfs\install\tex/latex/amsfonts\amssymb.sty
Package: amssymb 2013/01/14 v3.01 AMS font symbols

(D:\kmol2021\data\miktex-portable\texmfs\install\tex/latex/amsfonts\amsfonts.st
y
Package: amsfonts 2013/01/14 v3.01 Basic AMSFonts support
\symAMSa=\mathgroup4
\symAMSb=\mathgroup5
LaTeX Font Info:    Redeclaring math symbol \hbar on input line 98.
LaTeX Font Info:    Overwriting math alphabet `\mathfrak' in version `bold'
(Font)                  U/euf/m/n --> U/euf/b/n on input line 106.
))
(D:\kmol2021\data\miktex-portable\texmfs\install\tex/latex/graphics\graphicx.st
y
Package: graphicx 2019/11/30 v1.2a Enhanced LaTeX Graphics (DPC,SPQR)

(D:\kmol2021\data\miktex-portable\texmfs\install\tex/latex/graphics\keyval.sty
Package: keyval 2014/10/28 v1.15 key=value parser (DPC)
\KV@toks@=\toks20
)
(D:\kmol2021\data\miktex-portable\texmfs\install\tex/latex/graphics\graphics.st
y
Package: graphics 2019/11/30 v1.4a Standard LaTeX Graphics (DPC,SPQR)
 (D:\kmol2021\data\miktex-portable\texmfs\install\tex/latex/graphics\trig.sty
Package: trig 2016/01/03 v1.10 sin cos tan (DPC)
)
(D:\kmol2021\data\miktex-portable\texmfs\install\tex/latex/graphics-cfg\graphic
s.cfg
File: graphics.cfg 2016/06/04 v1.11 sample graphics configuration
)
Package graphics Info: Driver file: xetex.def on input line 105.

(D:\kmol2021\data\miktex-portable\texmfs\install\tex/latex/graphics-def\xetex.d
ef
File: xetex.def 2017/06/24 v5.0h Graphics/color driver for xetex
))
\Gin@req@height=\dimen176
\Gin@req@width=\dimen177
)
(D:\kmol2021\data\miktex-portable\texmfs\install\tex/latex/subfig\subfig.sty
Package: subfig 2005/06/28 ver: 1.3 subfig package

(D:\kmol2021\data\miktex-portable\texmfs\install\tex/latex/caption\caption.sty
Package: caption 2020/10/26 v3.5g Customizing captions (AR)

(D:\kmol2021\data\miktex-portable\texmfs\install\tex/latex/caption\caption3.sty
Package: caption3 2020/10/21 v2.2e caption3 kernel (AR)
\captionmargin=\dimen178
\captionmargin@=\dimen179
\captionwidth=\dimen180
\caption@tempdima=\dimen181
\caption@indent=\dimen182
\caption@parindent=\dimen183
\caption@hangindent=\dimen184
Package caption Info: Standard document class detected.
)
\c@caption@flags=\count280
\c@continuedfloat=\count281
)
\c@KVtest=\count282
\sf@farskip=\skip59
\sf@captopadj=\dimen185
\sf@capskip=\skip60
\sf@nearskip=\skip61
\c@subfigure=\count283
\c@subfigure@save=\count284
\c@lofdepth=\count285
\c@subtable=\count286
\c@subtable@save=\count287
\c@lotdepth=\count288
\sf@top=\skip62
\sf@bottom=\skip63
)
(D:\kmol2021\data\miktex-portable\texmfs\install\tex/latex/type1cm\type1cm.sty
Package: type1cm 2002/09/05 v0.04 BlueSky/Y&Y Type1 CM font definitions (DPC, p
atched RF)
) (D:\kmol2021\data\miktex-portable\texmfs\install\tex/latex/textpos\textpos.st
y
Package: textpos 2020/09/26 v1.10
Package: textpos 2020/09/26 1.10, absolute positioning of text on the page
Package textpos Info: choosing support for LaTeX2e on input line 61.
\TP@textbox=\box49
\TPHorizModule=\dimen186
\TPVertModule=\dimen187
\TP@margin=\dimen188
\TP@absmargin=\dimen189
Grid set 16 x 16 = 37.34424pt x 52.81541pt
\TPboxrulesize=\dimen190
\TP@tbargs=\toks21
)
(D:\kmol2021\data\miktex-portable\texmfs\install\tex/latex/geometry\geometry.st
y
Package: geometry 2020/01/02 v5.9 Page Geometry
 (D:\kmol2021\data\miktex-portable\texmfs\install\tex/generic/iftex\ifvtex.sty
Package: ifvtex 2019/10/25 v1.7 ifvtex legacy package. Use iftex instead.
(D:\kmol2021\data\miktex-portable\texmfs\install\tex/generic/iftex\iftex.sty
Package: iftex 2020/03/06 v1.0d TeX engine tests
))
\Gm@cnth=\count289
\Gm@cntv=\count290
\c@Gm@tempcnt=\count291
\Gm@bindingoffset=\dimen191
\Gm@wd@mp=\dimen192
\Gm@odd@mp=\dimen193
\Gm@even@mp=\dimen194
\Gm@layoutwidth=\dimen195
\Gm@layoutheight=\dimen196
\Gm@layouthoffset=\dimen197
\Gm@layoutvoffset=\dimen198
\Gm@dimlist=\toks22

(D:\kmol2021\data\miktex-portable\texmfs\install\tex/xelatex/xetexconfig\geomet
ry.cfg))
(D:\kmol2021\data\miktex-portable\texmfs\install\tex/latex/titlesec\titlesec.st
y
Package: titlesec 2019/10/16 v2.13 Sectioning titles
\ttl@box=\box50
\beforetitleunit=\skip64
\aftertitleunit=\skip65
\ttl@plus=\dimen199
\ttl@minus=\dimen256
\ttl@toksa=\toks23
\titlewidth=\dimen257
\titlewidthlast=\dimen258
\titlewidthfirst=\dimen259
)
(D:\kmol2021\data\miktex-portable\texmfs\install\tex/latex/titlesec\titletoc.st
y
Package: titletoc 2019/10/16 v2.13 TOC entries
\ttl@leftsep=\dimen260
) (D:\kmol2021\data\miktex-portable\texmfs\install\tex/latex/cjk\CJKnumb.sty
Package: CJKnumb 2015/04/18 4.8.4
\CJK@q=\count292
\CJK@r=\count293
)
(D:\kmol2021\data\miktex-portable\texmfs\install\tex/latex/wallpaper\wallpaper.
sty
Package: wallpaper 2005/01/18, v1.01 easy wallpaper formatting (MHFW)
 (D:\kmol2021\data\miktex-portable\texmfs\install\tex/latex/base\ifthen.sty
Package: ifthen 2014/09/29 v1.1c Standard LaTeX ifthen package (DPC)
) (D:\kmol2021\data\miktex-portable\texmfs\install\tex/latex/tools\calc.sty
Package: calc 2017/05/25 v4.3 Infix arithmetic (KKT,FJ)
\calc@Acount=\count294
\calc@Bcount=\count295
\calc@Adimen=\dimen261
\calc@Bdimen=\dimen262
\calc@Askip=\skip66
\calc@Bskip=\skip67
LaTeX Info: Redefining \setlength on input line 80.
LaTeX Info: Redefining \addtolength on input line 81.
\calc@Ccount=\count296
\calc@Cskip=\skip68
)
(D:\kmol2021\data\miktex-portable\texmfs\install\tex/latex/eso-pic\eso-pic.sty
Package: eso-pic 2018/04/12 v2.0h eso-pic (RN)

(D:\kmol2021\data\miktex-portable\texmfs\install\tex/generic/atbegshi\atbegshi.
sty
Package: atbegshi 2019/12/05 v1.19 At begin shipout hook (HO)

(D:\kmol2021\data\miktex-portable\texmfs\install\tex/generic/infwarerr\infwarer
r.sty
Package: infwarerr 2019/12/03 v1.5 Providing info/warning/error messages (HO)
)
(D:\kmol2021\data\miktex-portable\texmfs\install\tex/generic/ltxcmds\ltxcmds.st
y
Package: ltxcmds 2020-05-10 v1.25 LaTeX kernel commands for general use (HO)
))
(D:\kmol2021\data\miktex-portable\texmfs\install\tex/latex/xcolor\xcolor.sty
Package: xcolor 2016/05/11 v2.12 LaTeX color extensions (UK)

(D:\kmol2021\data\miktex-portable\texmfs\install\tex/latex/graphics-cfg\color.c
fg
File: color.cfg 2016/01/02 v1.6 sample color configuration
)
Package xcolor Info: Driver file: xetex.def on input line 225.
Package xcolor Info: Model `cmy' substituted by `cmy0' on input line 1348.
Package xcolor Info: Model `RGB' extended on input line 1364.
Package xcolor Info: Model `HTML' substituted by `rgb' on input line 1366.
Package xcolor Info: Model `Hsb' substituted by `hsb' on input line 1367.
Package xcolor Info: Model `tHsb' substituted by `hsb' on input line 1368.
Package xcolor Info: Model `HSB' substituted by `hsb' on input line 1369.
Package xcolor Info: Model `Gray' substituted by `gray' on input line 1370.
Package xcolor Info: Model `wave' substituted by `hsb' on input line 1371.
))
\wpXoffset=\skip69
\wpYoffset=\skip70
\tileXoffset=\skip71
\tileYoffset=\skip72
\tilewidth=\skip73
\tileheight=\skip74
\tileX=\skip75
\tileY=\skip76
)
(D:\kmol2021\data\miktex-portable\texmfs\install\tex/latex/listings\listings.st
y
\lst@mode=\count297
\lst@gtempboxa=\box51
\lst@token=\toks24
\lst@length=\count298
\lst@currlwidth=\dimen263
\lst@column=\count299
\lst@pos=\count300
\lst@lostspace=\dimen264
\lst@width=\dimen265
\lst@newlines=\count301
\lst@lineno=\count302
\lst@maxwidth=\dimen266

(D:\kmol2021\data\miktex-portable\texmfs\install\tex/latex/listings\lstmisc.sty
File: lstmisc.sty 2019/09/10 1.8c (Carsten Heinz)
\c@lstnumber=\count303
\lst@skipnumbers=\count304
\lst@framebox=\box52
)
(D:\kmol2021\data\miktex-portable\texmfs\install\tex/latex/listings\listings.cf
g
File: listings.cfg 2019/09/10 1.8c listings configuration
))
Package: listings 2019/09/10 1.8c (Carsten Heinz)

(D:\kmol2021\data\miktex-portable\texmfs\install\tex/latex/listings\lstlang1.st
y
File: lstlang1.sty 2019/09/10 1.8c listings language file
)
(D:\kmol2021\data\miktex-portable\texmfs\install\tex/latex/hyperref\hyperref.st
y
Package: hyperref 2020/01/14 v7.00d Hypertext links for LaTeX

(D:\kmol2021\data\miktex-portable\texmfs\install\tex/latex/pdftexcmds\pdftexcmd
s.sty
Package: pdftexcmds 2019/11/24 v0.31 Utility functions of pdfTeX for LuaTeX (HO
)
Package pdftexcmds Info: \pdf@primitive is available.
Package pdftexcmds Info: \pdf@ifprimitive is available.
Package pdftexcmds Info: \pdfdraftmode not found.
)
(D:\kmol2021\data\miktex-portable\texmfs\install\tex/generic/kvsetkeys\kvsetkey
s.sty
Package: kvsetkeys 2019/12/15 v1.18 Key value parser (HO)
)
(D:\kmol2021\data\miktex-portable\texmfs\install\tex/generic/kvdefinekeys\kvdef
inekeys.sty
Package: kvdefinekeys 2019-12-19 v1.6 Define keys (HO)
)
(D:\kmol2021\data\miktex-portable\texmfs\install\tex/generic/pdfescape\pdfescap
e.sty
Package: pdfescape 2019/12/09 v1.15 Implements pdfTeX's escape features (HO)
)
(D:\kmol2021\data\miktex-portable\texmfs\install\tex/latex/hycolor\hycolor.sty
Package: hycolor 2020-01-27 v1.10 Color options for hyperref/bookmark (HO)
)
(D:\kmol2021\data\miktex-portable\texmfs\install\tex/latex/letltxmacro\letltxma
cro.sty
Package: letltxmacro 2019/12/03 v1.6 Let assignment for LaTeX macros (HO)
)
(D:\kmol2021\data\miktex-portable\texmfs\install\tex/latex/auxhook\auxhook.sty
Package: auxhook 2019-12-17 v1.6 Hooks for auxiliary files (HO)
)
(D:\kmol2021\data\miktex-portable\texmfs\install\tex/latex/kvoptions\kvoptions.
sty
Package: kvoptions 2020-10-07 v3.14 Key value format for package options (HO)
)
\@linkdim=\dimen267
\Hy@linkcounter=\count305
\Hy@pagecounter=\count306

(D:\kmol2021\data\miktex-portable\texmfs\install\tex/latex/hyperref\pd1enc.def
File: pd1enc.def 2020/01/14 v7.00d Hyperref: PDFDocEncoding definition (HO)
)
(D:\kmol2021\data\miktex-portable\texmfs\install\tex/generic/intcalc\intcalc.st
y
Package: intcalc 2019/12/15 v1.3 Expandable calculations with integers (HO)
)
(D:\kmol2021\data\miktex-portable\texmfs\install\tex/generic/etexcmds\etexcmds.
sty
Package: etexcmds 2019/12/15 v1.7 Avoid name clashes with e-TeX commands (HO)
)
\Hy@SavedSpaceFactor=\count307
Package hyperref Info: Hyper figures OFF on input line 4547.
Package hyperref Info: Link nesting OFF on input line 4552.
Package hyperref Info: Hyper index ON on input line 4555.
Package hyperref Info: Plain pages OFF on input line 4562.
Package hyperref Info: Backreferencing OFF on input line 4567.
Package hyperref Info: Implicit mode ON; LaTeX internals redefined.
Package hyperref Info: Bookmarks ON on input line 4800.
\c@Hy@tempcnt=\count308
 (D:\kmol2021\data\miktex-portable\texmfs\install\tex/latex/url\url.sty
\Urlmuskip=\muskip18
Package: url 2013/09/16  ver 3.4  Verb mode for urls, etc.
)
LaTeX Info: Redefining \url on input line 5159.
\XeTeXLinkMargin=\dimen268

(D:\kmol2021\data\miktex-portable\texmfs\install\tex/generic/bitset\bitset.sty
Package: bitset 2019/12/09 v1.3 Handle bit-vector datatype (HO)

(D:\kmol2021\data\miktex-portable\texmfs\install\tex/generic/bigintcalc\bigintc
alc.sty
Package: bigintcalc 2019/12/15 v1.5 Expandable calculations on big integers (HO
)
))
\Fld@menulength=\count309
\Field@Width=\dimen269
\Fld@charsize=\dimen270
Package hyperref Info: Hyper figures OFF on input line 6430.
Package hyperref Info: Link nesting OFF on input line 6435.
Package hyperref Info: Hyper index ON on input line 6438.
Package hyperref Info: backreferencing OFF on input line 6445.
Package hyperref Info: Link coloring OFF on input line 6450.
Package hyperref Info: Link coloring with OCG OFF on input line 6455.
Package hyperref Info: PDF/A mode OFF on input line 6460.
LaTeX Info: Redefining \ref on input line 6500.
LaTeX Info: Redefining \pageref on input line 6504.
\Hy@abspage=\count310
\c@Item=\count311
\c@Hfootnote=\count312
)
Package hyperref Info: Driver (autodetected): hxetex.

(D:\kmol2021\data\miktex-portable\texmfs\install\tex/latex/hyperref\hxetex.def
File: hxetex.def 2020/01/14 v7.00d Hyperref driver for XeTeX

(D:\kmol2021\data\miktex-portable\texmfs\install\tex/latex/hyperref\puenc.def
File: puenc.def 2020/01/14 v7.00d Hyperref: PDF Unicode definition (HO)
)
(D:\kmol2021\data\miktex-portable\texmfs\install\tex/generic/stringenc\stringen
c.sty
Package: stringenc 2019/11/29 v1.12 Convert strings between diff. encodings (HO
)
)
\pdfm@box=\box53
\c@Hy@AnnotLevel=\count313
\HyField@AnnotCount=\count314
\Fld@listcount=\count315
\c@bookmark@seq@number=\count316

(D:\kmol2021\data\miktex-portable\texmfs\install\tex/latex/rerunfilecheck\rerun
filecheck.sty
Package: rerunfilecheck 2019/12/05 v1.9 Rerun checks for auxiliary files (HO)

(D:\kmol2021\data\miktex-portable\texmfs\install\tex/latex/atveryend\atveryend.
sty
Package: atveryend 2019-12-11 v1.11 Hooks at the very end of document (HO)
Package atveryend Info: \enddocument detected (standard20110627).
)
(D:\kmol2021\data\miktex-portable\texmfs\install\tex/generic/uniquecounter\uniq
uecounter.sty
Package: uniquecounter 2019/12/15 v1.4 Provide unlimited unique counter (HO)
)
Package uniquecounter Info: New unique counter `rerunfilecheck' on input line 2
86.
)
\Hy@SectionHShift=\skip77
)
(D:\kmol2021\data\miktex-portable\texmfs\install\tex/latex/fontawesome5\fontawe
some5.sty
Package: fontawesome5 2020/03/24 v5.13.0 Font Awesome 5

(D:\kmol2021\data\miktex-portable\texmfs\install\tex/latex/fontawesome5\fontawe
some5-utex-helper.sty
Package: fontawesome5-utex-helper 2020/03/24 v5.13.0 uTeX helper for fontawesom
e5
LaTeX Font Info:    Trying to load font information for TU+fontawesomefree on i
nput line 69.

(D:\kmol2021\data\miktex-portable\texmfs\install\tex/latex/fontawesome5\tufonta
wesomefree.fd)
LaTeX Font Info:    Trying to load font information for TU+fontawesomebrands on
 input line 70.

(D:\kmol2021\data\miktex-portable\texmfs\install\tex/latex/fontawesome5\tufonta
wesomebrands.fd)))
(D:\kmol2021\data\miktex-portable\texmfs\install\tex/latex/setspace\setspace.st
y
Package: setspace 2011/12/19 v6.7a set line spacing
)
(D:\kmol2021\data\miktex-portable\texmfs\install\tex/latex/tools\indentfirst.st
y
Package: indentfirst 1995/11/23 v1.03 Indent first paragraph (DPC)
)
(D:\kmol2021\data\miktex-portable\texmfs\install\tex/xelatex/xecjk\xeCJK-listin
gs.sty
Package: xeCJK-listings 2020/02/18 v3.8.2 xeCJK patch file for listings
\l__xeCJK_listings_max_char_int=\count317
\l__xeCJK_listings_flag_int=\count318
)

LaTeX Warning: Unused global option(s):
    [14pt].

(first.aux)
\openout1 = `first.aux'.

LaTeX Font Info:    Checking defaults for OML/cmm/m/it on input line 50.
LaTeX Font Info:    ... okay on input line 50.
LaTeX Font Info:    Checking defaults for OMS/cmsy/m/n on input line 50.
LaTeX Font Info:    ... okay on input line 50.
LaTeX Font Info:    Checking defaults for OT1/cmr/m/n on input line 50.
LaTeX Font Info:    ... okay on input line 50.
LaTeX Font Info:    Checking defaults for T1/cmr/m/n on input line 50.
LaTeX Font Info:    ... okay on input line 50.
LaTeX Font Info:    Checking defaults for TS1/cmr/m/n on input line 50.
LaTeX Font Info:    Trying to load font information for TS1+cmr on input line 5
0.

(D:\kmol2021\data\miktex-portable\texmfs\install\tex/latex/base\ts1cmr.fd
File: ts1cmr.fd 2019/12/16 v2.5j Standard LaTeX font definitions
)
LaTeX Font Info:    ... okay on input line 50.
LaTeX Font Info:    Checking defaults for TU/lmr/m/n on input line 50.
LaTeX Font Info:    ... okay on input line 50.
LaTeX Font Info:    Checking defaults for OMX/cmex/m/n on input line 50.
LaTeX Font Info:    ... okay on input line 50.
LaTeX Font Info:    Checking defaults for U/cmr/m/n on input line 50.
LaTeX Font Info:    ... okay on input line 50.
LaTeX Font Info:    Checking defaults for PD1/pdf/m/n on input line 50.
LaTeX Font Info:    ... okay on input line 50.
LaTeX Font Info:    Checking defaults for PU/pdf/m/n on input line 50.
LaTeX Font Info:    ... okay on input line 50.

Package fontspec Info: Adjusting the maths setup (use [no-math] to avoid
(fontspec)             this).

\symlegacymaths=\mathgroup6
LaTeX Font Info:    Overwriting symbol font `legacymaths' in version `bold'
(Font)                  OT1/cmr/m/n --> OT1/cmr/bx/n on input line 50.
LaTeX Font Info:    Redeclaring math accent \acute on input line 50.
LaTeX Font Info:    Redeclaring math accent \grave on input line 50.
LaTeX Font Info:    Redeclaring math accent \ddot on input line 50.
LaTeX Font Info:    Redeclaring math accent \tilde on input line 50.
LaTeX Font Info:    Redeclaring math accent \bar on input line 50.
LaTeX Font Info:    Redeclaring math accent \breve on input line 50.
LaTeX Font Info:    Redeclaring math accent \check on input line 50.
LaTeX Font Info:    Redeclaring math accent \hat on input line 50.
LaTeX Font Info:    Redeclaring math accent \dot on input line 50.
LaTeX Font Info:    Redeclaring math accent \mathring on input line 50.
LaTeX Font Info:    Redeclaring math symbol \Gamma on input line 50.
LaTeX Font Info:    Redeclaring math symbol \Delta on input line 50.
LaTeX Font Info:    Redeclaring math symbol \Theta on input line 50.
LaTeX Font Info:    Redeclaring math symbol \Lambda on input line 50.
LaTeX Font Info:    Redeclaring math symbol \Xi on input line 50.
LaTeX Font Info:    Redeclaring math symbol \Pi on input line 50.
LaTeX Font Info:    Redeclaring math symbol \Sigma on input line 50.
LaTeX Font Info:    Redeclaring math symbol \Upsilon on input line 50.
LaTeX Font Info:    Redeclaring math symbol \Phi on input line 50.
LaTeX Font Info:    Redeclaring math symbol \Psi on input line 50.
LaTeX Font Info:    Redeclaring math symbol \Omega on input line 50.
LaTeX Font Info:    Redeclaring math symbol \mathdollar on input line 50.
LaTeX Font Info:    Redeclaring symbol font `operators' on input line 50.
LaTeX Font Info:    Encoding `OT1' has changed to `TU' for symbol font
(Font)              `operators' in the math version `normal' on input line 50.
LaTeX Font Info:    Overwriting symbol font `operators' in version `normal'
(Font)                  OT1/cmr/m/n --> TU/lmr/m/n on input line 50.
LaTeX Font Info:    Encoding `OT1' has changed to `TU' for symbol font
(Font)              `operators' in the math version `bold' on input line 50.
LaTeX Font Info:    Overwriting symbol font `operators' in version `bold'
(Font)                  OT1/cmr/bx/n --> TU/lmr/m/n on input line 50.
LaTeX Font Info:    Overwriting symbol font `operators' in version `normal'
(Font)                  TU/lmr/m/n --> TU/lmr/m/n on input line 50.
LaTeX Font Info:    Overwriting math alphabet `\mathit' in version `normal'
(Font)                  OT1/cmr/m/it --> TU/lmr/m/it on input line 50.
LaTeX Font Info:    Overwriting math alphabet `\mathbf' in version `normal'
(Font)                  OT1/cmr/bx/n --> TU/lmr/b/n on input line 50.
LaTeX Font Info:    Overwriting math alphabet `\mathsf' in version `normal'
(Font)                  OT1/cmss/m/n --> TU/lmss/m/n on input line 50.
LaTeX Font Info:    Overwriting math alphabet `\mathtt' in version `normal'
(Font)                  OT1/cmtt/m/n --> TU/lmtt/m/n on input line 50.
LaTeX Font Info:    Overwriting symbol font `operators' in version `bold'
(Font)                  TU/lmr/m/n --> TU/lmr/b/n on input line 50.
LaTeX Font Info:    Overwriting math alphabet `\mathit' in version `bold'
(Font)                  OT1/cmr/bx/it --> TU/lmr/b/it on input line 50.
LaTeX Font Info:    Overwriting math alphabet `\mathsf' in version `bold'
(Font)                  OT1/cmss/bx/n --> TU/lmss/b/n on input line 50.
LaTeX Font Info:    Overwriting math alphabet `\mathtt' in version `bold'
(Font)                  OT1/cmtt/m/n --> TU/lmtt/b/n on input line 50.
Package caption Info: Begin \AtBeginDocument code.
Package caption Info: subfig package v1.3 is loaded.
Package caption Info: hyperref package is loaded.
Package caption Info: listings package is loaded.
Package caption Info: End \AtBeginDocument code.

*geometry* detected driver: pdftex
*geometry* verbose mode - [ preamble ] result:
* driver: pdftex
* paper: a4paper
* layout: <same size as paper>
* layoutoffset:(h,v)=(0.0pt,0.0pt)
* modes: 
* h-part:(L,W,R)=(85.35826pt, 441.01773pt, 71.13188pt)
* v-part:(T,H,B)=(71.13188pt, 702.78308pt, 71.13188pt)
* \paperwidth=597.50787pt
* \paperheight=845.04684pt
* \textwidth=441.01773pt
* \textheight=702.78308pt
* \oddsidemargin=13.08827pt
* \evensidemargin=13.08827pt
* \topmargin=-38.1381pt
* \headheight=12.0pt
* \headsep=25.0pt
* \topskip=10.0pt
* \footskip=30.0pt
* \marginparwidth=57.0pt
* \marginparsep=11.0pt
* \columnsep=10.0pt
* \skip\footins=9.0pt plus 4.0pt minus 2.0pt
* \hoffset=-14.22636pt
* \voffset=-28.45274pt
* \mag=1000
* \@twocolumnfalse
* \@twosidefalse
* \@mparswitchfalse
* \@reversemarginfalse
* (1in=72.27pt=25.4mm, 1cm=28.453pt)

\AtBeginShipoutBox=\box54
\c@lstlisting=\count319
Package hyperref Info: Link coloring OFF on input line 50.

(D:\kmol2021\data\miktex-portable\texmfs\install\tex/latex/hyperref\nameref.sty
Package: nameref 2019/09/16 v2.46 Cross-referencing by name of section

(D:\kmol2021\data\miktex-portable\texmfs\install\tex/latex/refcount\refcount.st
y
Package: refcount 2019/12/15 v3.6 Data extraction from label references (HO)
)
(D:\kmol2021\data\miktex-portable\texmfs\install\tex/generic/gettitlestring\get
titlestring.sty
Package: gettitlestring 2019/12/15 v1.6 Cleanup title references (HO)
)
\c@section@level=\count320
)
LaTeX Info: Redefining \ref on input line 50.
LaTeX Info: Redefining \pageref on input line 50.
LaTeX Info: Redefining \nameref on input line 50.
 (first.out) (first.out)
\@outlinefile=\write3
\openout3 = `first.out'.


Underfull \hbox (badness 10000) detected at line 55
\TU/標楷體(0)/m/n/24 國 立 虎 尾 科 技 大 學
 []


Underfull \hbox (badness 10000) detected at line 57
\TU/標楷體(0)/m/n/24 機 械 設 計 工 程 系
 []


Underfull \hbox (badness 10000) detected at line 59
\TU/標楷體(0)/m/n/24 專 題 製 作 報 告
 []


LaTeX Font Warning: Font shape `TU/標楷體(0)/b/n' undefined
(Font)              using `TU/標楷體(0)/m/n' instead on input line 63.


Overfull \hbox (116.6662pt too wide) detected at line 77
\TU/標楷體(0)/m/n/17.28 指 導 教 授：|  嚴 家 銘 老 師
 []


Overfull \hbox (82.1062pt too wide) detected at line 79
\TU/標楷體(0)/m/n/17.28 班 級：|  四 設 三 甲
 []


Overfull \hbox (144.8137pt too wide) detected at line 81
\TU/標楷體(0)/m/n/17.28 學 生：|  李 正 揚 \TU/TimesNewRoman(0)/m/n/17.28 (40723110)
 []


Overfull \hbox (145.25627pt too wide) detected at line 84
 \TU/標楷體(0)/m/n/17.28 林 于 哲 \TU/TimesNewRoman(0)/m/n/17.28 (40723115)
 []


Overfull \hbox (145.89752pt too wide) detected at line 86
 \TU/標楷體(0)/m/n/17.28 黃 奕 慶 \TU/TimesNewRoman(0)/m/n/17.28 (40723138)
 []


Overfull \hbox (145.89752pt too wide) detected at line 88
 \TU/標楷體(0)/m/n/17.28 鄭 博 鴻 \TU/TimesNewRoman(0)/m/n/17.28 (40723148)
 []


Overfull \hbox (145.89752pt too wide) detected at line 90
 \TU/標楷體(0)/m/n/17.28 簡 國 龍 \TU/TimesNewRoman(0)/m/n/17.28 (40723150)
 []


(D:\kmol2021\data\miktex-portable\texmfs\install\tex/generic/stringenc\se-ascii
-print.def
File: se-ascii-print.def 2019/11/29 v1.12 stringenc: Printable ASCII characters

) [1

]

Package hyperref Warning: Token not allowed in a PDF string (Unicode):
(hyperref)                \hskip 10.0pt
(hyperref)                replaced by space on input line 105.

[1

]

Package hyperref Warning: Token not allowed in a PDF string (Unicode):
(hyperref)                \hskip 17.28pt
(hyperref)                replaced by space on input line 117.

[2] (first.toc
Overfull \hbox (1.77997pt too wide) detected at line 13
 \TU/TimesNewRoman(0)/m/n/17.28 12
 []

<<<<<<< HEAD

Overfull \hbox (1.77997pt too wide) detected at line 14
 \TU/TimesNewRoman(0)/m/n/17.28 16
 []


Overfull \hbox (1.77997pt too wide) detected at line 15
 \TU/TimesNewRoman(0)/m/n/17.28 16
=======
(first.toc
Overfull \hbox (0.363pt too wide) detected at line 15
 \TU/lmr/m/n/17.28 10
>>>>>>> 7b27b15c8db347e4b6f8baeb50aafebf8c21b536
 []


Overfull \hbox (1.77997pt too wide) detected at line 16
 \TU/TimesNewRoman(0)/m/n/17.28 16
 []


Overfull \hbox (1.77997pt too wide) detected at line 17
 \TU/TimesNewRoman(0)/m/n/17.28 17
 []


Overfull \hbox (1.77997pt too wide) detected at line 18
 \TU/TimesNewRoman(0)/m/n/17.28 17
 []


<<<<<<< HEAD
Overfull \hbox (1.77997pt too wide) detected at line 19
 \TU/TimesNewRoman(0)/m/n/17.28 19
 []


Overfull \hbox (1.77997pt too wide) detected at line 20
 \TU/TimesNewRoman(0)/m/n/17.28 22
=======
Overfull \hbox (0.363pt too wide) detected at line 19
 \TU/lmr/m/n/17.28 12
 []


Overfull \hbox (0.363pt too wide) detected at line 20
 \TU/lmr/m/n/17.28 12
>>>>>>> 7b27b15c8db347e4b6f8baeb50aafebf8c21b536
 []

[3

]
Overfull \hbox (1.77997pt too wide) detected at line 21
 \TU/TimesNewRoman(0)/m/n/17.28 23
 []


<<<<<<< HEAD
Overfull \hbox (1.77997pt too wide) detected at line 22
 \TU/TimesNewRoman(0)/m/n/17.28 23
 []


Overfull \hbox (1.77997pt too wide) detected at line 23
 \TU/TimesNewRoman(0)/m/n/17.28 23
 []


Overfull \hbox (1.77997pt too wide) detected at line 24
 \TU/TimesNewRoman(0)/m/n/17.28 23
=======
Overfull \hbox (0.363pt too wide) detected at line 22
 \TU/lmr/m/n/17.28 16
 []


Overfull \hbox (0.363pt too wide) detected at line 23
 \TU/lmr/m/n/17.28 16
 []


Overfull \hbox (0.363pt too wide) detected at line 24
 \TU/lmr/m/n/17.28 16
>>>>>>> 7b27b15c8db347e4b6f8baeb50aafebf8c21b536
 []


Overfull \hbox (1.77997pt too wide) detected at line 25
 \TU/TimesNewRoman(0)/m/n/17.28 25
 []


Overfull \hbox (1.77997pt too wide) detected at line 26
 \TU/TimesNewRoman(0)/m/n/17.28 25
 []


<<<<<<< HEAD
Overfull \hbox (1.77997pt too wide) detected at line 27
 \TU/TimesNewRoman(0)/m/n/17.28 25
 []


Overfull \hbox (1.77997pt too wide) detected at line 28
 \TU/TimesNewRoman(0)/m/n/17.28 25
=======
Overfull \hbox (0.363pt too wide) detected at line 27
 \TU/lmr/m/n/17.28 17
 []


Overfull \hbox (0.363pt too wide) detected at line 28
 \TU/lmr/m/n/17.28 17
>>>>>>> 7b27b15c8db347e4b6f8baeb50aafebf8c21b536
 []

[3

<<<<<<< HEAD
Overfull \hbox (1.77997pt too wide) detected at line 29
 \TU/TimesNewRoman(0)/m/n/17.28 25
=======
]
Overfull \hbox (0.363pt too wide) detected at line 29
 \TU/lmr/m/n/17.28 17
>>>>>>> 7b27b15c8db347e4b6f8baeb50aafebf8c21b536
 []


Overfull \hbox (1.77997pt too wide) detected at line 30
 \TU/TimesNewRoman(0)/m/n/17.28 27
 []


Overfull \hbox (1.77997pt too wide) detected at line 31
 \TU/TimesNewRoman(0)/m/n/17.28 27
 []


Overfull \hbox (1.77997pt too wide) detected at line 32
 \TU/TimesNewRoman(0)/m/n/17.28 27
 []


Overfull \hbox (1.77997pt too wide) detected at line 33
 \TU/TimesNewRoman(0)/m/n/17.28 27
 []


Overfull \hbox (1.77997pt too wide) detected at line 34
 \TU/TimesNewRoman(0)/m/n/17.28 27
 []


<<<<<<< HEAD
Overfull \hbox (1.77997pt too wide) detected at line 35
 \TU/TimesNewRoman(0)/m/n/17.28 28
 []


Overfull \hbox (1.77997pt too wide) detected at line 36
 \TU/TimesNewRoman(0)/m/n/17.28 28
 []


Overfull \hbox (1.77997pt too wide) detected at line 37
 \TU/TimesNewRoman(0)/m/n/17.28 28
 []


Overfull \hbox (1.77997pt too wide) detected at line 38
 \TU/TimesNewRoman(0)/m/n/17.28 29
 []


Overfull \hbox (1.77997pt too wide) detected at line 39
 \TU/TimesNewRoman(0)/m/n/17.28 29
 []


Overfull \hbox (1.77997pt too wide) detected at line 40
 \TU/TimesNewRoman(0)/m/n/17.28 30
 []


Overfull \hbox (1.77997pt too wide) detected at line 41
 \TU/TimesNewRoman(0)/m/n/17.28 32
 []

[4]
Overfull \hbox (1.77997pt too wide) detected at line 42
 \TU/TimesNewRoman(0)/m/n/17.28 33
 []


Overfull \hbox (1.77997pt too wide) detected at line 43
 \TU/TimesNewRoman(0)/m/n/17.28 34
 []


Overfull \hbox (1.77997pt too wide) detected at line 44
 \TU/TimesNewRoman(0)/m/n/17.28 35
=======
Overfull \hbox (0.363pt too wide) detected at line 35
 \TU/lmr/m/n/17.28 19
 []


Overfull \hbox (0.363pt too wide) detected at line 36
 \TU/lmr/m/n/17.28 19
 []


Overfull \hbox (0.363pt too wide) detected at line 37
 \TU/lmr/m/n/17.28 19
 []


Overfull \hbox (0.363pt too wide) detected at line 38
 \TU/lmr/m/n/17.28 20
 []


Overfull \hbox (0.363pt too wide) detected at line 39
 \TU/lmr/m/n/17.28 20
 []


Overfull \hbox (0.363pt too wide) detected at line 40
 \TU/lmr/m/n/17.28 22
 []


Overfull \hbox (0.363pt too wide) detected at line 41
 \TU/lmr/m/n/17.28 23
 []


Overfull \hbox (0.363pt too wide) detected at line 42
 \TU/lmr/m/n/17.28 24
>>>>>>> 7b27b15c8db347e4b6f8baeb50aafebf8c21b536
 []

)
\tf@toc=\write4
\openout4 = `first.toc'.

<<<<<<< HEAD
 [5] (first.lof
Overfull \hbox (0.363pt too wide) detected at line 4
 []\TU/lmr/m/n/17.28 13
 []


Overfull \hbox (0.363pt too wide) detected at line 5
 []\TU/lmr/m/n/17.28 13
 []


Overfull \hbox (0.363pt too wide) detected at line 6
 []\TU/lmr/m/n/17.28 14
=======
 [4]
Underfull \hbox (badness 10000) in paragraph at lines 120--120
||
 []

(first.lof
Overfull \hbox (0.363pt too wide) detected at line 8
 []\TU/lmr/m/n/17.28 11
 []


Overfull \hbox (0.363pt too wide) detected at line 9
 []\TU/lmr/m/n/17.28 11
 []


Overfull \hbox (0.363pt too wide) detected at line 10
 []\TU/lmr/m/n/17.28 13
>>>>>>> 7b27b15c8db347e4b6f8baeb50aafebf8c21b536
 []


Overfull \hbox (0.363pt too wide) detected at line 7
 []\TU/lmr/m/n/17.28 15
 []


Overfull \hbox (0.363pt too wide) detected at line 8
 []\TU/lmr/m/n/17.28 16
 []


Overfull \hbox (0.363pt too wide) detected at line 9
 []\TU/lmr/m/n/17.28 16
 []


Overfull \hbox (0.363pt too wide) detected at line 10
 []\TU/lmr/m/n/17.28 19
 []

)
\tf@lof=\write5
\openout5 = `first.lof'.

 [6

]
Chapter 1.

Underfull \hbox (badness 10000) in paragraph at lines 147--148

 []


Underfull \hbox (badness 10000) in paragraph at lines 149--151

 []


Underfull \hbox (badness 10000) in paragraph at lines 152--153

 []


Underfull \hbox (badness 10000) in paragraph at lines 157--158

 []

[1

] [2]
Chapter 2.

Underfull \hbox (badness 10000) in paragraph at lines 169--170

 []

[3

]
Underfull \hbox (badness 10000) in paragraph at lines 176--178

 []

LaTeX Font Info:    Calculating math sizes for size <14> on input line 178.

Underfull \hbox (badness 10000) in paragraph at lines 178--190

 []


Underfull \hbox (badness 10000) in paragraph at lines 190--192

 []


Underfull \hbox (badness 10000) in paragraph at lines 192--194

 []

[4]
Underfull \hbox (badness 10000) in paragraph at lines 200--202

 []


Underfull \hbox (badness 10000) in paragraph at lines 202--204

 []


Underfull \hbox (badness 10000) in paragraph at lines 204--206

 []


Underfull \hbox (badness 10000) in paragraph at lines 206--207

 []


Underfull \hbox (badness 10000) in paragraph at lines 207--209

 []


Underfull \hbox (badness 10000) in paragraph at lines 209--210

 []

[5]
Underfull \hbox (badness 10000) in paragraph at lines 210--212

 []

File: ./圖片/MSE.png Graphic file (type bmp)
<./圖片/MSE.png>

Underfull \hbox (badness 10000) in paragraph at lines 223--228

 []


Underfull \hbox (badness 10000) in paragraph at lines 228--230

 []

[6]
Underfull \hbox (badness 10000) in paragraph at lines 270--272

 []


Underfull \hbox (badness 10000) in paragraph at lines 272--274

 []


Underfull \hbox (badness 10000) in paragraph at lines 274--276

 []


Underfull \hbox (badness 10000) in paragraph at lines 276--278

 []

[7]
Underfull \hbox (badness 10000) in paragraph at lines 278--280

 []


Underfull \hbox (badness 10000) in paragraph at lines 280--282

 []


Underfull \hbox (badness 10000) in paragraph at lines 282--284

 []


Underfull \hbox (badness 10000) in paragraph at lines 284--286

 []


Underfull \hbox (badness 10000) in paragraph at lines 286--288

 []


Underfull \hbox (badness 10000) in paragraph at lines 288--290

 []

[8]
Underfull \hbox (badness 10000) in paragraph at lines 290--292

 []


Underfull \hbox (badness 10000) in paragraph at lines 292--294

 []


Underfull \hbox (badness 10000) in paragraph at lines 294--296

 []


Underfull \hbox (badness 10000) in paragraph at lines 296--298

 []


Underfull \hbox (badness 10000) in paragraph at lines 298--300

 []


Underfull \hbox (badness 10000) in paragraph at lines 304--305

 []


Underfull \hbox (badness 10000) in paragraph at lines 306--308

 []

[9]
Underfull \hbox (badness 10000) in paragraph at lines 309--311

 []


Underfull \hbox (badness 10000) in paragraph at lines 312--315

 []


Underfull \hbox (badness 10000) in paragraph at lines 316--318

 []

[10] [11]
Underfull \hbox (badness 10000) in paragraph at lines 323--328

 []

File: ./圖片/Faces_of_Reinforcement_Learning.png Graphic file (type bmp)
<./圖片/Faces_of_Reinforcement_Learning.png>

Underfull \hbox (badness 10000) in paragraph at lines 338--340

 []

File: ./圖片/The_Flow_of_Reinforcement_Learning.png Graphic file (type bmp)
<./圖片/The_Flow_of_Reinforcement_Learning.png>
File: ./圖片/The_entire_interaction_process.png Graphic file (type bmp)
<./圖片/The_entire_interaction_process.png>
[12]
Underfull \hbox (badness 10000) in paragraph at lines 356--367

 []


Underfull \hbox (badness 10000) in paragraph at lines 368--383

 []

[13]
Underfull \hbox (badness 10000) in paragraph at lines 384--385

 []

File: ./圖片/agent.png Graphic file (type bmp)
<./圖片/agent.png>

Underfull \hbox (badness 10000) in paragraph at lines 386--398

 []

<<<<<<< HEAD
[14] [15]
File: ./圖片/network.png Graphic file (type bmp)
<./圖片/network.png>

Underfull \hbox (badness 10000) in paragraph at lines 408--410
=======

Underfull \hbox (badness 10000) in paragraph at lines 390--392

 []

[9]
Underfull \hbox (badness 10000) in paragraph at lines 392--394

 []


Underfull \hbox (badness 10000) in paragraph at lines 395--396

 []


Overfull \hbox (3.31839pt too wide) in paragraph at lines 399--402
\TU/標楷體(0)/m/n/14 獎 勵 衰 減 有 幾 種 作 法：|  第 一 種，|  越 早 做 出 有 獎 勵 的 決 策，|  獎 勵 越 高：
|  第
 []


Underfull \hbox (badness 10000) in paragraph at lines 399--402

 []

Missing character: There is no 立 in font [lmroman12-regular]:mapping=tex-text;!
Missing character: There is no 即 in font [lmroman12-regular]:mapping=tex-text;!
Missing character: There is no 獎 in font [lmroman12-regular]:mapping=tex-text;!
Missing character: There is no 勵 in font [lmroman12-regular]:mapping=tex-text;!
Missing character: There is no ： in font [lmroman12-regular]:mapping=tex-text;!
Missing character: There is no 未 in font [lmroman12-regular]:mapping=tex-text;!
Missing character: There is no 來 in font [lmroman12-regular]:mapping=tex-text;!
Missing character: There is no 獎 in font [lmroman12-regular]:mapping=tex-text;!
Missing character: There is no 勵 in font [lmroman12-regular]:mapping=tex-text;!
Missing character: There is no 衰 in font [lmroman12-regular]:mapping=tex-text;!
Missing character: There is no 減 in font [lmroman12-regular]:mapping=tex-text;!
Missing character: There is no 總 in font [lmroman12-regular]:mapping=tex-text;!
Missing character: There is no 和 in font [lmroman12-regular]:mapping=tex-text;!

Underfull \hbox (badness 10000) in paragraph at lines 404--406

 []


Overfull \hbox (3.66705pt too wide) in paragraph at lines 406--408
\TU/標楷體(0)/m/n/14 用 疊 代 法：|  動 態 規 劃 \TU/TimesNewRoman(0)/m/n/14 (Dynamic progr
amming)\TU/標楷體(0)/m/n/14 、| \TU/TimesNewRoman(0)/m/n/14 Temporal-Difference lea
rn-
 []


Underfull \hbox (badness 10000) in paragraph at lines 411--413

 []

File: ./圖片/network.png Graphic file (type bmp)
<./圖片/network.png>
[10]
Underfull \hbox (badness 10000) in paragraph at lines 436--438
>>>>>>> 7b27b15c8db347e4b6f8baeb50aafebf8c21b536

 []

File: ./圖片/supervising_learning.png Graphic file (type bmp)
<./圖片/supervising_learning.png>

<<<<<<< HEAD
Overfull \hbox (17.78455pt too wide) in paragraph at lines 415--416
=======
Overfull \hbox (3.55817pt too wide) in paragraph at lines 443--444
>>>>>>> 7b27b15c8db347e4b6f8baeb50aafebf8c21b536
 [] 
 []


<<<<<<< HEAD
Underfull \hbox (badness 10000) in paragraph at lines 420--421

=======
Overfull \hbox (6.75589pt too wide) in paragraph at lines 448--449
\TU/標楷體(0)/m/n/14 督 學 習 的 知 識，|  因 為 正 如 我 們 看 到 的，|  與 我 們 架 構 類 似，|  在 普 通 通 
的 監 督 學
 []


Overfull \hbox (6.75589pt too wide) in paragraph at lines 448--449
\TU/標楷體(0)/m/n/14 習 中，|  我 們 會 將 圖 像 送 到 網 路，|  並 獲 得 伊 些 概 率，|  例 如 對 於 兩 個 類 
別 的 上 和
 []


Underfull \hbox (badness 10000) in paragraph at lines 448--449

 []


Overfull \hbox (0.7468pt too wide) in paragraph at lines 450--451
[]\TU/標楷體(0)/m/n/14 我 們 可 能 被 告 知 現 在 正 確 的 做 法 是 向 上 運 動 \TU/TimesNewRoman(0)/
m/n/14 (\TU/標楷體(0)/m/n/14 標 籤 \TU/TimesNewRoman(0)/m/n/14 0)\TU/標楷體(0)/m/n/14 ，
|  在 執 行 過 程 中，|  我
>>>>>>> 7b27b15c8db347e4b6f8baeb50aafebf8c21b536
 []

[16]
Underfull \hbox (badness 10000) in paragraph at lines 422--423

<<<<<<< HEAD
 []


Overfull \hbox (11.89764pt too wide) in paragraph at lines 425--426
[] \TU/標楷體(0)/m/n/14 機 器 學 習 涉 及 操 縱 機 率。|  這 個 機 率 通 常 包 含 \TU/TimesNewRoman(0
)/m/n/14 normalised-probabilities
 []


Underfull \hbox (badness 10000) in paragraph at lines 425--426
=======
Overfull \hbox (0.67194pt too wide) in paragraph at lines 450--451
\TU/標楷體(0)/m/n/14 有\TU/TimesNewRoman(0)/m/n/14 -2.1 \TU/標楷體(0)/m/n/14 的 梯 度，|  
這 意 味 著 如 果 我 們 將 該 參 數 增 加 一 個 小 的 正 值 \TU/TimesNewRoman(0)/m/n/14 (\TU/標楷體(0)
/m/n/14 例 如 \TU/TimesNewRoman(0)/m/n/14 0.001)\TU/標楷體(0)/m/n/14 ，|
 []


Underfull \hbox (badness 10000) in paragraph at lines 450--451

 []

[11]
Overfull \hbox (1.02054pt too wide) in paragraph at lines 453--454
\TU/TimesNewRoman(0)/m/n/14 log-probabilities\TU/標楷體(0)/m/n/14 。|  能 加 強 解 決 現 
代 機 器 學 習 問 題 的 關 鍵 點，|  是 能 夠 巧 妙 的 在
 []


Underfull \hbox (badness 10000) in paragraph at lines 453--454

 []


Underfull \hbox (badness 10000) in paragraph at lines 455--456

 []


Underfull \hbox (badness 10000) in paragraph at lines 456--458

 []


Underfull \hbox (badness 10000) in paragraph at lines 460--461
>>>>>>> 7b27b15c8db347e4b6f8baeb50aafebf8c21b536

 []


<<<<<<< HEAD
Underfull \hbox (badness 10000) in paragraph at lines 427--428

 []


Underfull \hbox (badness 10000) in paragraph at lines 428--430

 []

[17]
Underfull \hbox (badness 10000) in paragraph at lines 438--439
=======
Overfull \hbox (11.41214pt too wide) in paragraph at lines 463--464
[]\TU/標楷體(0)/m/n/14 最 大 概 似 估 計 的 中 央 計 算。|  最 大 概 似 是 機 器 學 習 中 使 用 的 學 習 原 理 
之 一，|
 []


Overfull \hbox (9.7738pt too wide) in paragraph at lines 463--464
\TU/標楷體(0)/m/n/14 用 於 廣 義 線 性 回 歸、|  深 度 學 習、| \TU/TimesNewRoman(0)/m/n/14 kern
el machines\TU/標楷體(0)/m/n/14 、|  降 維 和 張 量 分 解 等，|  而
 []


Underfull \hbox (badness 10000) in paragraph at lines 466--467

 []


Overfull \hbox (3.75589pt too wide) in paragraph at lines 468--470
\TU/標楷體(0)/m/n/14 在 第 一 行 中，|  我 們 應 用 了 對 數 導 數 技 巧，|  在 第 二 行 中，|  我 們 交 換 了 
差 異
 []


Underfull \hbox (badness 10000) in paragraph at lines 472--473
>>>>>>> 7b27b15c8db347e4b6f8baeb50aafebf8c21b536

 []


<<<<<<< HEAD
Underfull \hbox (badness 10000) in paragraph at lines 444--445

 []


Underfull \hbox (badness 10000) in paragraph at lines 449--450

 []

[18]
Underfull \hbox (badness 10000) in paragraph at lines 450--451
=======
Overfull \hbox (3.75589pt too wide) in paragraph at lines 473--475
\TU/標楷體(0)/m/n/14 我 們 現 在 可 以 從 對 數 概 率 的 梯 度 躍 升 為 概 率 的 梯 度，|  然 後 返 回，|  但 是
 真
 []


Overfull \hbox (3.75589pt too wide) in paragraph at lines 473--475
\TU/標楷體(0)/m/n/14 正 要 解 決 的 其 實 是 計 算 困 難 的 期 望 梯 度，|  所 以 我 們 可 以 利 用 新 發 現 的 
功
 []


Underfull \hbox (badness 10000) in paragraph at lines 477--478

 []


Underfull \hbox (badness 10000) in paragraph at lines 478--479
>>>>>>> 7b27b15c8db347e4b6f8baeb50aafebf8c21b536

 []


<<<<<<< HEAD
Underfull \hbox (badness 10000) in paragraph at lines 452--453

 []


Underfull \hbox (badness 10000) in paragraph at lines 453--454
=======
Overfull \hbox (7.75589pt too wide) in paragraph at lines 480--481
[] \TU/標楷體(0)/m/n/14 這 是 機 器 學 習 中 的 一 項 常 態 性 任 務，|  在 變 數 推 理 中 進 行 後 驗 計 算，|
  在
 []


Overfull \hbox (0.41214pt too wide) in paragraph at lines 480--481
\TU/標楷體(0)/m/n/14 及 在 運 籌 學 中 進 行 庫 存 控 制 等。|  該 梯 度 很 難 計 算，|  因 為 積 分 通 常 是 未
 知 的，|
 []


Underfull \hbox (badness 10000) in paragraph at lines 480--481

 []

[12]
Underfull \hbox (badness 10000) in paragraph at lines 481--482
>>>>>>> 7b27b15c8db347e4b6f8baeb50aafebf8c21b536

 []

File: ./圖片/gradient_change.png Graphic file (type bmp)
<./圖片/gradient_change.png>

<<<<<<< HEAD
Underfull \hbox (badness 10000) in paragraph at lines 461--463

 []

[19]
Underfull \hbox (badness 10000) in paragraph at lines 463--464
=======
Overfull \hbox (6.75589pt too wide) in paragraph at lines 489--491
\TU/標楷體(0)/m/n/14 為 此，|  我 們 將 使 用 另 一 種 普 遍 存 在 的 技 巧，|  一 種 概 率 恆 等 的 技 巧，|  
在 該 技 巧
 []


Overfull \hbox (1.8158pt too wide) in paragraph at lines 489--491
\TU/標楷體(0)/m/n/14 中，|  我 們 將 表 達 式 乘 以 \TU/TimesNewRoman(0)/m/n/14 1\TU/標楷體(0)/
m/n/14 ，|  該 表 達 式 由 概 率 密 度 除 以 自 身 而 形 成。|  將 特 性 技
 []


Underfull \hbox (badness 10000) in paragraph at lines 489--491
>>>>>>> 7b27b15c8db347e4b6f8baeb50aafebf8c21b536

 []


<<<<<<< HEAD
Underfull \hbox (badness 10000) in paragraph at lines 464--465
=======
Underfull \hbox (badness 10000) in paragraph at lines 491--492
>>>>>>> 7b27b15c8db347e4b6f8baeb50aafebf8c21b536

 []


<<<<<<< HEAD
Underfull \hbox (badness 10000) in paragraph at lines 465--466
=======
Underfull \hbox (badness 10000) in paragraph at lines 492--493
>>>>>>> 7b27b15c8db347e4b6f8baeb50aafebf8c21b536

 []


<<<<<<< HEAD
Underfull \hbox (badness 10000) in paragraph at lines 466--467
=======
Underfull \hbox (badness 10000) in paragraph at lines 493--494
>>>>>>> 7b27b15c8db347e4b6f8baeb50aafebf8c21b536

 []


<<<<<<< HEAD
Underfull \hbox (badness 10000) in paragraph at lines 467--469

 []

=======
Underfull \hbox (badness 10000) in paragraph at lines 494--495

 []

[13]
Overfull \hbox (6.20901pt too wide) in paragraph at lines 495--497
\TU/標楷體(0)/m/n/14 在 這 四 行 中 發 生 了 很 多 事 情。|  在 第 一 行 中，|  我 們 交 換 了 導 數 和 積 分。|
  在 第 二
 []


Overfull \hbox (6.75589pt too wide) in paragraph at lines 495--497
\TU/標楷體(0)/m/n/14 行 中，|  我 們 應 用 了 概 率 身 份 技 巧，|  這 使 我 們 能 夠 形 成 得 分 比，|  然 後 
使 用 對 數
 []


Underfull \hbox (badness 10000) in paragraph at lines 495--497

 []

>>>>>>> 7b27b15c8db347e4b6f8baeb50aafebf8c21b536
Missing character: There is no （ in font [lmroman12-regular]:mapping=tex-text;!
Missing character: There is no ） in font [lmroman12-regular]:mapping=tex-text;!
Missing character: There is no θ in font cmmi12!
Missing character: There is no θ in font cmmi12!
File: ./圖片/figure.png Graphic file (type bmp)
<./圖片/figure.png>

<<<<<<< HEAD
Underfull \hbox (badness 10000) in paragraph at lines 470--478

 []

[20] [21] [22]
Chapter 3.

Underfull \hbox (badness 10000) in paragraph at lines 490--492

 []


Underfull \hbox (badness 10000) in paragraph at lines 492--494

 []


Underfull \hbox (badness 10000) in paragraph at lines 496--498

 []


Underfull \hbox (badness 10000) in paragraph at lines 505--506

 []

[23

]
Underfull \hbox (badness 10000) in paragraph at lines 509--510
=======
Overfull \hbox (2.17188pt too wide) in paragraph at lines 498--506
[]\TU/標楷體(0)/m/n/14 更 簡 單 的 描 述，|  我 們 有 一 些 分 佈 $\OML/cmm/m/it/14 p\OT1/cmr/m/
n/14 (\OML/cmm/m/it/14 x\OT1/cmr/m/n/14 ; \OML/cmm/m/it/14 ^^R\OT1/cmr/m/n/14 )
$ |\TU/標楷體(0)/m/n/14 （我 使 用 了 速 記 $\OML/cmm/m/it/14 p[]x[]$ \TU/標楷體(0)/m/n/14 來
 減 少 混 亂） ，|
 []


Overfull \hbox (9.74548pt too wide) in paragraph at lines 498--506
\TU/TimesNewRoman(0)/m/n/14 x \TU/標楷體(0)/m/n/14 的 新 概 率 略 有 增 加。|  如 果 回 顧 一 下 
公 式，|  它 告 訴 我 們 應 該 朝 這 個 方 向 發 展，|
 []


Overfull \hbox (6.2637pt too wide) in paragraph at lines 498--506
\TU/標楷體(0)/m/n/14 率 的 梯 度，|  箭 頭 指 示 應 微 調 分 佈 平 均 值 以 增 加 該 樣 本 概 率 的 方 向。|  中
 間：|  某
 []


Overfull \hbox (4.418pt too wide) in paragraph at lines 498--506
|\TU/標楷體(0)/m/n/14 （請 注 意，|  這 可 以 是 任 意 的，|  不 一 定 是 可 微 分 的 標 量 值 函 數\TU/Time
sNewRoman(0)/m/n/14 )\TU/標楷體(0)/m/n/14 ，|  箭 頭 現 在 採 用
 []


Overfull \hbox (6.2637pt too wide) in paragraph at lines 498--506
\TU/標楷體(0)/m/n/14 色 箭 頭 的 負 數。|  右：|  更 新 參 數 後，|  綠 色 箭 頭 和 反 向 紅 色 箭 頭 將 我 們 
向 左 移 至
 []


Underfull \hbox (badness 10000) in paragraph at lines 498--506

 []

[14] [15]
Chapter 3.

Overfull \hbox (30.58142pt too wide) in paragraph at lines 513--514
\TU/標楷體(0)/m/n/14 法。|  這 個 環 境 具 有 共 享 的 介 面，|  使 我 們 能 用 來 編 寫 常 規 算 法，|  也 就 
能 教 導 \TU/TimesNewRoman(0)/m/n/14 agents
 []


Underfull \hbox (badness 10000) in paragraph at lines 513--514
>>>>>>> 7b27b15c8db347e4b6f8baeb50aafebf8c21b536

 []

[24]
Chapter 4.

<<<<<<< HEAD
Underfull \hbox (badness 10000) in paragraph at lines 518--519

 []


Underfull \hbox (badness 10000) in paragraph at lines 528--530
=======
Overfull \hbox (12.78177pt too wide) in paragraph at lines 517--518
 \TU/標楷體(0)/m/n/14 取 自 \TU/TimesNewRoman(0)/m/n/14 1977 \TU/標楷體(0)/m/n/14 年 發 行
 的 一 款 家 用 遊 戲 機 \TU/TimesNewRoman(0)/m/n/14 ATARI 2600 \TU/標楷體(0)/m/n/14 中 的 遊
 戲，|  內 建 於 \TU/TimesNewRoman(0)/m/n/14 Gym\TU/標楷體(0)/m/n/14 ，|
 []


Overfull \hbox (6.75589pt too wide) in paragraph at lines 517--518
\TU/標楷體(0)/m/n/14 這 是 一 個 橫 向 的 乒 乓 遊 戲，|  左 方 是 遊 玩 者，|  右 邊 是 馬 可 夫 決 策 的 特 例
，|  每 個
 []


Overfull \hbox (10.23993pt too wide) in paragraph at lines 519--520
\TU/TimesNewRoman(0)/m/n/14 estimator(\TU/標楷體(0)/m/n/14 取 用 \TU/TimesNewRoman(0
)/m/n/14 Andrej Karpathy)\TU/標楷體(0)/m/n/14 ，|  從 像 素 開 始，|  通 過 深 度 神 經 網 絡 使 用
 \TU/TimesNewRoman(0)/m/n/14 ATARI
 []


Overfull \hbox (0.97269pt too wide) in paragraph at lines 523--525
\TU/TimesNewRoman(0)/m/n/14 Pong \TU/標楷體(0)/m/n/14 的 遊 戲 是 簡 單 的 強 化 學 習 中，|  很
 好 的 例 子，|  在 \TU/TimesNewRoman(0)/m/n/14 ATARI 2600 \TU/標楷體(0)/m/n/14 版 本 中，| 
 我
 []


Underfull \hbox (badness 10000) in paragraph at lines 523--525
>>>>>>> 7b27b15c8db347e4b6f8baeb50aafebf8c21b536

 []

[25

<<<<<<< HEAD
] [26]
Chapter 5.

Underfull \hbox (badness 10000) in paragraph at lines 535--536
=======
]
Chapter 4.

Underfull \hbox (badness 10000) in paragraph at lines 529--530

 []


Underfull \hbox (badness 10000) in paragraph at lines 531--532

 []


Underfull \hbox (badness 10000) in paragraph at lines 533--534

 []


Underfull \hbox (badness 10000) in paragraph at lines 537--538

 []


Underfull \hbox (badness 10000) in paragraph at lines 539--540

 []


Underfull \hbox (badness 10000) in paragraph at lines 541--542

 []


Overfull \hbox (15.28693pt too wide) in paragraph at lines 547--548
 \TU/標楷體(0)/m/n/14 在 影 像 處 理 中 我 們 主 要 使 用 了 \TU/TimesNewRoman(0)/m/n/14 Python
 \TU/標楷體(0)/m/n/14 套 件 中 的 \TU/TimesNewRoman(0)/m/n/14 OpenCV(\TU/標楷體(0)/m/n/14
 全 稱\TU/TimesNewRoman(0)/m/n/14 :Open Source
 []


Underfull \hbox (badness 10000) in paragraph at lines 547--548
>>>>>>> 7b27b15c8db347e4b6f8baeb50aafebf8c21b536

 []


Underfull \hbox (badness 10000) in paragraph at lines 549--550

 []


Underfull \hbox (badness 10000) in paragraph at lines 551--552

 []


<<<<<<< HEAD
Underfull \hbox (badness 10000) in paragraph at lines 545--546
=======
Underfull \hbox (badness 10000) in paragraph at lines 553--554

 []

[17

]
Underfull \hbox (badness 10000) in paragraph at lines 555--556

 []


Overfull \hbox (0.2468pt too wide) in paragraph at lines 557--558
\TU/標楷體(0)/m/n/14 下 限 或 高 於 上 限 的 值 會 變 成 \TU/TimesNewRoman(0)/m/n/14 0(\TU/標楷體
(0)/m/n/14 即 黑 色\TU/TimesNewRoman(0)/m/n/14 ), \TU/標楷體(0)/m/n/14 而 介 於 上 下 限 範 
圍 間 的 值 會 變 成
 []


Underfull \hbox (badness 10000) in paragraph at lines 557--558
>>>>>>> 7b27b15c8db347e4b6f8baeb50aafebf8c21b536

 []


<<<<<<< HEAD
Underfull \hbox (badness 10000) in paragraph at lines 551--552

 []

[27

]
Underfull \hbox (badness 10000) in paragraph at lines 553--554
=======
Underfull \hbox (badness 10000) in paragraph at lines 559--560

 []

[18]
Chapter 5.

Underfull \hbox (badness 10000) in paragraph at lines 565--566
>>>>>>> 7b27b15c8db347e4b6f8baeb50aafebf8c21b536

 []


<<<<<<< HEAD
Underfull \hbox (badness 10000) in paragraph at lines 555--557

 []


Underfull \hbox (badness 10000) in paragraph at lines 557--559

=======
Overfull \hbox (2.33282pt too wide) in paragraph at lines 567--571
\TU/標楷體(0)/m/n/14 件。| \TU/TimesNewRoman(0)/m/n/14 Xorg \TU/標楷體(0)/m/n/14 是 \TU/
TimesNewRoman(0)/m/n/14 Ubuntu \TU/標楷體(0)/m/n/14 操 作 系 統 的 一 個 顯 示 服 務 器 軟 件 包，
|  它 在 被 導 入 \TU/TimesNewRoman(0)/m/n/14 Ubuntu
 []


Overfull \hbox (6.59183pt too wide) in paragraph at lines 567--571
\TU/標楷體(0)/m/n/14 同 小 異，|  差 別 在 於 外 觀、|  操 作、|  格 式、|  複 雜 度 和 使 用 者 感 受 等，|  
可 依 使 用 者
 []


Overfull \hbox (0.25266pt too wide) in paragraph at lines 567--571
\TU/標楷體(0)/m/n/14 繼 續，|  之 後 可 以 切 換 更 動。|  再 來 是 模 組 的 導 入，|  此 處 同 樣 用 \TU/Ti
mesNewRoman(0)/m/n/14 apt \TU/標楷體(0)/m/n/14 指 令 安
 []


Overfull \hbox (5.19595pt too wide) in paragraph at lines 572--577
 \TU/TimesNewRoman(0)/m/n/14 Ubuntu \TU/標楷體(0)/m/n/14 作 業 系 統 是 \TU/TimesNewRom
an(0)/m/n/14 Linux \TU/標楷體(0)/m/n/14 系 統 的 一 個 發 行 版，|  目 前 免 費 且 開 源，| \TU/Tim
esNewRoman(0)/m/n/14 Ubuntu
>>>>>>> 7b27b15c8db347e4b6f8baeb50aafebf8c21b536
 []

[28]
Chapter 6.

<<<<<<< HEAD
Underfull \hbox (badness 10000) in paragraph at lines 564--565
=======
Overfull \hbox (5.58673pt too wide) in paragraph at lines 572--577
\TU/標楷體(0)/m/n/14 此 專 題 採 用 \TU/TimesNewRoman(0)/m/n/14 Ubuntu 20.04 \TU/標楷體(0)
/m/n/14 版 本 作 為 我 們 的 架 設 所 使 用 作 業 系 統，|  由 於 \TU/TimesNewRoman(0)/m/n/14 Ubun
tu
 []


Underfull \hbox (badness 10000) in paragraph at lines 572--577
>>>>>>> 7b27b15c8db347e4b6f8baeb50aafebf8c21b536

 []


<<<<<<< HEAD
Underfull \hbox (badness 10000) in paragraph at lines 566--567
=======
]
Underfull \hbox (badness 10000) in paragraph at lines 580--581
>>>>>>> 7b27b15c8db347e4b6f8baeb50aafebf8c21b536

 []


<<<<<<< HEAD
Underfull \hbox (badness 10000) in paragraph at lines 568--569
=======
Overfull \hbox (9.92966pt too wide) in paragraph at lines 581--582
[]\TU/標楷體(0)/m/n/14 除 了 作 業 系 統 裡 面 的 執 行，|  還 可 在 其 中 練 習 磁 碟 分 割、|  格 式 化 以 及
 \TU/TimesNewRoman(0)/m/n/14 BIOS
 []


Underfull \hbox (badness 10000) in paragraph at lines 581--582
>>>>>>> 7b27b15c8db347e4b6f8baeb50aafebf8c21b536

 []

[29

<<<<<<< HEAD
]
Underfull \hbox (badness 10000) in paragraph at lines 573--574

 []


Underfull \hbox (badness 10000) in paragraph at lines 575--576
=======
Overfull \hbox (3.75589pt too wide) in paragraph at lines 582--583
\TU/標楷體(0)/m/n/14 記 憶 體 大 小 與 硬 碟 空 間 是 實 時 依 據 操 作 者 決 定，|  但 終 究 還 是 佔 掉 電 腦 
效
 []


Overfull \hbox (0.30032pt too wide) in paragraph at lines 582--583
\TU/標楷體(0)/m/n/14 能，|  所 以 \TU/TimesNewRoman(0)/m/n/14 VirtualBox \TU/標楷體(0)/m/
n/14 的 效 能 還 是 依 據 電 腦 本 身 的 硬 體 配 備。|  為 了 配 置 網
 []


Underfull \hbox (badness 10000) in paragraph at lines 582--583
>>>>>>> 7b27b15c8db347e4b6f8baeb50aafebf8c21b536

 []


<<<<<<< HEAD
Underfull \hbox (badness 10000) in paragraph at lines 577--579

 []


Underfull \hbox (badness 10000) in paragraph at lines 580--581
=======
Overfull \hbox (4.87102pt too wide) in paragraph at lines 585--586
[]\TU/TimesNewRoman(0)/m/n/14 Settings / Network / Adapter 1 / Attached to : \T
U/標楷體(0)/m/n/14 該 位 置 改 成 \TU/TimesNewRoman(0)/m/n/14 Bridged Adapter 
 []


Overfull \hbox (3.75589pt too wide) in paragraph at lines 588--589
\TU/標楷體(0)/m/n/14 使 用 者 互 動 時 找 不 到 該 虛 擬 主 機 網 路 位 址，|  外 部 網 路 也 無 法 偵 測，|  虛
 擬
 []


Underfull \hbox (badness 10000) in paragraph at lines 594--596
>>>>>>> 7b27b15c8db347e4b6f8baeb50aafebf8c21b536

 []


<<<<<<< HEAD
Underfull \hbox (badness 10000) in paragraph at lines 584--585

 []

[30]
Underfull \hbox (badness 10000) in paragraph at lines 585--586

 []


Underfull \hbox (badness 10000) in paragraph at lines 586--587
=======
Underfull \hbox (badness 10000) in paragraph at lines 602--605

 []

[20] [21]
Chapter 6.

Overfull \hbox (10.64789pt too wide) in paragraph at lines 607--608
 \TU/標楷體(0)/m/n/14 在 \TU/TimesNewRoman(0)/m/n/14 python \TU/標楷體(0)/m/n/14 環 境 下
，|  結 合 \TU/TimesNewRoman(0)/m/n/14 numpy \TU/標楷體(0)/m/n/14 和 \TU/TimesNewRoman
(0)/m/n/14 gym \TU/標楷體(0)/m/n/14 的 模 擬 環 境 編 寫 程 式，|  選 擇 \TU/TimesNewRoman(0)/
m/n/14 numpy
 []


Overfull \hbox (1.96848pt too wide) in paragraph at lines 607--608
\TU/標楷體(0)/m/n/14 為 方 便，|  而 \TU/TimesNewRoman(0)/m/n/14 gym \TU/標楷體(0)/m/n/14 
的 設 計 讓 我 們 能 方 便 的 控 制 右 邊 的 擊 錘 板。|  首 先 擷 取 影 像，|
 []


Overfull \hbox (6.75589pt too wide) in paragraph at lines 607--608
\TU/標楷體(0)/m/n/14 少 運 算 時 的 負 擔，|  過 濾 顏 色 只 保 留 球 與 擊 錘，|  並 把 取 到 的 影 像 二 元 化
，|  取 兩
 []

>>>>>>> 7b27b15c8db347e4b6f8baeb50aafebf8c21b536

Overfull \hbox (0.68558pt too wide) in paragraph at lines 607--608
\TU/標楷體(0)/m/n/14 的 方 式 來 與 擊 錘 移 動 決 策 值 進 行 比 較，|  隨 機 值 若 落 在 決 策 向 上 移 動 的 
區 間，|
 []

[31] [32]
Chapter 7.

<<<<<<< HEAD
Underfull \hbox (badness 10000) in paragraph at lines 609--612
=======
Overfull \hbox (2.83093pt too wide) in paragraph at lines 607--608
\TU/標楷體(0)/m/n/14 率 就 越 高，|  由 此 訓 練 出 聰 明 的 \TU/TimesNewRoman(0)/m/n/14 AI\TU/
標楷體(0)/m/n/14 ，|  經 過 數 萬 次 的 訓 練，|  計 算 \TU/TimesNewRoman(0)/m/n/14 discount r
eward
 []

>>>>>>> 7b27b15c8db347e4b6f8baeb50aafebf8c21b536

Overfull \hbox (6.75589pt too wide) in paragraph at lines 607--608
\TU/標楷體(0)/m/n/14 及 獎 勵 的 加 總，|  得 出 的 數 值 會 越 來 越 大，|  我 們 小 組 的 測 試，|  往 後 不 
管 狀 況 是
 []

<<<<<<< HEAD
[33
=======

Underfull \hbox (badness 10000) in paragraph at lines 607--608

 []


Overfull \hbox (6.75589pt too wide) in paragraph at lines 609--611
\TU/標楷體(0)/m/n/14 算 速 度，|  減 少 運 算 時 的 負 擔，|  過 濾 顏 色 只 保 留 球 與 擊 錘，|  並 把 取 到 
的 影 像 二
 []


Overfull \hbox (6.48245pt too wide) in paragraph at lines 609--611
\TU/標楷體(0)/m/n/14 擊 錘 移 動 的 決 策。|  透 過 產 生 隨 機 值 的 方 式 來 與 擊 錘 移 動 決 策 值 進 行 比 
較，|  隨
 []


Underfull \hbox (badness 10000) in paragraph at lines 609--611

 []


Underfull \hbox (badness 10000) in paragraph at lines 612--613

 []

[22
>>>>>>> 7b27b15c8db347e4b6f8baeb50aafebf8c21b536

]
Chapter 7.

<<<<<<< HEAD
Underfull \hbox (badness 10000) in paragraph at lines 614--615
=======
Underfull \hbox (badness 10000) in paragraph at lines 616--617
>>>>>>> 7b27b15c8db347e4b6f8baeb50aafebf8c21b536

 []


<<<<<<< HEAD
Underfull \hbox (badness 10000) in paragraph at lines 616--617

 []

[34

] [35]
Package atveryend Info: Empty hook `BeforeClearDocument' on input line 649.
 [36]
=======
Underfull \hbox (badness 10000) in paragraph at lines 618--619

 []


Overfull \hbox (58.36111pt too wide) in paragraph at lines 625--626
[][][][][][][][][][][][][][][][][][][][][][][][][][][][][][][][][][][][][][][][
][][][] 
 []

[23

] [24]
Package atveryend Info: Empty hook `BeforeClearDocument' on input line 649.
 [25]
>>>>>>> 7b27b15c8db347e4b6f8baeb50aafebf8c21b536
Package atveryend Info: Empty hook `AfterLastShipout' on input line 649.
 (first.aux)
Package atveryend Info: Empty hook `AtVeryEndDocument' on input line 649.
Package atveryend Info: Executing hook `AtEndAfterFileList' on input line 649.
Package rerunfilecheck Info: File `first.out' has not changed.
<<<<<<< HEAD
(rerunfilecheck)             Checksum: BADA12171F5EDE49B6C4BF35E950FA8E;2771.
=======
(rerunfilecheck)             Checksum: BC7792CA3667DA0DE7BF0FFE92E6A351;2637.
>>>>>>> 7b27b15c8db347e4b6f8baeb50aafebf8c21b536


LaTeX Font Warning: Some font shapes were not available, defaults substituted.

Package atveryend Info: Empty hook `AtVeryVeryEnd' on input line 649.
 ) 
Here is how much of TeX's memory you used:
<<<<<<< HEAD
 19760 strings out of 414221
 367129 string characters out of 2901377
 757893 words of memory out of 3000000
 36986 multiletter control sequences out of 15000+200000
 545675 words of font info for 130 fonts, out of 3000000 for 9000
=======
 19730 strings out of 414221
 365496 string characters out of 2901377
 891323 words of memory out of 3000000
 36959 multiletter control sequences out of 15000+200000
 545691 words of font info for 132 fonts, out of 3000000 for 9000
>>>>>>> 7b27b15c8db347e4b6f8baeb50aafebf8c21b536
 1348 hyphenation exceptions out of 8191
 48i,7n,81p,747b,1174s stack positions out of 5000i,500n,10000p,200000b,50000s

<<<<<<< HEAD
Output written on first.pdf (43 pages).
=======
Output written on first.pdf (31 pages).
>>>>>>> 7b27b15c8db347e4b6f8baeb50aafebf8c21b536
