This is XeTeX, Version 3.14159265-2.6-0.999992 (MiKTeX 2.9.7350 64-bit) (preloaded format=xelatex 2021.4.30)  4 MAY 2021 23:29
entering extended mode
**./version1.tex
(version1.tex
LaTeX2e <2020-02-02> patch level 5
L3 programming layer <2020-03-06>
(Y:\miktex-portable\texmfs\install\tex/latex/base\report.cls
Document Class: report 2019/12/20 v1.4l Standard LaTeX document class
(Y:\miktex-portable\texmfs\install\tex/latex/base\size10.clo
File: size10.clo 2019/12/20 v1.4l Standard LaTeX file (size option)
)
\c@part=\count163
\c@chapter=\count164
\c@section=\count165
\c@subsection=\count166
\c@subsubsection=\count167
\c@paragraph=\count168
\c@subparagraph=\count169
\c@figure=\count170
\c@table=\count171
\abovecaptionskip=\skip47
\belowcaptionskip=\skip48
\bibindent=\dimen134
)
(Y:\miktex-portable\texmfs\install\tex/xelatex/xecjk\xeCJK.sty
(Y:\miktex-portable\texmfs\install\tex/latex/l3kernel\expl3.sty
Package: expl3 2020-03-06 L3 programming layer (loader) 

(Y:\miktex-portable\texmfs\install\tex/latex/l3backend\l3backend-xdvipdfmx.def
File: l3backend-xdvipdfmx.def 2020-03-12 L3 backend support: xdvipdfmx
\g__graphics_track_int=\count172
\l__pdf_internal_box=\box45
\g__pdf_backend_object_int=\count173
\g__pdf_backend_annotation_int=\count174
))
Package: xeCJK 2020/02/18 v3.8.2 Typesetting CJK scripts with XeLaTeX
 (Y:\miktex-portable\texmfs\install\tex/latex/l3packages/l3keys2e\l3keys2e.sty
Package: l3keys2e 2020-03-06 LaTeX2e option processing using LaTeX3 keys
)
(Y:\miktex-portable\texmfs\install\tex/latex/l3packages/xtemplate\xtemplate.sty
Package: xtemplate 2020-03-06 L3 Experimental prototype document functions
\l__xtemplate_tmp_dim=\dimen135
\l__xtemplate_tmp_int=\count175
\l__xtemplate_tmp_muskip=\muskip16
\l__xtemplate_tmp_skip=\skip49
) (Y:\miktex-portable\texmfs\install\tex/latex/l3packages/xparse\xparse.sty
Package: xparse 2020-03-06 L3 Experimental document command parser
\l__xparse_current_arg_int=\count176
\g__xparse_grabber_int=\count177
\l__xparse_m_args_int=\count178
\l__xparse_v_nesting_int=\count179
)
\l__xeCJK_tmp_int=\count180
\l__xeCJK_tmp_box=\box46
\l__xeCJK_tmp_dim=\dimen136
\l__xeCJK_tmp_skip=\skip50
\g__xeCJK_space_factor_int=\count181
\l__xeCJK_begin_int=\count182
\l__xeCJK_end_int=\count183
\c__xeCJK_CJK_class_int=\XeTeXcharclass1
\c__xeCJK_FullLeft_class_int=\XeTeXcharclass2
\c__xeCJK_FullRight_class_int=\XeTeXcharclass3
\c__xeCJK_HalfLeft_class_int=\XeTeXcharclass4
\c__xeCJK_HalfRight_class_int=\XeTeXcharclass5
\c__xeCJK_NormalSpace_class_int=\XeTeXcharclass6
\c__xeCJK_CM_class_int=\XeTeXcharclass7
\c__xeCJK_HangulJamo_class_int=\XeTeXcharclass8
\l__xeCJK_last_skip=\skip51
\g__xeCJK_node_int=\count184
\c__xeCJK_CJK_node_dim=\dimen137
\c__xeCJK_CJK-space_node_dim=\dimen138
\c__xeCJK_default_node_dim=\dimen139
\c__xeCJK_default-space_node_dim=\dimen140
\c__xeCJK_CJK-widow_node_dim=\dimen141
\c__xeCJK_normalspace_node_dim=\dimen142
\l__xeCJK_ccglue_skip=\skip52
\l__xeCJK_ecglue_skip=\skip53
\l__xeCJK_punct_kern_skip=\skip54
\l__xeCJK_last_penalty_int=\count185
\l__xeCJK_last_bound_dim=\dimen143
\l__xeCJK_last_kern_dim=\dimen144
\l__xeCJK_widow_penalty_int=\count186

Package xtemplate Info: Declaring object type 'xeCJK/punctuation' taking 0
(xtemplate)             argument(s) on line 2302.

\l__xeCJK_fixed_punct_width_dim=\dimen145
\l__xeCJK_mixed_punct_width_dim=\dimen146
\l__xeCJK_middle_punct_width_dim=\dimen147
\l__xeCJK_fixed_margin_width_dim=\dimen148
\l__xeCJK_mixed_margin_width_dim=\dimen149
\l__xeCJK_middle_margin_width_dim=\dimen150
\l__xeCJK_bound_punct_width_dim=\dimen151
\l__xeCJK_bound_margin_width_dim=\dimen152
\l__xeCJK_margin_minimum_dim=\dimen153
\l__xeCJK_kerning_total_width_dim=\dimen154
\l__xeCJK_same_align_margin_dim=\dimen155
\l__xeCJK_different_align_margin_dim=\dimen156
\l__xeCJK_kerning_margin_width_dim=\dimen157
\l__xeCJK_kerning_margin_minimum_dim=\dimen158
\l__xeCJK_bound_dim=\dimen159
\l__xeCJK_reverse_bound_dim=\dimen160
\l__xeCJK_margin_dim=\dimen161
\l__xeCJK_minimum_bound_dim=\dimen162
\l__xeCJK_kerning_margin_dim=\dimen163
\g__xeCJK_family_int=\count187
\l__xeCJK_fam_int=\count188
\g__xeCJK_fam_allocation_int=\count189
\l__xeCJK_verb_case_int=\count190
\l__xeCJK_verb_exspace_skip=\skip55

(Y:\miktex-portable\texmfs\install\tex/latex/fontspec\fontspec.sty
Package: fontspec 2020/02/21 v2.7i Font selection for XeLaTeX and LuaLaTeX

(Y:\miktex-portable\texmfs\install\tex/latex/fontspec\fontspec-xetex.sty
Package: fontspec-xetex 2020/02/21 v2.7i Font selection for XeLaTeX and LuaLaTe
X
\l__fontspec_script_int=\count191
\l__fontspec_language_int=\count192
\l__fontspec_strnum_int=\count193
\l__fontspec_tmp_int=\count194
\l__fontspec_tmpa_int=\count195
\l__fontspec_tmpb_int=\count196
\l__fontspec_tmpc_int=\count197
\l__fontspec_em_int=\count198
\l__fontspec_emdef_int=\count199
\l__fontspec_strong_int=\count266
\l__fontspec_strongdef_int=\count267
\l__fontspec_tmpa_dim=\dimen164
\l__fontspec_tmpb_dim=\dimen165
\l__fontspec_tmpc_dim=\dimen166

(Y:\miktex-portable\texmfs\install\tex/latex/base\fontenc.sty
Package: fontenc 2020/02/11 v2.0o Standard LaTeX package
)
(Y:\miktex-portable\texmfs\install\tex/latex/fontspec\fontspec.cfg)))
(Y:\miktex-portable\texmfs\install\tex/xelatex/xecjk\xeCJK.cfg
File: xeCJK.cfg 2020/02/18 v3.8.2 Configuration file for xeCJK package
))

Package fontspec Info: Could not resolve font "標楷體/BI" (it probably doesn't
(fontspec)             exist).


Package fontspec Info: Could not resolve font "標楷體/B" (it probably doesn't
(fontspec)             exist).


Package fontspec Info: Could not resolve font "標楷體/I" (it probably doesn't
(fontspec)             exist).


Package fontspec Info: Font family '標楷體(0)' created for font '標楷體' with
(fontspec)             options [Script={CJK}].
(fontspec)              
(fontspec)              This font family consists of the following NFSS
(fontspec)             series/shapes:
(fontspec)              
(fontspec)             - 'normal' (m/n) with NFSS spec.:
(fontspec)             <->"標楷體/OT:script=hani;language=dflt;"
(fontspec)             - 'small caps'  (m/sc) with NFSS spec.: 


Package fontspec Info: Font family 'TimesNewRoman(0)' created for font 'Times
(fontspec)             New Roman' with options [].
(fontspec)              
(fontspec)              This font family consists of the following NFSS
(fontspec)             series/shapes:
(fontspec)              
(fontspec)             - 'normal' (m/n) with NFSS spec.: <->"Times New
(fontspec)             Roman/OT:script=latn;language=dflt;"
(fontspec)             - 'small caps'  (m/sc) with NFSS spec.: <->"Times New
(fontspec)             Roman/OT:script=latn;language=dflt;+smcp;"
(fontspec)             - 'bold' (b/n) with NFSS spec.: <->"Times New
(fontspec)             Roman/B/OT:script=latn;language=dflt;"
(fontspec)             - 'bold small caps'  (b/sc) with NFSS spec.: <->"Times
(fontspec)             New Roman/B/OT:script=latn;language=dflt;+smcp;"
(fontspec)             - 'italic' (m/it) with NFSS spec.: <->"Times New
(fontspec)             Roman/I/OT:script=latn;language=dflt;"
(fontspec)             - 'italic small caps'  (m/scit) with NFSS spec.:
(fontspec)             <->"Times New
(fontspec)             Roman/I/OT:script=latn;language=dflt;+smcp;"
(fontspec)             - 'bold italic' (b/it) with NFSS spec.: <->"Times New
(fontspec)             Roman/BI/OT:script=latn;language=dflt;"
(fontspec)             - 'bold italic small caps'  (b/scit) with NFSS spec.:
(fontspec)             <->"Times New
(fontspec)             Roman/BI/OT:script=latn;language=dflt;+smcp;"


(Y:\miktex-portable\texmfs\install\tex/latex/amsmath\amsmath.sty
Package: amsmath 2020/01/20 v2.17e AMS math features
\@mathmargin=\skip56

For additional information on amsmath, use the `?' option.
(Y:\miktex-portable\texmfs\install\tex/latex/amsmath\amstext.sty
Package: amstext 2000/06/29 v2.01 AMS text

(Y:\miktex-portable\texmfs\install\tex/latex/amsmath\amsgen.sty
File: amsgen.sty 1999/11/30 v2.0 generic functions
\@emptytoks=\toks15
\ex@=\dimen167
))
(Y:\miktex-portable\texmfs\install\tex/latex/amsmath\amsbsy.sty
Package: amsbsy 1999/11/29 v1.2d Bold Symbols
\pmbraise@=\dimen168
)
(Y:\miktex-portable\texmfs\install\tex/latex/amsmath\amsopn.sty
Package: amsopn 2016/03/08 v2.02 operator names
)
\inf@bad=\count268
LaTeX Info: Redefining \frac on input line 227.
\uproot@=\count269
\leftroot@=\count270
LaTeX Info: Redefining \overline on input line 389.
\classnum@=\count271
\DOTSCASE@=\count272
LaTeX Info: Redefining \ldots on input line 486.
LaTeX Info: Redefining \dots on input line 489.
LaTeX Info: Redefining \cdots on input line 610.
\Mathstrutbox@=\box47
\strutbox@=\box48
\big@size=\dimen169
LaTeX Font Info:    Redeclaring font encoding OML on input line 733.
LaTeX Font Info:    Redeclaring font encoding OMS on input line 734.
\macc@depth=\count273
\c@MaxMatrixCols=\count274
\dotsspace@=\muskip17
\c@parentequation=\count275
\dspbrk@lvl=\count276
\tag@help=\toks16
\row@=\count277
\column@=\count278
\maxfields@=\count279
\andhelp@=\toks17
\eqnshift@=\dimen170
\alignsep@=\dimen171
\tagshift@=\dimen172
\tagwidth@=\dimen173
\totwidth@=\dimen174
\lineht@=\dimen175
\@envbody=\toks18
\multlinegap=\skip57
\multlinetaggap=\skip58
\mathdisplay@stack=\toks19
LaTeX Info: Redefining \[ on input line 2859.
LaTeX Info: Redefining \] on input line 2860.
)
(Y:\miktex-portable\texmfs\install\tex/latex/amsfonts\amssymb.sty
Package: amssymb 2013/01/14 v3.01 AMS font symbols

(Y:\miktex-portable\texmfs\install\tex/latex/amsfonts\amsfonts.sty
Package: amsfonts 2013/01/14 v3.01 Basic AMSFonts support
\symAMSa=\mathgroup4
\symAMSb=\mathgroup5
LaTeX Font Info:    Redeclaring math symbol \hbar on input line 98.
LaTeX Font Info:    Overwriting math alphabet `\mathfrak' in version `bold'
(Font)                  U/euf/m/n --> U/euf/b/n on input line 106.
))
(Y:\miktex-portable\texmfs\install\tex/latex/graphics\graphicx.sty
Package: graphicx 2019/11/30 v1.2a Enhanced LaTeX Graphics (DPC,SPQR)

(Y:\miktex-portable\texmfs\install\tex/latex/graphics\keyval.sty
Package: keyval 2014/10/28 v1.15 key=value parser (DPC)
\KV@toks@=\toks20
)
(Y:\miktex-portable\texmfs\install\tex/latex/graphics\graphics.sty
Package: graphics 2019/11/30 v1.4a Standard LaTeX Graphics (DPC,SPQR)

(Y:\miktex-portable\texmfs\install\tex/latex/graphics\trig.sty
Package: trig 2016/01/03 v1.10 sin cos tan (DPC)
)
(Y:\miktex-portable\texmfs\install\tex/latex/graphics-cfg\graphics.cfg
File: graphics.cfg 2016/06/04 v1.11 sample graphics configuration
)
Package graphics Info: Driver file: xetex.def on input line 105.

(Y:\miktex-portable\texmfs\install\tex/latex/graphics-def\xetex.def
File: xetex.def 2017/06/24 v5.0h Graphics/color driver for xetex
))
\Gin@req@height=\dimen176
\Gin@req@width=\dimen177
)
(Y:\miktex-portable\texmfs\install\tex/latex/subfig\subfig.sty
Package: subfig 2005/06/28 ver: 1.3 subfig package

(Y:\miktex-portable\texmfs\install\tex/latex/caption\caption.sty
Package: caption 2020/10/26 v3.5g Customizing captions (AR)

(Y:\miktex-portable\texmfs\install\tex/latex/caption\caption3.sty
Package: caption3 2020/10/21 v2.2e caption3 kernel (AR)
\captionmargin=\dimen178
\captionmargin@=\dimen179
\captionwidth=\dimen180
\caption@tempdima=\dimen181
\caption@indent=\dimen182
\caption@parindent=\dimen183
\caption@hangindent=\dimen184
Package caption Info: Standard document class detected.
)
\c@caption@flags=\count280
\c@continuedfloat=\count281
)
\c@KVtest=\count282
\sf@farskip=\skip59
\sf@captopadj=\dimen185
\sf@capskip=\skip60
\sf@nearskip=\skip61
\c@subfigure=\count283
\c@subfigure@save=\count284
\c@lofdepth=\count285
\c@subtable=\count286
\c@subtable@save=\count287
\c@lotdepth=\count288
\sf@top=\skip62
\sf@bottom=\skip63
)
(Y:\miktex-portable\texmfs\install\tex/latex/type1cm\type1cm.sty
Package: type1cm 2002/09/05 v0.04 BlueSky/Y&Y Type1 CM font definitions (DPC, p
atched RF)
)
(Y:\miktex-portable\texmfs\install\tex/latex/textpos\textpos.sty
Package: textpos 2020/09/26 v1.10

Package: textpos 2020/09/26 1.10, absolute positioning of text on the page
Package textpos Info: choosing support for LaTeX2e on input line 61.
\TP@textbox=\box49
\TPHorizModule=\dimen186
\TPVertModule=\dimen187
\TP@margin=\dimen188
\TP@absmargin=\dimen189
Grid set 16 x 16 = 37.34424pt x 52.81541pt
\TPboxrulesize=\dimen190
\TP@tbargs=\toks21
) (Y:\miktex-portable\texmfs\install\tex/latex/geometry\geometry.sty
Package: geometry 2020/01/02 v5.9 Page Geometry

(Y:\miktex-portable\texmfs\install\tex/generic/iftex\ifvtex.sty
Package: ifvtex 2019/10/25 v1.7 ifvtex legacy package. Use iftex instead.

(Y:\miktex-portable\texmfs\install\tex/generic/iftex\iftex.sty
Package: iftex 2020/03/06 v1.0d TeX engine tests
))
\Gm@cnth=\count289
\Gm@cntv=\count290
\c@Gm@tempcnt=\count291
\Gm@bindingoffset=\dimen191
\Gm@wd@mp=\dimen192
\Gm@odd@mp=\dimen193
\Gm@even@mp=\dimen194
\Gm@layoutwidth=\dimen195
\Gm@layoutheight=\dimen196
\Gm@layouthoffset=\dimen197
\Gm@layoutvoffset=\dimen198
\Gm@dimlist=\toks22

(Y:\miktex-portable\texmfs\install\tex/xelatex/xetexconfig\geometry.cfg))
(Y:\miktex-portable\texmfs\install\tex/latex/titlesec\titlesec.sty
Package: titlesec 2019/10/16 v2.13 Sectioning titles
\ttl@box=\box50
\beforetitleunit=\skip64
\aftertitleunit=\skip65
\ttl@plus=\dimen199
\ttl@minus=\dimen256
\ttl@toksa=\toks23
\titlewidth=\dimen257
\titlewidthlast=\dimen258
\titlewidthfirst=\dimen259
)
(Y:\miktex-portable\texmfs\install\tex/latex/titlesec\titletoc.sty
Package: titletoc 2019/10/16 v2.13 TOC entries
\ttl@leftsep=\dimen260
)
(Y:\miktex-portable\texmfs\install\tex/latex/cjk\CJKnumb.sty
Package: CJKnumb 2015/04/18 4.8.4
\CJK@q=\count292
\CJK@r=\count293
)
(Y:\miktex-portable\texmfs\install\tex/latex/wallpaper\wallpaper.sty
Package: wallpaper 2005/01/18, v1.01 easy wallpaper formatting (MHFW)

(Y:\miktex-portable\texmfs\install\tex/latex/base\ifthen.sty
Package: ifthen 2014/09/29 v1.1c Standard LaTeX ifthen package (DPC)
)
(Y:\miktex-portable\texmfs\install\tex/latex/tools\calc.sty
Package: calc 2017/05/25 v4.3 Infix arithmetic (KKT,FJ)
\calc@Acount=\count294
\calc@Bcount=\count295
\calc@Adimen=\dimen261
\calc@Bdimen=\dimen262
\calc@Askip=\skip66
\calc@Bskip=\skip67
LaTeX Info: Redefining \setlength on input line 80.
LaTeX Info: Redefining \addtolength on input line 81.
\calc@Ccount=\count296
\calc@Cskip=\skip68
)
(Y:\miktex-portable\texmfs\install\tex/latex/eso-pic\eso-pic.sty
Package: eso-pic 2018/04/12 v2.0h eso-pic (RN)

(Y:\miktex-portable\texmfs\install\tex/generic/atbegshi\atbegshi.sty
Package: atbegshi 2019/12/05 v1.19 At begin shipout hook (HO)

(Y:\miktex-portable\texmfs\install\tex/generic/infwarerr\infwarerr.sty
Package: infwarerr 2019/12/03 v1.5 Providing info/warning/error messages (HO)
)
(Y:\miktex-portable\texmfs\install\tex/generic/ltxcmds\ltxcmds.sty
Package: ltxcmds 2020-05-10 v1.25 LaTeX kernel commands for general use (HO)
))
(Y:\miktex-portable\texmfs\install\tex/latex/xcolor\xcolor.sty
Package: xcolor 2016/05/11 v2.12 LaTeX color extensions (UK)

(Y:\miktex-portable\texmfs\install\tex/latex/graphics-cfg\color.cfg
File: color.cfg 2016/01/02 v1.6 sample color configuration
)
Package xcolor Info: Driver file: xetex.def on input line 225.
Package xcolor Info: Model `cmy' substituted by `cmy0' on input line 1348.
Package xcolor Info: Model `RGB' extended on input line 1364.
Package xcolor Info: Model `HTML' substituted by `rgb' on input line 1366.
Package xcolor Info: Model `Hsb' substituted by `hsb' on input line 1367.
Package xcolor Info: Model `tHsb' substituted by `hsb' on input line 1368.
Package xcolor Info: Model `HSB' substituted by `hsb' on input line 1369.
Package xcolor Info: Model `Gray' substituted by `gray' on input line 1370.
Package xcolor Info: Model `wave' substituted by `hsb' on input line 1371.
))
\wpXoffset=\skip69
\wpYoffset=\skip70
\tileXoffset=\skip71
\tileYoffset=\skip72
\tilewidth=\skip73
\tileheight=\skip74
\tileX=\skip75
\tileY=\skip76
)
(Y:\miktex-portable\texmfs\install\tex/latex/listings\listings.sty
\lst@mode=\count297
\lst@gtempboxa=\box51
\lst@token=\toks24
\lst@length=\count298
\lst@currlwidth=\dimen263
\lst@column=\count299
\lst@pos=\count300
\lst@lostspace=\dimen264
\lst@width=\dimen265
\lst@newlines=\count301
\lst@lineno=\count302
\lst@maxwidth=\dimen266

(Y:\miktex-portable\texmfs\install\tex/latex/listings\lstmisc.sty
File: lstmisc.sty 2019/09/10 1.8c (Carsten Heinz)
\c@lstnumber=\count303
\lst@skipnumbers=\count304
\lst@framebox=\box52
)
(Y:\miktex-portable\texmfs\install\tex/latex/listings\listings.cfg
File: listings.cfg 2019/09/10 1.8c listings configuration
))
Package: listings 2019/09/10 1.8c (Carsten Heinz)

(Y:\miktex-portable\texmfs\install\tex/latex/listings\lstlang1.sty
File: lstlang1.sty 2019/09/10 1.8c listings language file
)
(Y:\miktex-portable\texmfs\install\tex/latex/hyperref\hyperref.sty
Package: hyperref 2020/01/14 v7.00d Hypertext links for LaTeX

(Y:\miktex-portable\texmfs\install\tex/latex/pdftexcmds\pdftexcmds.sty
Package: pdftexcmds 2019/11/24 v0.31 Utility functions of pdfTeX for LuaTeX (HO
)
Package pdftexcmds Info: \pdf@primitive is available.
Package pdftexcmds Info: \pdf@ifprimitive is available.
Package pdftexcmds Info: \pdfdraftmode not found.
)
(Y:\miktex-portable\texmfs\install\tex/generic/kvsetkeys\kvsetkeys.sty
Package: kvsetkeys 2019/12/15 v1.18 Key value parser (HO)
)
(Y:\miktex-portable\texmfs\install\tex/generic/kvdefinekeys\kvdefinekeys.sty
Package: kvdefinekeys 2019-12-19 v1.6 Define keys (HO)
)
(Y:\miktex-portable\texmfs\install\tex/generic/pdfescape\pdfescape.sty
Package: pdfescape 2019/12/09 v1.15 Implements pdfTeX's escape features (HO)
)
(Y:\miktex-portable\texmfs\install\tex/latex/hycolor\hycolor.sty
Package: hycolor 2020-01-27 v1.10 Color options for hyperref/bookmark (HO)
)
(Y:\miktex-portable\texmfs\install\tex/latex/letltxmacro\letltxmacro.sty
Package: letltxmacro 2019/12/03 v1.6 Let assignment for LaTeX macros (HO)
)
(Y:\miktex-portable\texmfs\install\tex/latex/auxhook\auxhook.sty
Package: auxhook 2019-12-17 v1.6 Hooks for auxiliary files (HO)
)
(Y:\miktex-portable\texmfs\install\tex/latex/kvoptions\kvoptions.sty
Package: kvoptions 2020-10-07 v3.14 Key value format for package options (HO)
)
\@linkdim=\dimen267
\Hy@linkcounter=\count305
\Hy@pagecounter=\count306

(Y:\miktex-portable\texmfs\install\tex/latex/hyperref\pd1enc.def
File: pd1enc.def 2020/01/14 v7.00d Hyperref: PDFDocEncoding definition (HO)
)
(Y:\miktex-portable\texmfs\install\tex/generic/intcalc\intcalc.sty
Package: intcalc 2019/12/15 v1.3 Expandable calculations with integers (HO)
)
(Y:\miktex-portable\texmfs\install\tex/generic/etexcmds\etexcmds.sty
Package: etexcmds 2019/12/15 v1.7 Avoid name clashes with e-TeX commands (HO)
)
\Hy@SavedSpaceFactor=\count307
Package hyperref Info: Hyper figures OFF on input line 4547.
Package hyperref Info: Link nesting OFF on input line 4552.
Package hyperref Info: Hyper index ON on input line 4555.
Package hyperref Info: Plain pages OFF on input line 4562.
Package hyperref Info: Backreferencing OFF on input line 4567.
Package hyperref Info: Implicit mode ON; LaTeX internals redefined.
Package hyperref Info: Bookmarks ON on input line 4800.
\c@Hy@tempcnt=\count308

(Y:\miktex-portable\texmfs\install\tex/latex/url\url.sty
\Urlmuskip=\muskip18
Package: url 2013/09/16  ver 3.4  Verb mode for urls, etc.
)
LaTeX Info: Redefining \url on input line 5159.
\XeTeXLinkMargin=\dimen268

(Y:\miktex-portable\texmfs\install\tex/generic/bitset\bitset.sty
Package: bitset 2019/12/09 v1.3 Handle bit-vector datatype (HO)

(Y:\miktex-portable\texmfs\install\tex/generic/bigintcalc\bigintcalc.sty
Package: bigintcalc 2019/12/15 v1.5 Expandable calculations on big integers (HO
)
))
\Fld@menulength=\count309
\Field@Width=\dimen269
\Fld@charsize=\dimen270
Package hyperref Info: Hyper figures OFF on input line 6430.
Package hyperref Info: Link nesting OFF on input line 6435.
Package hyperref Info: Hyper index ON on input line 6438.
Package hyperref Info: backreferencing OFF on input line 6445.
Package hyperref Info: Link coloring OFF on input line 6450.
Package hyperref Info: Link coloring with OCG OFF on input line 6455.
Package hyperref Info: PDF/A mode OFF on input line 6460.
LaTeX Info: Redefining \ref on input line 6500.
LaTeX Info: Redefining \pageref on input line 6504.
\Hy@abspage=\count310
\c@Item=\count311
\c@Hfootnote=\count312
)
Package hyperref Info: Driver (autodetected): hxetex.

(Y:\miktex-portable\texmfs\install\tex/latex/hyperref\hxetex.def
File: hxetex.def 2020/01/14 v7.00d Hyperref driver for XeTeX

(Y:\miktex-portable\texmfs\install\tex/latex/hyperref\puenc.def
File: puenc.def 2020/01/14 v7.00d Hyperref: PDF Unicode definition (HO)
)
(Y:\miktex-portable\texmfs\install\tex/generic/stringenc\stringenc.sty
Package: stringenc 2019/11/29 v1.12 Convert strings between diff. encodings (HO
)
)
\pdfm@box=\box53
\c@Hy@AnnotLevel=\count313
\HyField@AnnotCount=\count314
\Fld@listcount=\count315
\c@bookmark@seq@number=\count316

(Y:\miktex-portable\texmfs\install\tex/latex/rerunfilecheck\rerunfilecheck.sty
Package: rerunfilecheck 2019/12/05 v1.9 Rerun checks for auxiliary files (HO)

(Y:\miktex-portable\texmfs\install\tex/latex/atveryend\atveryend.sty
Package: atveryend 2019-12-11 v1.11 Hooks at the very end of document (HO)
Package atveryend Info: \enddocument detected (standard20110627).
)
(Y:\miktex-portable\texmfs\install\tex/generic/uniquecounter\uniquecounter.sty
Package: uniquecounter 2019/12/15 v1.4 Provide unlimited unique counter (HO)
)
Package uniquecounter Info: New unique counter `rerunfilecheck' on input line 2
86.
)
\Hy@SectionHShift=\skip77
) (Y:\miktex-portable\texmfs\install\tex/latex/fontawesome5\fontawesome5.sty
Package: fontawesome5 2020/03/24 v5.13.0 Font Awesome 5

(Y:\miktex-portable\texmfs\install\tex/latex/fontawesome5\fontawesome5-utex-hel
per.sty
Package: fontawesome5-utex-helper 2020/03/24 v5.13.0 uTeX helper for fontawesom
e5
LaTeX Font Info:    Trying to load font information for TU+fontawesomefree on i
nput line 69.

(Y:\miktex-portable\texmfs\install\tex/latex/fontawesome5\tufontawesomefree.fd)
LaTeX Font Info:    Trying to load font information for TU+fontawesomebrands on
 input line 70.

(Y:\miktex-portable\texmfs\install\tex/latex/fontawesome5\tufontawesomebrands.f
d))) (Y:\miktex-portable\texmfs\install\tex/xelatex/xecjk\xeCJK-listings.sty
Package: xeCJK-listings 2020/02/18 v3.8.2 xeCJK patch file for listings
\l__xeCJK_listings_max_char_int=\count317
\l__xeCJK_listings_flag_int=\count318
)

LaTeX Warning: Unused global option(s):
    [14pt].

No file version1.aux.
\openout1 = `version1.aux'.

LaTeX Font Info:    Checking defaults for OML/cmm/m/it on input line 42.
LaTeX Font Info:    ... okay on input line 42.
LaTeX Font Info:    Checking defaults for OMS/cmsy/m/n on input line 42.
LaTeX Font Info:    ... okay on input line 42.
LaTeX Font Info:    Checking defaults for OT1/cmr/m/n on input line 42.
LaTeX Font Info:    ... okay on input line 42.
LaTeX Font Info:    Checking defaults for T1/cmr/m/n on input line 42.
LaTeX Font Info:    ... okay on input line 42.
LaTeX Font Info:    Checking defaults for TS1/cmr/m/n on input line 42.
LaTeX Font Info:    Trying to load font information for TS1+cmr on input line 4
2.
(Y:\miktex-portable\texmfs\install\tex/latex/base\ts1cmr.fd
File: ts1cmr.fd 2019/12/16 v2.5j Standard LaTeX font definitions
)
LaTeX Font Info:    ... okay on input line 42.
LaTeX Font Info:    Checking defaults for TU/lmr/m/n on input line 42.
LaTeX Font Info:    ... okay on input line 42.
LaTeX Font Info:    Checking defaults for OMX/cmex/m/n on input line 42.
LaTeX Font Info:    ... okay on input line 42.
LaTeX Font Info:    Checking defaults for U/cmr/m/n on input line 42.
LaTeX Font Info:    ... okay on input line 42.
LaTeX Font Info:    Checking defaults for PD1/pdf/m/n on input line 42.
LaTeX Font Info:    ... okay on input line 42.
LaTeX Font Info:    Checking defaults for PU/pdf/m/n on input line 42.
LaTeX Font Info:    ... okay on input line 42.

Package fontspec Info: Adjusting the maths setup (use [no-math] to avoid
(fontspec)             this).

\symlegacymaths=\mathgroup6
LaTeX Font Info:    Overwriting symbol font `legacymaths' in version `bold'
(Font)                  OT1/cmr/m/n --> OT1/cmr/bx/n on input line 42.
LaTeX Font Info:    Redeclaring math accent \acute on input line 42.
LaTeX Font Info:    Redeclaring math accent \grave on input line 42.
LaTeX Font Info:    Redeclaring math accent \ddot on input line 42.
LaTeX Font Info:    Redeclaring math accent \tilde on input line 42.
LaTeX Font Info:    Redeclaring math accent \bar on input line 42.
LaTeX Font Info:    Redeclaring math accent \breve on input line 42.
LaTeX Font Info:    Redeclaring math accent \check on input line 42.
LaTeX Font Info:    Redeclaring math accent \hat on input line 42.
LaTeX Font Info:    Redeclaring math accent \dot on input line 42.
LaTeX Font Info:    Redeclaring math accent \mathring on input line 42.
LaTeX Font Info:    Redeclaring math symbol \Gamma on input line 42.
LaTeX Font Info:    Redeclaring math symbol \Delta on input line 42.
LaTeX Font Info:    Redeclaring math symbol \Theta on input line 42.
LaTeX Font Info:    Redeclaring math symbol \Lambda on input line 42.
LaTeX Font Info:    Redeclaring math symbol \Xi on input line 42.
LaTeX Font Info:    Redeclaring math symbol \Pi on input line 42.
LaTeX Font Info:    Redeclaring math symbol \Sigma on input line 42.
LaTeX Font Info:    Redeclaring math symbol \Upsilon on input line 42.
LaTeX Font Info:    Redeclaring math symbol \Phi on input line 42.
LaTeX Font Info:    Redeclaring math symbol \Psi on input line 42.
LaTeX Font Info:    Redeclaring math symbol \Omega on input line 42.
LaTeX Font Info:    Redeclaring math symbol \mathdollar on input line 42.
LaTeX Font Info:    Redeclaring symbol font `operators' on input line 42.
LaTeX Font Info:    Encoding `OT1' has changed to `TU' for symbol font
(Font)              `operators' in the math version `normal' on input line 42.
LaTeX Font Info:    Overwriting symbol font `operators' in version `normal'
(Font)                  OT1/cmr/m/n --> TU/lmr/m/n on input line 42.
LaTeX Font Info:    Encoding `OT1' has changed to `TU' for symbol font
(Font)              `operators' in the math version `bold' on input line 42.
LaTeX Font Info:    Overwriting symbol font `operators' in version `bold'
(Font)                  OT1/cmr/bx/n --> TU/lmr/m/n on input line 42.
LaTeX Font Info:    Overwriting symbol font `operators' in version `normal'
(Font)                  TU/lmr/m/n --> TU/lmr/m/n on input line 42.
LaTeX Font Info:    Overwriting math alphabet `\mathit' in version `normal'
(Font)                  OT1/cmr/m/it --> TU/lmr/m/it on input line 42.
LaTeX Font Info:    Overwriting math alphabet `\mathbf' in version `normal'
(Font)                  OT1/cmr/bx/n --> TU/lmr/b/n on input line 42.
LaTeX Font Info:    Overwriting math alphabet `\mathsf' in version `normal'
(Font)                  OT1/cmss/m/n --> TU/lmss/m/n on input line 42.
LaTeX Font Info:    Overwriting math alphabet `\mathtt' in version `normal'
(Font)                  OT1/cmtt/m/n --> TU/lmtt/m/n on input line 42.
LaTeX Font Info:    Overwriting symbol font `operators' in version `bold'
(Font)                  TU/lmr/m/n --> TU/lmr/b/n on input line 42.
LaTeX Font Info:    Overwriting math alphabet `\mathit' in version `bold'
(Font)                  OT1/cmr/bx/it --> TU/lmr/b/it on input line 42.
LaTeX Font Info:    Overwriting math alphabet `\mathsf' in version `bold'
(Font)                  OT1/cmss/bx/n --> TU/lmss/b/n on input line 42.
LaTeX Font Info:    Overwriting math alphabet `\mathtt' in version `bold'
(Font)                  OT1/cmtt/m/n --> TU/lmtt/b/n on input line 42.
Package caption Info: Begin \AtBeginDocument code.
Package caption Info: subfig package v1.3 is loaded.
Package caption Info: hyperref package is loaded.
Package caption Info: listings package is loaded.
Package caption Info: End \AtBeginDocument code.

*geometry* detected driver: pdftex
*geometry* verbose mode - [ preamble ] result:
* driver: pdftex
* paper: a4paper
* layout: <same size as paper>
* layoutoffset:(h,v)=(0.0pt,0.0pt)
* modes: 
* h-part:(L,W,R)=(85.35826pt, 441.01773pt, 71.13188pt)
* v-part:(T,H,B)=(71.13188pt, 702.78308pt, 71.13188pt)
* \paperwidth=597.50787pt
* \paperheight=845.04684pt
* \textwidth=441.01773pt
* \textheight=702.78308pt
* \oddsidemargin=13.08827pt
* \evensidemargin=13.08827pt
* \topmargin=-38.1381pt
* \headheight=12.0pt
* \headsep=25.0pt
* \topskip=10.0pt
* \footskip=30.0pt
* \marginparwidth=57.0pt
* \marginparsep=11.0pt
* \columnsep=10.0pt
* \skip\footins=9.0pt plus 4.0pt minus 2.0pt
* \hoffset=0.0pt
* \voffset=0.0pt
* \mag=1000
* \@twocolumnfalse
* \@twosidefalse
* \@mparswitchfalse
* \@reversemarginfalse
* (1in=72.27pt=25.4mm, 1cm=28.453pt)

\AtBeginShipoutBox=\box54
\c@lstlisting=\count319
Package hyperref Info: Link coloring OFF on input line 42.
(Y:\miktex-portable\texmfs\install\tex/latex/hyperref\nameref.sty
Package: nameref 2019/09/16 v2.46 Cross-referencing by name of section

(Y:\miktex-portable\texmfs\install\tex/latex/refcount\refcount.sty
Package: refcount 2019/12/15 v3.6 Data extraction from label references (HO)
)
(Y:\miktex-portable\texmfs\install\tex/generic/gettitlestring\gettitlestring.st
y
Package: gettitlestring 2019/12/15 v1.6 Cleanup title references (HO)
)
\c@section@level=\count320
)
LaTeX Info: Redefining \ref on input line 42.
LaTeX Info: Redefining \pageref on input line 42.
LaTeX Info: Redefining \nameref on input line 42.
\@outlinefile=\write3
\openout3 = `version1.out'.



Package hyperref Warning: Rerun to get /PageLabels entry.


Underfull \hbox (badness 10000) detected at line 46
\TU/標楷體(0)/m/n/24 國 立 虎 尾 科 技 大 學
 []


Underfull \hbox (badness 10000) detected at line 48
\TU/標楷體(0)/m/n/24 機 械 設 計 工 程 系
 []


Underfull \hbox (badness 10000) detected at line 50
\TU/標楷體(0)/m/n/24 專 題 製 作 報 告
 []


LaTeX Font Warning: Font shape `TU/標楷體(0)/b/n' undefined
(Font)              using `TU/標楷體(0)/m/n' instead on input line 53.


Overfull \hbox (116.6662pt too wide) detected at line 68
\TU/標楷體(0)/m/n/17.28 指 導 教 授：|  嚴 家 銘 老 師
 []


Overfull \hbox (82.1062pt too wide) detected at line 70
\TU/標楷體(0)/m/n/17.28 班 級：|  四 設 三 甲
 []


Overfull \hbox (140.5126pt too wide) detected at line 72
\TU/標楷體(0)/m/n/17.28 學 生：|  李 正 揚 \TU/lmr/m/n/17.28 (40723110)
 []


Overfull \hbox (140.95517pt too wide) detected at line 75
 \TU/標楷體(0)/m/n/17.28 林 于 哲 \TU/lmr/m/n/17.28 (40723115)
 []


Overfull \hbox (140.95517pt too wide) detected at line 77
 \TU/標楷體(0)/m/n/17.28 黃 奕 慶 \TU/lmr/m/n/17.28 (40723138)
 []


Overfull \hbox (140.95517pt too wide) detected at line 79
 \TU/標楷體(0)/m/n/17.28 鄭 博 鴻 \TU/lmr/m/n/17.28 (40723148)
 []


Overfull \hbox (140.95517pt too wide) detected at line 81
 \TU/標楷體(0)/m/n/17.28 簡 國 龍 \TU/lmr/m/n/17.28 (40723150)
 []

(Y:\miktex-portable\texmfs\install\tex/generic/stringenc\se-ascii-print.def
File: se-ascii-print.def 2019/11/29 v1.12 stringenc: Printable ASCII characters

)
[1

]

Package hyperref Warning: Token not allowed in a PDF string (Unicode):
(hyperref)                \hskip 10.0pt
(hyperref)                replaced by space on input line 94.

[1

]

Package hyperref Warning: Token not allowed in a PDF string (Unicode):
(hyperref)                \hskip 17.28pt
(hyperref)                replaced by space on input line 107.

[2]
Underfull \hbox (badness 10000) in paragraph at lines 115--115
||
 []

\tf@toc=\write4
\openout4 = `version1.toc'.

[3

]
Underfull \hbox (badness 10000) in paragraph at lines 119--119
||
 []

\tf@lof=\write5
\openout5 = `version1.lof'.

[4

]
Chapter 1.

Overfull \hbox (14.91196pt too wide) in paragraph at lines 129--130
 \TU/標楷體(0)/m/n/14 機 器 學 習 與 機 電 系 統 結 合 的 運 用 越 來 廣 泛，|  我 們 將 其 運 用 在 桌 球 機 上
，|
 []


Underfull \hbox (badness 10000) in paragraph at lines 129--130

 []


Overfull \hbox (1.5682pt too wide) in paragraph at lines 131--133
\TU/標楷體(0)/m/n/14 提 高 環 境 的 真 實 程 度，|  來 減 少 一 開 始 就 是 以 實 體 的 方 式 測 試 所 帶 來 硬 
體、|
 []


Underfull \hbox (badness 10000) in paragraph at lines 131--133

 []


Overfull \hbox (6.21094pt too wide) in paragraph at lines 134--135
\TU/標楷體(0)/m/n/14 的 模 擬 環 境 來 修 正 在 純 程 式 的 架 構 與 真 實 環 境 間 的 誤 差，|  雖 然 \TU/Ti
mesNewRoman(0)/m/n/14 CoppilaSim
 []


Underfull \hbox (badness 10000) in paragraph at lines 134--135

 []


Underfull \hbox (badness 10000) in paragraph at lines 139--140

 []

[1

]
Chapter 2.

Overfull \hbox (6.98227pt too wide) in paragraph at lines 150--151
 \TU/標楷體(0)/m/n/14 類 神 經 網 路 的 概 念 來 源 是 觀 察 人 類 的 中 樞 神 經 系 統 而 啟 發 的，|  類 神 經

 []


Overfull \hbox (6.59946pt too wide) in paragraph at lines 150--151
\TU/標楷體(0)/m/n/14 的 架 構 指 標 為 以 下 幾 項：|  階 層 數、|  每 層 神 經 元 個 數、|  神 經 元 連 接 方 
式、|  啟
 []


Underfull \hbox (badness 10000) in paragraph at lines 150--151

 []


Overfull \hbox (9.58676pt too wide) in paragraph at lines 152--153
\TU/標楷體(0)/m/n/14 前 饋 為 傳 遞 經 過 啟 動 函 數 計 算 的 數 值。|  回 饋 則 是 修 正 權 重 和 偏 差  |（\
TU/TimesNewRoman(0)/m/n/14 biases\TU/標楷體(0)/m/n/14 ） ，|
 []


Overfull \hbox (3.98227pt too wide) in paragraph at lines 155--157
\TU/標楷體(0)/m/n/14 一 種 啟 動 函 數，|  是 類 神 經 網 路 的 關 鍵 部 分 之 一，|  且 可 以 微 分，|  並 可 
以
 []


Underfull \hbox (badness 10000) in paragraph at lines 155--157

 []

File: ./圖片/sigmoid_function.png Graphic file (type bmp)
<./圖片/sigmoid_function.png>

Overfull \hbox (6.33478pt too wide) in paragraph at lines 166--168
\TU/標楷體(0)/m/n/14 這 是 從 \TU/TimesNewRoman(0)/m/n/14 Sigmoid Function \TU/標楷體(0)
/m/n/14 微 分 得 來，|  可 以 減 少 梯 度 誤 差，|  因 此 他 是 \TU/TimesNewRoman(0)/m/n/14 loss
 []


Underfull \hbox (badness 10000) in paragraph at lines 166--168

 []


Underfull \hbox (badness 10000) in paragraph at lines 168--169

 []

LaTeX Font Info:    Calculating math sizes for size <14> on input line 169.

Underfull \hbox (badness 10000) in paragraph at lines 169--173

 []

[2

]
Underfull \hbox (badness 10000) in paragraph at lines 173--175

 []


Underfull \hbox (badness 10000) in paragraph at lines 175--176

 []


Underfull \hbox (badness 10000) in paragraph at lines 176--177

 []


Underfull \hbox (badness 10000) in paragraph at lines 177--179

 []


Underfull \hbox (badness 10000) in paragraph at lines 179--180

 []


Overfull \hbox (58.06702pt too wide) detected at line 180
\OT1/cmr/m/n/14 = \OMS/cmsy/m/n/14 ^^@\OT1/cmr/m/n/14 (1 + \OML/cmm/m/it/14 e[]
\OT1/cmr/m/n/14 )[][0 + [](\OML/cmm/m/it/14 e[]\OT1/cmr/m/n/14 )] = \OMS/cmsy/m
/n/14 ^^@\OT1/cmr/m/n/14 (1 + \OML/cmm/m/it/14 e[]\OT1/cmr/m/n/14 )[][[](\OML/c
mm/m/it/14 e[]\OT1/cmr/m/n/14 )] = \OMS/cmsy/m/n/14 ^^@\OT1/cmr/m/n/14 (1 + \OM
L/cmm/m/it/14 e[]\OT1/cmr/m/n/14 )[][\OML/cmm/m/it/14 e[][]\OT1/cmr/m/n/14 (\OM
S/cmsy/m/n/14 ^^@\OML/cmm/m/it/14 x\OT1/cmr/m/n/14 )]
 []


Underfull \hbox (badness 10000) in paragraph at lines 180--181

 []


Overfull \hbox (58.05685pt too wide) detected at line 181
\OMS/cmsy/m/n/14 ^^@\OT1/cmr/m/n/14 (1 + \OML/cmm/m/it/14 e[]\OT1/cmr/m/n/14 )[
][\OML/cmm/m/it/14 e[]\OT1/cmr/m/n/14 (\OMS/cmsy/m/n/14 ^^@\OT1/cmr/m/n/14 1)] 
= \OMS/cmsy/m/n/14 ^^@\OT1/cmr/m/n/14 (1 + \OML/cmm/m/it/14 e[]\OT1/cmr/m/n/14 
)[](\OMS/cmsy/m/n/14 ^^@\OML/cmm/m/it/14 e[]\OT1/cmr/m/n/14 ) = [] = []
 []


Underfull \hbox (badness 10000) in paragraph at lines 181--182

 []


Overfull \hbox (6.66995pt too wide) detected at line 182
\OT1/cmr/m/n/14 = [][] = [][] = []([] \OMS/cmsy/m/n/14 ^^@ []\OT1/cmr/m/n/14 )
 []


Underfull \hbox (badness 10000) in paragraph at lines 182--183

 []

File: ./圖片/sigmoidprime.png Graphic file (type bmp)
<./圖片/sigmoidprime.png>
[3]
Overfull \hbox (3.98227pt too wide) in paragraph at lines 191--193
\TU/標楷體(0)/m/n/14 這 是 類 神 經 網 路 最 普 遍 拿 來 使 用 的 啟 動 函 數，|  因 為 可 以 解 決 梯 度 消 散
 []


Underfull \hbox (badness 10000) in paragraph at lines 195--196

 []


Underfull \hbox (badness 10000) in paragraph at lines 204--206

 []


Underfull \hbox (badness 10000) in paragraph at lines 206--212

 []

File: ./圖片/MSE.png Graphic file (type bmp)
<./圖片/MSE.png>

Overfull \hbox (3.98227pt too wide) in paragraph at lines 214--222
\TU/標楷體(0)/m/n/14 他 能 告 訴 你 一 組 點 與 回 歸 線 接 近 的 程 度，|  透 過 獲 取 點 與 回 歸 線 之 距 離
 []


Overfull \hbox (1.63983pt too wide) in paragraph at lines 214--222
\TU/TimesNewRoman(0)/m/n/14 (\TU/標楷體(0)/m/n/14 這 些 距 離 就 是 誤 差\TU/TimesNewRoman
(0)/m/n/14 ) \TU/標楷體(0)/m/n/14 並 對 它 們 進 行 平 方 來 做 到 這 點，|  而 平 方 是 為 了 消
 []


Overfull \hbox (16.47153pt too wide) in paragraph at lines 214--222
\TU/標楷體(0)/m/n/14 除 所 有 負 號，|  也 能 讓 更 大 的 差 異 賦 予 更 大 的 權 重。| \TU/TimesNewRoma
n(0)/m/n/14 ([]$[]$[]. 
 []

[4]
Underfull \hbox (badness 10000) in paragraph at lines 223--228

 []


Underfull \hbox (badness 10000) in paragraph at lines 228--230

 []

[5]
Underfull \hbox (badness 10000) in paragraph at lines 235--237

 []


Overfull \hbox (7.98813pt too wide) in paragraph at lines 238--241
\TU/標楷體(0)/m/n/14 此 外，|  基 於 數 組 的 編 程 能 夠 以 通 用 語 言 \TU/TimesNewRoman(0)/m/n/1
4 (\TU/標楷體(0)/m/n/14 如 \TU/TimesNewRoman(0)/m/n/14 Python\TU/標楷體(0)/m/n/14 、| \
TU/TimesNewRoman(0)/m/n/14 Lisp\TU/標楷體(0)/m/n/14 、| \TU/TimesNewRoman(0)/m/n/14
 C++ \TU/標楷體(0)/m/n/14 和 \TU/TimesNewRoman(0)/m/n/14 Lua)
 []


Underfull \hbox (badness 10000) in paragraph at lines 238--241

 []


Overfull \hbox (3.98227pt too wide) in paragraph at lines 242--243
\TU/標楷體(0)/m/n/14 其 次，|  自 動 微 分 的 發 展 使 得 完 全 自 動 化 計 算 導 數 的 艱 鉅 工 作 成 為 了 可
 []


Overfull \hbox (3.98227pt too wide) in paragraph at lines 242--243
\TU/標楷體(0)/m/n/14 能，|  這 使 的 運 用 不 同 的 機 器 學 習 方 法 進 行 實 驗 變 得 非 常 容 易，|  同 時 仍

 []


Overfull \hbox (1.35501pt too wide) in paragraph at lines 242--243
\TU/標楷體(0)/m/n/14 然 允 許 基 於 梯 度 的 優 化。|  因 為 \TU/TimesNewRoman(0)/m/n/14 autogr
ad \TU/標楷體(0)/m/n/14 軟 件 包 的 普 及，|  並 將 該 技 術 用
 []


Overfull \hbox (10.05443pt too wide) in paragraph at lines 242--243
\TU/標楷體(0)/m/n/14 於 \TU/TimesNewRoman(0)/m/n/14 NumPy \TU/標楷體(0)/m/n/14 數 組，|  
並 且 類 似 的 方 法 也 用 於 框 架 中，|  例 如\TU/TimesNewRoman(0)/m/n/14 : Chainer, DyNet,
 []


Underfull \hbox (badness 10000) in paragraph at lines 242--243

 []


Overfull \hbox (3.96063pt too wide) in paragraph at lines 244--246
\TU/標楷體(0)/m/n/14 第 三 隨 著 自 由 軟 件 的 到 來，|  科 學 界 從 封 閉 的 專 用 軟 件 \TU/TimesNewRo
man(0)/m/n/14 (\TU/標楷體(0)/m/n/14 例 如 \TU/TimesNewRoman(0)/m/n/14 Matlab) \TU/標楷
體(0)/m/n/14 轉
 []


Overfull \hbox (3.98227pt too wide) in paragraph at lines 244--246
\TU/標楷體(0)/m/n/14 包，|  滿 足 了 大 多 數 研 究 人 員 對 數 值 分 析 需 求，|  同 時 讓 他 們 能 夠 利 用 龐

 []


Overfull \hbox (3.92758pt too wide) in paragraph at lines 244--246
\TU/標楷體(0)/m/n/14 此 外，|  自 由 軟 體 的 開 放 性、|  互 相 操 作 性 和 靈 活 性，|  促 進 了 充 滿 活 力 
的
 []


Overfull \hbox (3.98227pt too wide) in paragraph at lines 244--246
\TU/標楷體(0)/m/n/14 社 會 發 展，|  這 樣 社 會 可 以 通 過 擴 展 程 式 庫 現 有 的 功 能，|  或 著 在 需 要 時

 []


Overfull \hbox (3.98227pt too wide) in paragraph at lines 244--246
\TU/標楷體(0)/m/n/14 通 過 開 發 和 發 布 全 新 的 程 式 庫 功 能，|  來 迅 速 滿 足 新 的 或 不 斷 變 化 的 需
 []


Overfull \hbox (0.15869pt too wide) in paragraph at lines 244--246
\TU/標楷體(0)/m/n/14 中 的 \TU/TimesNewRoman(0)/m/n/14 Lush\TU/標楷體(0)/m/n/14 、| \TU/
TimesNewRoman(0)/m/n/14 C++ \TU/標楷體(0)/m/n/14 中 的 \TU/TimesNewRoman(0)/m/n/14 T
orch\TU/標楷體(0)/m/n/14 、| \TU/TimesNewRoman(0)/m/n/14 Objective-C \TU/標楷體(0)/m/n
/14 和 \TU/TimesNewRoman(0)/m/n/14 Lua\TU/標楷體(0)/m/n/14 、| \TU/TimesNewRoman(0)/
m/n/14 C++ \TU/標楷體(0)/m/n/14 中 的 \TU/TimesNewRoman(0)/m/n/14 EBLearn\TU/標楷體(0)/
m/n/14 、|
 []


Underfull \hbox (badness 10000) in paragraph at lines 244--246

 []


Overfull \hbox (7.70651pt too wide) in paragraph at lines 247--248
\TU/TimesNewRoman(0)/m/n/14 4013-4021 \TU/標楷體(0)/m/n/14 頁，| \TU/TimesNewRoman(0
)/m/n/14 2016), \TU/標楷體(0)/m/n/14 產 生 了 一 系 列 高 性 能 可 重 用 的 深 度 學 習 內 核，|  這
 []


Underfull \hbox (badness 10000) in paragraph at lines 247--248

 []

[6]
Overfull \hbox (4.89603pt too wide) in paragraph at lines 251--257
\TU/標楷體(0)/m/n/14 強 化 學 習 是 通 過 \TU/TimesNewRoman(0)/m/n/14 agent \TU/標楷體(0)/m/
n/14 與 已 知 或 未 知 的 環 境 持 互 動，|  不 斷 適 應 與 學 習，|
 []


Overfull \hbox (3.17337pt too wide) in paragraph at lines 251--257
\TU/標楷體(0)/m/n/14 得 到 的 回 饋 可 能 是 正 面，|  也 就 是 \TU/TimesNewRoman(0)/m/n/14 rewa
rd\TU/標楷體(0)/m/n/14 ，|  如 果 得 到 負 面，|  那 就 是 \TU/TimesNewRoman(0)/m/n/14 pun-
 []


Underfull \hbox (badness 10000) in paragraph at lines 251--257

 []


Underfull \hbox (badness 10000) in paragraph at lines 251--257

 []

File: ./圖片/Faces_of_Reinforcement_Learning.png Graphic file (type bmp)
<./圖片/Faces_of_Reinforcement_Learning.png>
File: ./圖片/The_Flow_of_Reinforcement_Learning.png Graphic file (type bmp)
<./圖片/The_Flow_of_Reinforcement_Learning.png>

Underfull \hbox (badness 10000) in paragraph at lines 287--297

 []

File: ./圖片/The_entire_interaction_process.png Graphic file (type bmp)
<./圖片/The_entire_interaction_process.png>

Overfull \hbox (4.89603pt too wide) in paragraph at lines 322--324
\TU/標楷體(0)/m/n/14 當 \TU/TimesNewRoman(0)/m/n/14 agent \TU/標楷體(0)/m/n/14 開 始 與 環
 境 互 動 時，|  他 可 以 選 擇 一 個 操 作 並 做 出 相 應 的 回 應，|
 []


Overfull \hbox (3.98227pt too wide) in paragraph at lines 322--324
\TU/標楷體(0)/m/n/14 中，|  每 項 更 改 都 會 導 致 某 種 修 改，|  這 些 變 化 被 描 述 為 場 景，|  每 個 步 
驟
 []


Underfull \hbox (badness 10000) in paragraph at lines 322--324

 []


Overfull \hbox (7.84387pt too wide) in paragraph at lines 334--338
\TU/標楷體(0)/m/n/14 從 你 將 在 每 個 狀 態 獲 得 的 獎 勵 類 型 中，|  告 訴 你 訊 息。| $\OML/cmm/m/it
/14 ^^M$ \TU/標楷體(0)/m/n/14 又 叫 衰 減 因 子，|
 []


Underfull \hbox (badness 10000) in paragraph at lines 334--338

 []


Overfull \hbox (0.31206pt too wide) in paragraph at lines 345--348
\TU/標楷體(0)/m/n/14 當 我 們 處 理 時 間 問 題 時，|  通 常 使 用 $\OML/cmm/m/it/14 ^^U$\TU/標楷體(
0)/m/n/14 ，|  這 是 涉 及 更 多 的 連 續 狀 態 的 預
 []


Underfull \hbox (badness 10000) in paragraph at lines 345--348

 []

[7]
Underfull \hbox (badness 10000) in paragraph at lines 348--356

 []


Overfull \hbox (3.98227pt too wide) in paragraph at lines 357--361
\TU/標楷體(0)/m/n/14 強 化 學 習 是 一 種 實 現 如 何 將 情 況 映 設 為 行 動 的 方 法，|  從 而 最 大 化 並 找
 []


Overfull \hbox (3.98227pt too wide) in paragraph at lines 357--361
\TU/標楷體(0)/m/n/14 到 獲 得 最 高 獎 勵 的 方 法，|  機 器 或 機 器 人 不 會 像 其 他 機 器 學 習 形 式 的 機
 []


Overfull \hbox (3.98227pt too wide) in paragraph at lines 357--361
\TU/標楷體(0)/m/n/14 器 人 那 樣 被 告 知 要 採 取 哪 些 行 動，|  但 機 器 必 須 發 現 哪 些 動 作 會 產 生 最
 []


Underfull \hbox (badness 10000) in paragraph at lines 357--361

 []

[8]
Overfull \hbox (11.91196pt too wide) in paragraph at lines 361--364
\TU/標楷體(0)/m/n/14 獎 勵 是 我 們 從 一 狀 態 過 渡 到 另 一 狀 態 時 所 獲 得 的 動 力，|  它 可 以 是 分 數，
|
 []


Overfull \hbox (3.70883pt too wide) in paragraph at lines 361--364
\TU/標楷體(0)/m/n/14 例 如 在 遊 戲 中。|  我 們 訓 練 的 次 數 越 多，|  我 們 就 變 得 越 精 準，|  且 我 們 
的
 []


Underfull \hbox (badness 10000) in paragraph at lines 361--364

 []


Underfull \hbox (badness 10000) in paragraph at lines 364--366

 []

File: ./圖片/agent.png Graphic file (type bmp)
<./圖片/agent.png>

Underfull \hbox (badness 10000) in paragraph at lines 383--387

 []

[9]
File: ./圖片/network.png Graphic file (type bmp)
<./圖片/network.png>

Overfull \hbox (34.72711pt too wide) in paragraph at lines 412--414
\TU/標楷體(0)/m/n/14 用 一 個 \TU/TimesNewRoman(0)/m/n/14 2 \TU/標楷體(0)/m/n/14 層 神 經 網
 路，|  該 網 路 獲 取 原 始 圖 像 像 素 \TU/TimesNewRoman(0)/m/n/14 (100,800 \TU/標楷體(0)/m/n
/14 個 數 字 \TU/TimesNewRoman(0)/m/n/14 (210*160*3))\TU/標楷體(0)/m/n/14 ，|
 []


Underfull \hbox (badness 10000) in paragraph at lines 412--414

 []

File: ./圖片/supervising_learning.png Graphic file (type bmp)
<./圖片/supervising_learning.png>

Overfull \hbox (17.78455pt too wide) in paragraph at lines 419--420
 [] 
 []

[10]
! Undefined control sequence.
<recently read> \persent 
                         
l.424 ...率(-1.2,-0.36)，而不是原始機率(在這個情況下，是30$\persent
                                                  $和70$\persent$)，因為我們總是優化正確...
The control sequence at the end of the top line
of your error message was never \def'ed. If you have
misspelled it (e.g., `\hobx'), type `I' and the correct
spelling (e.g., `I\hbox'). Otherwise just continue,
and I'll forget about whatever was undefined.

! Undefined control sequence.
<recently read> \persent 
                         
l.424 ...，而不是原始機率(在這個情況下，是30$\persent$和70$\persent
                                                  $)，因為我們總是優化正確標籤的對數概率(這使我們的...
The control sequence at the end of the top line
of your error message was never \def'ed. If you have
misspelled it (e.g., `\hobx'), type `I' and the correct
spelling (e.g., `I\hbox'). Otherwise just continue,
and I'll forget about whatever was undefined.


Overfull \hbox (6.98227pt too wide) in paragraph at lines 423--426
\TU/標楷體(0)/m/n/14 督 學 習 的 知 識，|  因 為 正 如 我 們 看 到 的，|  與 我 們 架 構 類 似，|  在 普 通 通 
的 監 督
 []


Overfull \hbox (6.98227pt too wide) in paragraph at lines 423--426
\TU/標楷體(0)/m/n/14 學 習 中，|  我 們 會 將 圖 像 送 到 網 路，|  並 獲 得 伊 些 概 率，|  例 如 對 於 兩 個 
類 別 的
 []


Overfull \hbox (3.19061pt too wide) in paragraph at lines 423--426
\TU/標楷體(0)/m/n/14 上 和 下。|  這 裡 顯 示 的 是 向 上 和 向 下 對 數 概 率 \TU/TimesNewRoman(0)/m
/n/14 (-1.2,-0.36)\TU/標楷體(0)/m/n/14 ，|  而 不 是 原 始 機 率
 []


Overfull \hbox (2.30197pt too wide) in paragraph at lines 423--426
\TU/TimesNewRoman(0)/m/n/14 (\TU/標楷體(0)/m/n/14 在 這 個 情 況 下，|  是 \TU/TimesNewRom
an(0)/m/n/14 30$$ \TU/標楷體(0)/m/n/14 和 \TU/TimesNewRoman(0)/m/n/14 70$$)\TU/標楷體(
0)/m/n/14 ，|  因 為 我 們 總 是 優 化 正 確 標 籤 的 對 數 概 率 \TU/TimesNewRoman(0)/m/n/14 (\T
U/標楷體(0)/m/n/14 這
 []


Overfull \hbox (0.95525pt too wide) in paragraph at lines 423--426
\TU/標楷體(0)/m/n/14 在 監 督 學 習 中，|  我 們 將 可 以 獲 取 標 籤，|  例 如\TU/TimesNewRoman(0)/m
/n/14 : \TU/標楷體(0)/m/n/14 我 們 可 能 被 告 知 現 在 正 確 的
 []


Overfull \hbox (5.80652pt too wide) in paragraph at lines 423--426
\TU/標楷體(0)/m/n/14 做 法 是 向 上 運 動 \TU/TimesNewRoman(0)/m/n/14 (\TU/標楷體(0)/m/n/14 
標 籤 \TU/TimesNewRoman(0)/m/n/14 0)\TU/標楷體(0)/m/n/14 ，|  在 執 行 過 程 中，|  我 們 將 以 
上 的 對 數 機 率 輸 入 \TU/TimesNewRoman(0)/m/n/14 1.0
 []


Underfull \hbox (badness 10000) in paragraph at lines 423--426

 []


Overfull \hbox (8.23099pt too wide) in paragraph at lines 428--429
 \TU/標楷體(0)/m/n/14 機 器 學 習 涉 及 操 縱 機 率。|  這 個 機 率 通 常 包 含 \TU/TimesNewRoman(0)/
m/n/14 normalised-probabilities \TU/標楷體(0)/m/n/14 或
 []


Overfull \hbox (1.24692pt too wide) in paragraph at lines 428--429
\TU/TimesNewRoman(0)/m/n/14 log-probabilities\TU/標楷體(0)/m/n/14 。|  能 加 強 解 決 現 
代 機 器 學 習 問 題 的 關 鍵 點，|  是 能 夠 巧 妙 的
 []


Overfull \hbox (6.98227pt too wide) in paragraph at lines 428--429
\TU/標楷體(0)/m/n/14 在 這 兩 種 型 式 間 交 替 使 用，|  而 對 數 導 數 技 巧 就 能 夠 幫 助 我 們 做 到 這 點，
|  也
 []


Underfull \hbox (badness 10000) in paragraph at lines 428--429

 []


Underfull \hbox (badness 10000) in paragraph at lines 430--431

 []


Underfull \hbox (badness 10000) in paragraph at lines 431--433

 []


Overfull \hbox (3.70883pt too wide) in paragraph at lines 438--439
[]\TU/標楷體(0)/m/n/14 最 大 概 似 估 計 的 中 央 計 算。|  最 大 概 似 是 機 器 學 習 中 使 用 的 學 習 原 理 
之
 []


Underfull \hbox (badness 10000) in paragraph at lines 441--442

 []

[11]
Overfull \hbox (3.98227pt too wide) in paragraph at lines 443--445
\TU/標楷體(0)/m/n/14 在 第 一 行 中，|  我 們 應 用 了 對 數 導 數 技 巧，|  在 第 二 行 中，|  我 們 交 換 了 
差
 []


Overfull \hbox (3.98227pt too wide) in paragraph at lines 443--445
\TU/標楷體(0)/m/n/14 我 們 從 期 望 值 為 零 的 分 數 中 減 去 任 何 一 項，|  且 此 修 改 不 會 影 響 預 期 得
 []


Underfull \hbox (badness 10000) in paragraph at lines 447--448

 []


Overfull \hbox (3.98227pt too wide) in paragraph at lines 448--450
\TU/標楷體(0)/m/n/14 我 們 現 在 可 以 從 對 數 概 率 的 梯 度 躍 升 為 概 率 的 梯 度，|  然 後 返 回，|  但 是

 []


Overfull \hbox (3.98227pt too wide) in paragraph at lines 448--450
\TU/標楷體(0)/m/n/14 真 正 要 解 決 的 其 實 是 計 算 困 難 的 期 望 梯 度，|  所 以 我 們 可 以 利 用 新 發 現
 []


Underfull \hbox (badness 10000) in paragraph at lines 452--453

 []


Underfull \hbox (badness 10000) in paragraph at lines 453--454

 []


Underfull \hbox (badness 10000) in paragraph at lines 455--456

 []


Underfull \hbox (badness 10000) in paragraph at lines 456--457

 []

File: ./圖片/gradient_change.png Graphic file (type bmp)
<./圖片/gradient_change.png>

Overfull \hbox (6.98227pt too wide) in paragraph at lines 464--466
\TU/標楷體(0)/m/n/14 為 此，|  我 們 將 使 用 另 一 種 普 遍 存 在 的 技 巧，|  一 種 概 率 恆 等 的 技 巧，|  
在 該 技
 []


Overfull \hbox (2.04218pt too wide) in paragraph at lines 464--466
\TU/標楷體(0)/m/n/14 巧 中，|  我 們 將 表 達 式 乘 以 \TU/TimesNewRoman(0)/m/n/14 1\TU/標楷體(0
)/m/n/14 ，|  該 表 達 式 由 概 率 密 度 除 以 自 身 而 形 成。|  將 特
 []


Underfull \hbox (badness 10000) in paragraph at lines 464--466

 []

[12]
Underfull \hbox (badness 10000) in paragraph at lines 466--467

 []


Underfull \hbox (badness 10000) in paragraph at lines 467--468

 []


Underfull \hbox (badness 10000) in paragraph at lines 468--469

 []


Underfull \hbox (badness 10000) in paragraph at lines 469--470

 []


Overfull \hbox (6.4354pt too wide) in paragraph at lines 470--472
\TU/標楷體(0)/m/n/14 在 這 四 行 中 發 生 了 很 多 事 情。|  在 第 一 行 中，|  我 們 交 換 了 導 數 和 積 分。|
  在 第
 []


Overfull \hbox (6.98227pt too wide) in paragraph at lines 470--472
\TU/標楷體(0)/m/n/14 二 行 中，|  我 們 應 用 了 概 率 身 份 技 巧，|  這 使 我 們 能 夠 形 成 得 分 比，|  然 
後 使 用
 []


Overfull \hbox (11.26385pt too wide) in paragraph at lines 470--472
\TU/標楷體(0)/m/n/14 出 了 我 們 所 需 的 隨 機 估 計 量，|  這 是 由 蒙 特 卡 洛 計 算 的，|  方 法 是 首 先 從
 \TU/TimesNewRoman(0)/m/n/14 p |\TU/標楷體(0)/m/n/14 （\TU/TimesNewRoman(0)/m/n/14 
z\TU/標楷體(0)/m/n/14 ）|
 []


Underfull \hbox (badness 10000) in paragraph at lines 470--472

 []

Missing character: There is no （ in font [lmroman12-regular]:mapping=tex-text;!
Missing character: There is no ） in font [lmroman12-regular]:mapping=tex-text;!
Missing character: There is no θ in font cmmi12!
Missing character: There is no θ in font cmmi12!
File: ./圖片/figure.png Graphic file (type bmp)
<./圖片/figure.png>

Overfull \hbox (4.02623pt too wide) in paragraph at lines 473--481
\TU/標楷體(0)/m/n/14 給 \TU/TimesNewRoman(0)/m/n/14 x \TU/標楷體(0)/m/n/14 的 概 率 增 加。|
  換 句 話 說，|  如 果 我 們 要 在 的 方 向 上 微 移 \TU/TimesNewRoman(0)/m/n/14 θ\TU/標楷體(0)/m/
n/14 ，| $\OMS/cmsy/m/n/14 r[]\OML/cmm/m/it/14 logp\OT1/cmr/m/n/14 (\OML/cmm/m/i
t/14 x\OT1/cmr/m/n/14 ; )$\TU/標楷體(0)/m/n/14 ，|
 []


Overfull \hbox (6.70883pt too wide) in paragraph at lines 473--481
\TU/標楷體(0)/m/n/14 數 概 率 的 梯 度，|  箭 頭 指 示 應 微 調 分 佈 平 均 值 以 增 加 該 樣 本 概 率 的 方 向。
|  中
 []


Overfull \hbox (5.04086pt too wide) in paragraph at lines 473--481
\TU/標楷體(0)/m/n/14 都 給 出\TU/TimesNewRoman(0)/m/n/14 -1 |\TU/標楷體(0)/m/n/14 （請 注 意
，|  這 可 以 是 任 意 的，|  不 一 定 是 可 微 分 的 標 量 值 函 數\TU/TimesNewRoman(0)/m/n/14 )\TU/
標楷體(0)/m/n/14 ，|  箭
 []


Overfull \hbox (6.49008pt too wide) in paragraph at lines 473--481
\TU/標楷體(0)/m/n/14 綠 色 箭 頭 和 紅 色 箭 頭 的 負 數。|  右：|  更 新 參 數 後，|  綠 色 箭 頭 和 反 向 紅 
色 箭 頭
 []


Overfull \hbox (6.70883pt too wide) in paragraph at lines 473--481
\TU/標楷體(0)/m/n/14 將 我 們 向 左 移 至 底 部。|  現 在，|  根 據 需 要，|  該 分 佈 中 的 樣 本 將 具 有 更 
高 的 預
 []


Underfull \hbox (badness 10000) in paragraph at lines 473--481

 []

[13] [14]
Chapter 3.

Underfull \hbox (badness 10000) in paragraph at lines 493--495

 []


Underfull \hbox (badness 10000) in paragraph at lines 495--497

 []


Underfull \hbox (badness 10000) in paragraph at lines 499--501

 []


Underfull \hbox (badness 10000) in paragraph at lines 508--509

 []


Underfull \hbox (badness 10000) in paragraph at lines 512--513

 []

[15

]
Chapter 4.

Overfull \hbox (6.70883pt too wide) in paragraph at lines 521--522
\TU/標楷體(0)/m/n/14 的 算 法。|  這 個 環 境 具 有 共 享 的 介 面，|  使 我 們 能 用 來 編 寫 常 規 算 法，|  
也 就 能
 []


Underfull \hbox (badness 10000) in paragraph at lines 521--522

 []


Overfull \hbox (6.98227pt too wide) in paragraph at lines 525--526
\TU/TimesNewRoman(0)/m/n/14 Gym\TU/標楷體(0)/m/n/14 ，|  這 是 一 個 橫 向 的 乒 乓 遊 戲，|  左
 方 是 遊 玩 者，|  右 邊 是 馬 可 夫 決 策 的 特
 []


Overfull \hbox (3.85028pt too wide) in paragraph at lines 531--533
 \TU/標楷體(0)/m/n/14 左：|  乒 乓 球 遊 戲。|  右：| \TU/TimesNewRoman(0)/m/n/14 Pong \TU/標
楷體(0)/m/n/14 是 \TU/TimesNewRoman(0)/m/n/14 Markov \TU/標楷體(0)/m/n/14 決 策 過 程  |（
\TU/TimesNewRoman(0)/m/n/14 MDP\TU/標楷體(0)/m/n/14 ）|  的 特 例：|  圖，|
 []


Underfull \hbox (badness 10000) in paragraph at lines 531--533

 []

[16

]
Chapter 5.
[17

]
Chapter 6.

Overfull \hbox (3.98227pt too wide) in paragraph at lines 543--544
\TU/標楷體(0)/m/n/14 身 重 新 關 機，|  當 然 開 啟 多 個 作 業 系 統 之 間 也 有 共 通 性，|  可 直 接 從 視 窗

 []


Overfull \hbox (24.15604pt too wide) in paragraph at lines 544--545
[]\TU/標楷體(0)/m/n/14 除 了 作 業 系 統 裡 面 的 執 行，|  還 可 在 其 中 練 習 磁 碟 分 割、|  格 式 化 以 及
 \TU/TimesNewRoman(0)/m/n/14 BIOS
 []


Overfull \hbox (3.98227pt too wide) in paragraph at lines 545--547
\TU/標楷體(0)/m/n/14 腦 的 記 憶 體 大 小 與 硬 碟 空 間 是 實 時 依 據 操 作 者 決 定，|  但 終 究 還 是 佔 掉
 []

[18

]
Chapter 7.

! LaTeX Error: Something's wrong--perhaps a missing \item.

See the LaTeX manual or LaTeX Companion for explanation.
Type  H <return>  for immediate help.
 ...                                              
                                                  
l.552 \end{itemize}
                   
Try typing  <return>  to proceed.
If that doesn't work, type  X <return>  to quit.


Overfull \hbox (3.70883pt too wide) in paragraph at lines 551--552
\TU/標楷體(0)/m/n/14 板。|  一 開 始 我 們 先 取 得 畫 面 進 行 處 理，|  轉 換 成 黑 白 畫 面，|  讓 電 腦 只 
辯
 []


Overfull \hbox (3.98227pt too wide) in paragraph at lines 551--552
\TU/標楷體(0)/m/n/14 成 的 隱 藏 層 進 行 運 算，|  得 出 結 果，|  最 後 不 好 的 結 果 會 進 行 回 授，|  也 
就
 []


Overfull \hbox (1.0166pt too wide) in paragraph at lines 551--552
\TU/標楷體(0)/m/n/14 驗 的 增 加，|  會 越 打 越 聰 明，|  贏 的 機 率 就 越 高，|  由 此 訓 練 出 聰 明 的 \T
U/TimesNewRoman(0)/m/n/14 AI\TU/標楷體(0)/m/n/14 ，|
 []


Overfull \hbox (3.98227pt too wide) in paragraph at lines 551--552
\TU/標楷體(0)/m/n/14 經 過 我 們 小 組 的 測 試，|  往 後 不 管 狀 況 是 如 何，|  基 本 上 都 會 贏 過 敵 方 拿

 []

[19

]
Chapter 8.
[20

] [21]
Package atveryend Info: Empty hook `BeforeClearDocument' on input line 576.
 [22]
Package atveryend Info: Empty hook `AfterLastShipout' on input line 576.
 (version1.aux)
Package atveryend Info: Empty hook `AtVeryEndDocument' on input line 576.
Package atveryend Info: Executing hook `AtEndAfterFileList' on input line 576.


Package rerunfilecheck Warning: File `version1.out' has changed.
(rerunfilecheck)                Rerun to get outlines right
(rerunfilecheck)                or use package `bookmark'.

Package rerunfilecheck Info: Checksums for `version1.out':
(rerunfilecheck)             Before: <no file>
(rerunfilecheck)             After:  BB4C8A9D6DD9CEC1A98A0C16A8ED368A;2114.

LaTeX Font Warning: Some font shapes were not available, defaults substituted.

Package atveryend Info: Empty hook `AtVeryVeryEnd' on input line 576.
 ) 
Here is how much of TeX's memory you used:
 19529 strings out of 414221
 363055 string characters out of 2901377
 756899 words of memory out of 3000000
 36785 multiletter control sequences out of 15000+200000
 538810 words of font info for 100 fonts, out of 3000000 for 9000
 1348 hyphenation exceptions out of 8191
 48i,7n,81p,548b,556s stack positions out of 5000i,500n,10000p,200000b,50000s

Output written on version1.pdf (27 pages).
