This is XeTeX, Version 3.14159265-2.6-0.999992 (MiKTeX 2.9.7350 64-bit) (preloaded format=xelatex 2020.3.25)  8 APR 2021 15:12
entering extended mode
**./專題報告.tex
(專題報告.tex
LaTeX2e <2020-02-02> patch level 5
L3 programming layer <2020-03-06>
(Y:\miktex-portable\texmfs\install\tex/latex/ctex\ctexart.cls
(Y:\miktex-portable\texmfs\install\tex/latex/ctex/config\ctexbackend.cfg
File: ctexbackend.cfg 2021/03/14 v2.5.6 Backend configuration file (CTEX)
)
(Y:\miktex-portable\texmfs\install\tex/latex/l3kernel\expl3.sty
Package: expl3 2020-03-06 L3 programming layer (loader) 

(Y:\miktex-portable\texmfs\install\tex/latex/l3backend\l3backend-xdvipdfmx.def
File: l3backend-xdvipdfmx.def 2020-03-12 L3 backend support: xdvipdfmx
\g__graphics_track_int=\count163
\l__pdf_internal_box=\box45
\g__pdf_backend_object_int=\count164
\g__pdf_backend_annotation_int=\count165
))
Document Class: ctexart 2021/03/14 v2.5.6 Chinese adapter for class article (CT
EX)
(Y:\miktex-portable\texmfs\install\tex/latex/l3packages/xparse\xparse.sty
Package: xparse 2020-03-06 L3 Experimental document command parser
\l__xparse_current_arg_int=\count166
\g__xparse_grabber_int=\count167
\l__xparse_m_args_int=\count168
\l__xparse_v_nesting_int=\count169
)
(Y:\miktex-portable\texmfs\install\tex/latex/l3packages/l3keys2e\l3keys2e.sty
Package: l3keys2e 2020-03-06 LaTeX2e option processing using LaTeX3 keys
)

! Package ctex Error: Support package `expl3' too old.

For immediate help type H <return>.
 ...                                              
                                                  
l.49 ...or:nnn { ctex } { l3-too-old } { expl3 } }
                                                  

Please update an up-to-date version of the bundles

`l3kernel' and `l3packages'

using your TeX package manager or from CTAN.


(Y:\miktex-portable\texmfs\install\tex/latex/ctex\ctexhook.sty
Package: ctexhook 2021/03/14 v2.5.6 Document and package hooks (CTEX)
)
(Y:\miktex-portable\texmfs\install\tex/latex/ctex\ctexpatch.sty
Package: ctexpatch 2021/03/14 v2.5.6 Patching commands (CTEX)
)
(Y:\miktex-portable\texmfs\install\tex/latex/base\fix-cm.sty
Package: fix-cm 2015/01/14 v1.1t fixes to LaTeX

(Y:\miktex-portable\texmfs\install\tex/latex/base\ts1enc.def
File: ts1enc.def 2001/06/05 v3.0e (jk/car/fm) Standard LaTeX file
LaTeX Font Info:    Redeclaring font encoding TS1 on input line 47.
))
(Y:\miktex-portable\texmfs\install\tex/latex/ms\everysel.sty
Package: everysel 2011/10/28 v1.2 EverySelectfont Package (MS)
)
\l__ctex_tmp_int=\count170
\l__ctex_tmp_box=\box46
\l__ctex_tmp_dim=\dimen134
\g__ctex_section_depth_int=\count171
\g__ctex_font_size_int=\count172

(Y:\miktex-portable\texmfs\install\tex/latex/ctex/config\ctexopts.cfg
File: ctexopts.cfg 2021/03/14 v2.5.6 Option configuration file (CTEX)
)
(Y:\miktex-portable\texmfs\install\tex/latex/base\article.cls
Document Class: article 2019/12/20 v1.4l Standard LaTeX document class
(Y:\miktex-portable\texmfs\install\tex/latex/base\size10.clo
File: size10.clo 2019/12/20 v1.4l Standard LaTeX file (size option)
)
\c@part=\count173
\c@section=\count174
\c@subsection=\count175
\c@subsubsection=\count176
\c@paragraph=\count177
\c@subparagraph=\count178
\c@figure=\count179
\c@table=\count180
\abovecaptionskip=\skip47
\belowcaptionskip=\skip48
\bibindent=\dimen135
)
(Y:\miktex-portable\texmfs\install\tex/latex/ctex/engine\ctex-engine-xetex.def
File: ctex-engine-xetex.def 2021/03/14 v2.5.6 XeLaTeX adapter (CTEX)

(Y:\miktex-portable\texmfs\install\tex/xelatex/xecjk\xeCJK.sty
Package: xeCJK 2020/02/18 v3.8.2 Typesetting CJK scripts with XeLaTeX

(Y:\miktex-portable\texmfs\install\tex/latex/l3packages/xtemplate\xtemplate.sty
Package: xtemplate 2020-03-06 L3 Experimental prototype document functions
\l__xtemplate_tmp_dim=\dimen136
\l__xtemplate_tmp_int=\count181
\l__xtemplate_tmp_muskip=\muskip16
\l__xtemplate_tmp_skip=\skip49
)
\l__xeCJK_tmp_int=\count182
\l__xeCJK_tmp_box=\box47
\l__xeCJK_tmp_dim=\dimen137
\l__xeCJK_tmp_skip=\skip50
\g__xeCJK_space_factor_int=\count183
\l__xeCJK_begin_int=\count184
\l__xeCJK_end_int=\count185
\c__xeCJK_CJK_class_int=\XeTeXcharclass1
\c__xeCJK_FullLeft_class_int=\XeTeXcharclass2
\c__xeCJK_FullRight_class_int=\XeTeXcharclass3
\c__xeCJK_HalfLeft_class_int=\XeTeXcharclass4
\c__xeCJK_HalfRight_class_int=\XeTeXcharclass5
\c__xeCJK_NormalSpace_class_int=\XeTeXcharclass6
\c__xeCJK_CM_class_int=\XeTeXcharclass7
\c__xeCJK_HangulJamo_class_int=\XeTeXcharclass8
\l__xeCJK_last_skip=\skip51
\g__xeCJK_node_int=\count186
\c__xeCJK_CJK_node_dim=\dimen138
\c__xeCJK_CJK-space_node_dim=\dimen139
\c__xeCJK_default_node_dim=\dimen140
\c__xeCJK_default-space_node_dim=\dimen141
\c__xeCJK_CJK-widow_node_dim=\dimen142
\c__xeCJK_normalspace_node_dim=\dimen143
\l__xeCJK_ccglue_skip=\skip52
\l__xeCJK_ecglue_skip=\skip53
\l__xeCJK_punct_kern_skip=\skip54
\l__xeCJK_last_penalty_int=\count187
\l__xeCJK_last_bound_dim=\dimen144
\l__xeCJK_last_kern_dim=\dimen145
\l__xeCJK_widow_penalty_int=\count188

Package xtemplate Info: Declaring object type 'xeCJK/punctuation' taking 0
(xtemplate)             argument(s) on line 2302.

\l__xeCJK_fixed_punct_width_dim=\dimen146
\l__xeCJK_mixed_punct_width_dim=\dimen147
\l__xeCJK_middle_punct_width_dim=\dimen148
\l__xeCJK_fixed_margin_width_dim=\dimen149
\l__xeCJK_mixed_margin_width_dim=\dimen150
\l__xeCJK_middle_margin_width_dim=\dimen151
\l__xeCJK_bound_punct_width_dim=\dimen152
\l__xeCJK_bound_margin_width_dim=\dimen153
\l__xeCJK_margin_minimum_dim=\dimen154
\l__xeCJK_kerning_total_width_dim=\dimen155
\l__xeCJK_same_align_margin_dim=\dimen156
\l__xeCJK_different_align_margin_dim=\dimen157
\l__xeCJK_kerning_margin_width_dim=\dimen158
\l__xeCJK_kerning_margin_minimum_dim=\dimen159
\l__xeCJK_bound_dim=\dimen160
\l__xeCJK_reverse_bound_dim=\dimen161
\l__xeCJK_margin_dim=\dimen162
\l__xeCJK_minimum_bound_dim=\dimen163
\l__xeCJK_kerning_margin_dim=\dimen164
\g__xeCJK_family_int=\count189
\l__xeCJK_fam_int=\count190
\g__xeCJK_fam_allocation_int=\count191
\l__xeCJK_verb_case_int=\count192
\l__xeCJK_verb_exspace_skip=\skip55
 (Y:\miktex-portable\texmfs\install\tex/latex/fontspec\fontspec.sty
Package: fontspec 2020/02/21 v2.7i Font selection for XeLaTeX and LuaLaTeX

(Y:\miktex-portable\texmfs\install\tex/latex/fontspec\fontspec-xetex.sty
Package: fontspec-xetex 2020/02/21 v2.7i Font selection for XeLaTeX and LuaLaTe
X
\l__fontspec_script_int=\count193
\l__fontspec_language_int=\count194
\l__fontspec_strnum_int=\count195
\l__fontspec_tmp_int=\count196
\l__fontspec_tmpa_int=\count197
\l__fontspec_tmpb_int=\count198
\l__fontspec_tmpc_int=\count199
\l__fontspec_em_int=\count266
\l__fontspec_emdef_int=\count267
\l__fontspec_strong_int=\count268
\l__fontspec_strongdef_int=\count269
\l__fontspec_tmpa_dim=\dimen165
\l__fontspec_tmpb_dim=\dimen166
\l__fontspec_tmpc_dim=\dimen167

(Y:\miktex-portable\texmfs\install\tex/latex/base\fontenc.sty
Package: fontenc 2020/02/11 v2.0o Standard LaTeX package
)
(Y:\miktex-portable\texmfs\install\tex/latex/fontspec\fontspec.cfg)))
(Y:\miktex-portable\texmfs\install\tex/xelatex/xecjk\xeCJK.cfg
File: xeCJK.cfg 2020/02/18 v3.8.2 Configuration file for xeCJK package
))
\ccwd=\dimen168
\l__ctex_ccglue_skip=\skip56
)
\l__ctex_ziju_dim=\dimen169

(Y:\miktex-portable\texmfs\install\tex/latex/zhnumber\zhnumber.sty
Package: zhnumber 2020/05/01 v2.8 Typesetting numbers with Chinese glyphs
\l__zhnum_scale_int=\count270

(Y:\miktex-portable\texmfs\install\tex/latex/zhnumber\zhnumber-utf8.cfg
File: zhnumber-utf8.cfg 2020/05/01 v2.8 Chinese numerals with UTF8 encoding
))
\l__ctex_heading_skip=\skip57

(Y:\miktex-portable\texmfs\install\tex/latex/ctex/scheme\ctex-scheme-chinese-ar
ticle.def
File: ctex-scheme-chinese-article.def 2021/03/14 v2.5.6 Chinese scheme for arti
cle (CTEX)

(Y:\miktex-portable\texmfs\install\tex/latex/ctex/config\ctex-name-utf8.cfg
File: ctex-name-utf8.cfg 2021/03/14 v2.5.6 Caption with encoding UTF-8 (CTEX)
))
(Y:\miktex-portable\texmfs\install\tex/latex/ctex\ctex-c5size.clo
File: ctex-c5size.clo 2021/03/14 v2.5.6 c5size option (CTEX)
)
(Y:\miktex-portable\texmfs\install\tex/latex/ctex/fontset\ctex-fontset-windows.
def
File: ctex-fontset-windows.def 2021/03/14 v2.5.6 Windows fonts definition (CTEX
)

Package fontspec Info: Could not resolve font "KaiTi/B" (it probably doesn't
(fontspec)             exist).


Package fontspec Info: Could not resolve font "SimHei/I" (it probably doesn't
(fontspec)             exist).


Package fontspec Info: Could not resolve font "SimSun/BI" (it probably doesn't
(fontspec)             exist).



! Package fontspec Error: The font "SimHei" cannot be found.

For immediate help type H <return>.
 ...                                              
                                                  
l.101   }
         

A font might not be found for many reasons.
 Check the spelling, where the font is installed etc. etc.

 When in doubt, ask someone for help!



! Package fontspec Error: The font "SimHei" cannot be found.

For immediate help type H <return>.
 ...                                              
                                                  
l.101   }
         

A font might not be found for many reasons.
 Check the spelling, where the font is installed etc. etc.

 When in doubt, ask someone for help!


! Cannot use \XeTeXOTcountfeatures with nullfont; not an OpenType Layout font.
<argument> \XeTeXOTcountfeatures \l_fontspec_font 
                                                  \l__fontspec_script_int \l...
l.101   }
         

! Cannot use \XeTeXOTfeaturetag with nullfont; not an OpenType Layout font.
<argument> ...\XeTeXOTfeaturetag \l_fontspec_font 
                                                  \l__fontspec_script_int \l...
l.101   }
         

! Missing = inserted for \ifnum.
<to be read again> 
                   \l__fontspec_script_int 
l.101   }
         
I was expecting to see `<', `=', or `>'. Didn't.

! Cannot use \XeTeXOTfeaturetag with nullfont; not an OpenType Layout font.
<argument> ...\XeTeXOTfeaturetag \l_fontspec_font 
                                                  \l__fontspec_script_int \l...
l.101   }
         

! Missing = inserted for \ifnum.
<to be read again> 
                   \l__fontspec_script_int 
l.101   }
         
I was expecting to see `<', `=', or `>'. Didn't.

! Cannot use \XeTeXOTfeaturetag with nullfont; not an OpenType Layout font.
<argument> ...\XeTeXOTfeaturetag \l_fontspec_font 
                                                  \l__fontspec_script_int \l...
l.101   }
         

! Missing = inserted for \ifnum.
<to be read again> 
                   \l__fontspec_script_int 
l.101   }
         
I was expecting to see `<', `=', or `>'. Didn't.

! Cannot use \XeTeXOTfeaturetag with nullfont; not an OpenType Layout font.
<argument> ...\XeTeXOTfeaturetag \l_fontspec_font 
                                                  \l__fontspec_script_int \l...
l.101   }
         

! Missing = inserted for \ifnum.
<to be read again> 
                   \l__fontspec_script_int 
l.101   }
         
I was expecting to see `<', `=', or `>'. Didn't.

! Cannot use \XeTeXOTfeaturetag with nullfont; not an OpenType Layout font.
<argument> ...\XeTeXOTfeaturetag \l_fontspec_font 
                                                  \l__fontspec_script_int \l...
l.101   }
         

! Missing = inserted for \ifnum.
<to be read again> 
                   \l__fontspec_script_int 
l.101   }
         
I was expecting to see `<', `=', or `>'. Didn't.

! Cannot use \XeTeXOTfeaturetag with nullfont; not an OpenType Layout font.
<argument> ...\XeTeXOTfeaturetag \l_fontspec_font 
                                                  \l__fontspec_script_int \l...
l.101   }
         

! Missing = inserted for \ifnum.
<to be read again> 
                   \l__fontspec_script_int 
l.101   }
         
I was expecting to see `<', `=', or `>'. Didn't.

! Cannot use \XeTeXOTfeaturetag with nullfont; not an OpenType Layout font.
<argument> ...\XeTeXOTfeaturetag \l_fontspec_font 
                                                  \l__fontspec_script_int \l...
l.101   }
         

! Missing = inserted for \ifnum.
<to be read again> 
                   \l__fontspec_script_int 
l.101   }
         
I was expecting to see `<', `=', or `>'. Didn't.

! Cannot use \XeTeXOTfeaturetag with nullfont; not an OpenType Layout font.
<argument> ...\XeTeXOTfeaturetag \l_fontspec_font 
                                                  \l__fontspec_script_int \l...
l.101   }
         

! Missing = inserted for \ifnum.
<to be read again> 
                   \l__fontspec_script_int 
l.101   }
         
I was expecting to see `<', `=', or `>'. Didn't.

! Cannot use \XeTeXOTfeaturetag with nullfont; not an OpenType Layout font.
<argument> ...\XeTeXOTfeaturetag \l_fontspec_font 
                                                  \l__fontspec_script_int \l...
l.101   }
         

! Missing = inserted for \ifnum.
<to be read again> 
                   \l__fontspec_script_int 
l.101   }
         
I was expecting to see `<', `=', or `>'. Didn't.

! Cannot use \XeTeXOTfeaturetag with nullfont; not an OpenType Layout font.
<argument> ...\XeTeXOTfeaturetag \l_fontspec_font 
                                                  \l__fontspec_script_int \l...
l.101   }
         

! Missing = inserted for \ifnum.
<to be read again> 
                   \l__fontspec_script_int 
l.101   }
         
I was expecting to see `<', `=', or `>'. Didn't.

! Cannot use \XeTeXOTfeaturetag with nullfont; not an OpenType Layout font.
<argument> ...\XeTeXOTfeaturetag \l_fontspec_font 
                                                  \l__fontspec_script_int \l...
l.101   }
         

! Missing = inserted for \ifnum.
<to be read again> 
                   \l__fontspec_script_int 
l.101   }
         
I was expecting to see `<', `=', or `>'. Didn't.

! Cannot use \XeTeXOTfeaturetag with nullfont; not an OpenType Layout font.
<argument> ...\XeTeXOTfeaturetag \l_fontspec_font 
                                                  \l__fontspec_script_int \l...
l.101   }
         

! Missing = inserted for \ifnum.
<to be read again> 
                   \l__fontspec_script_int 
l.101   }
         
I was expecting to see `<', `=', or `>'. Didn't.

! Cannot use \XeTeXOTfeaturetag with nullfont; not an OpenType Layout font.
<argument> ...\XeTeXOTfeaturetag \l_fontspec_font 
                                                  \l__fontspec_script_int \l...
l.101   }
         

! Missing = inserted for \ifnum.
<to be read again> 
                   \l__fontspec_script_int 
l.101   }
         
I was expecting to see `<', `=', or `>'. Didn't.

! Cannot use \XeTeXOTfeaturetag with nullfont; not an OpenType Layout font.
<argument> ...\XeTeXOTfeaturetag \l_fontspec_font 
                                                  \l__fontspec_script_int \l...
l.101   }
         

! Missing = inserted for \ifnum.
<to be read again> 
                   \l__fontspec_script_int 
l.101   }
         
I was expecting to see `<', `=', or `>'. Didn't.

! Cannot use \XeTeXOTfeaturetag with nullfont; not an OpenType Layout font.
<argument> ...\XeTeXOTfeaturetag \l_fontspec_font 
                                                  \l__fontspec_script_int \l...
l.101   }
         

! Missing = inserted for \ifnum.
<to be read again> 
                   \l__fontspec_script_int 
l.101   }
         
I was expecting to see `<', `=', or `>'. Didn't.

! Cannot use \XeTeXOTfeaturetag with nullfont; not an OpenType Layout font.
<argument> ...\XeTeXOTfeaturetag \l_fontspec_font 
                                                  \l__fontspec_script_int \l...
l.101   }
         

! Missing = inserted for \ifnum.
<to be read again> 
                   \l__fontspec_script_int 
l.101   }
         
I was expecting to see `<', `=', or `>'. Didn't.

! Cannot use \XeTeXOTfeaturetag with nullfont; not an OpenType Layout font.
<argument> ...\XeTeXOTfeaturetag \l_fontspec_font 
                                                  \l__fontspec_script_int \l...
l.101   }
         

! Missing = inserted for \ifnum.
<to be read again> 
                   \l__fontspec_script_int 
l.101   }
         
I was expecting to see `<', `=', or `>'. Didn't.

! Cannot use \XeTeXOTfeaturetag with nullfont; not an OpenType Layout font.
<argument> ...\XeTeXOTfeaturetag \l_fontspec_font 
                                                  \l__fontspec_script_int \l...
l.101   }
         

! Missing = inserted for \ifnum.
<to be read again> 
                   \l__fontspec_script_int 
l.101   }
         
I was expecting to see `<', `=', or `>'. Didn't.

! Cannot use \XeTeXOTfeaturetag with nullfont; not an OpenType Layout font.
<argument> ...\XeTeXOTfeaturetag \l_fontspec_font 
                                                  \l__fontspec_script_int \l...
l.101   }
         

! Missing = inserted for \ifnum.
<to be read again> 
                   \l__fontspec_script_int 
l.101   }
         
I was expecting to see `<', `=', or `>'. Didn't.

! Cannot use \XeTeXOTfeaturetag with nullfont; not an OpenType Layout font.
<argument> ...\XeTeXOTfeaturetag \l_fontspec_font 
                                                  \l__fontspec_script_int \l...
l.101   }
         

! Missing = inserted for \ifnum.
<to be read again> 
                   \l__fontspec_script_int 
l.101   }
         
I was expecting to see `<', `=', or `>'. Didn't.

! Cannot use \XeTeXOTfeaturetag with nullfont; not an OpenType Layout font.
<argument> ...\XeTeXOTfeaturetag \l_fontspec_font 
                                                  \l__fontspec_script_int \l...
l.101   }
         

! Missing = inserted for \ifnum.
<to be read again> 
                   \l__fontspec_script_int 
l.101   }
         
I was expecting to see `<', `=', or `>'. Didn't.

! Cannot use \XeTeXOTfeaturetag with nullfont; not an OpenType Layout font.
<argument> ...\XeTeXOTfeaturetag \l_fontspec_font 
                                                  \l__fontspec_script_int \l...
l.101   }
         

! Missing = inserted for \ifnum.
<to be read again> 
                   \l__fontspec_script_int 
l.101   }
         
I was expecting to see `<', `=', or `>'. Didn't.

! Cannot use \XeTeXOTfeaturetag with nullfont; not an OpenType Layout font.
<argument> ...\XeTeXOTfeaturetag \l_fontspec_font 
                                                  \l__fontspec_script_int \l...
l.101   }
         

! Missing = inserted for \ifnum.
<to be read again> 
                   \l__fontspec_script_int 
l.101   }
         
I was expecting to see `<', `=', or `>'. Didn't.

! Cannot use \XeTeXOTfeaturetag with nullfont; not an OpenType Layout font.
<argument> ...\XeTeXOTfeaturetag \l_fontspec_font 
                                                  \l__fontspec_script_int \l...
l.101   }
         

! Missing = inserted for \ifnum.
<to be read again> 
                   \l__fontspec_script_int 
l.101   }
         
I was expecting to see `<', `=', or `>'. Didn't.

! Cannot use \XeTeXOTfeaturetag with nullfont; not an OpenType Layout font.
<argument> ...\XeTeXOTfeaturetag \l_fontspec_font 
                                                  \l__fontspec_script_int \l...
l.101   }
         

! Missing = inserted for \ifnum.
<to be read again> 
                   \l__fontspec_script_int 
l.101   }
         
I was expecting to see `<', `=', or `>'. Didn't.

! Cannot use \XeTeXOTfeaturetag with nullfont; not an OpenType Layout font.
<argument> ...\XeTeXOTfeaturetag \l_fontspec_font 
                                                  \l__fontspec_script_int \l...
l.101   }
         

! Missing = inserted for \ifnum.
<to be read again> 
                   \l__fontspec_script_int 
l.101   }
         
I was expecting to see `<', `=', or `>'. Didn't.

! Cannot use \XeTeXOTfeaturetag with nullfont; not an OpenType Layout font.
<argument> ...\XeTeXOTfeaturetag \l_fontspec_font 
                                                  \l__fontspec_script_int \l...
l.101   }
         

! Missing = inserted for \ifnum.
<to be read again> 
                   \l__fontspec_script_int 
l.101   }
         
I was expecting to see `<', `=', or `>'. Didn't.

! Cannot use \XeTeXOTfeaturetag with nullfont; not an OpenType Layout font.
<argument> ...\XeTeXOTfeaturetag \l_fontspec_font 
                                                  \l__fontspec_script_int \l...
l.101   }
         

! Missing = inserted for \ifnum.
<to be read again> 
                   \l__fontspec_script_int 
l.101   }
         
I was expecting to see `<', `=', or `>'. Didn't.

! Cannot use \XeTeXOTfeaturetag with nullfont; not an OpenType Layout font.
<argument> ...\XeTeXOTfeaturetag \l_fontspec_font 
                                                  \l__fontspec_script_int \l...
l.101   }
         

! Missing = inserted for \ifnum.
<to be read again> 
                   \l__fontspec_script_int 
l.101   }
         
I was expecting to see `<', `=', or `>'. Didn't.

! Cannot use \XeTeXOTfeaturetag with nullfont; not an OpenType Layout font.
<argument> ...\XeTeXOTfeaturetag \l_fontspec_font 
                                                  \l__fontspec_script_int \l...
l.101   }
         

! Missing = inserted for \ifnum.
<to be read again> 
                   \l__fontspec_script_int 
l.101   }
         
I was expecting to see `<', `=', or `>'. Didn't.

! Cannot use \XeTeXOTfeaturetag with nullfont; not an OpenType Layout font.
<argument> ...\XeTeXOTfeaturetag \l_fontspec_font 
                                                  \l__fontspec_script_int \l...
l.101   }
         

! Missing = inserted for \ifnum.
<to be read again> 
                   \l__fontspec_script_int 
l.101   }
         
I was expecting to see `<', `=', or `>'. Didn't.

! Cannot use \XeTeXOTfeaturetag with nullfont; not an OpenType Layout font.
<argument> ...\XeTeXOTfeaturetag \l_fontspec_font 
                                                  \l__fontspec_script_int \l...
l.101   }
         

! Missing = inserted for \ifnum.
<to be read again> 
                   \l__fontspec_script_int 
l.101   }
         
I was expecting to see `<', `=', or `>'. Didn't.

! Cannot use \XeTeXOTfeaturetag with nullfont; not an OpenType Layout font.
<argument> ...\XeTeXOTfeaturetag \l_fontspec_font 
                                                  \l__fontspec_script_int \l...
l.101   }
         

! Missing = inserted for \ifnum.
<to be read again> 
                   \l__fontspec_script_int 
l.101   }
         
I was expecting to see `<', `=', or `>'. Didn't.

! Cannot use \XeTeXOTfeaturetag with nullfont; not an OpenType Layout font.
<argument> ...\XeTeXOTfeaturetag \l_fontspec_font 
                                                  \l__fontspec_script_int \l...
l.101   }
         

! Missing = inserted for \ifnum.
<to be read again> 
                   \l__fontspec_script_int 
l.101   }
         
I was expecting to see `<', `=', or `>'. Didn't.

! Cannot use \XeTeXOTfeaturetag with nullfont; not an OpenType Layout font.
<argument> ...\XeTeXOTfeaturetag \l_fontspec_font 
                                                  \l__fontspec_script_int \l...
l.101   }
         

! Missing = inserted for \ifnum.
<to be read again> 
                   \l__fontspec_script_int 
l.101   }
         
I was expecting to see `<', `=', or `>'. Didn't.

! Cannot use \XeTeXOTfeaturetag with nullfont; not an OpenType Layout font.
<argument> ...\XeTeXOTfeaturetag \l_fontspec_font 
                                                  \l__fontspec_script_int \l...
l.101   }
         

! Missing = inserted for \ifnum.
<to be read again> 
                   \l__fontspec_script_int 
l.101   }
         
I was expecting to see `<', `=', or `>'. Didn't.

! Cannot use \XeTeXOTfeaturetag with nullfont; not an OpenType Layout font.
<argument> ...\XeTeXOTfeaturetag \l_fontspec_font 
                                                  \l__fontspec_script_int \l...
l.101   }
         

! Missing = inserted for \ifnum.
<to be read again> 
                   \l__fontspec_script_int 
l.101   }
         
I was expecting to see `<', `=', or `>'. Didn't.

! Cannot use \XeTeXOTfeaturetag with nullfont; not an OpenType Layout font.
<argument> ...\XeTeXOTfeaturetag \l_fontspec_font 
                                                  \l__fontspec_script_int \l...
l.101   }
         

! Missing = inserted for \ifnum.
<to be read again> 
                   \l__fontspec_script_int 
l.101   }
         
I was expecting to see `<', `=', or `>'. Didn't.

! Cannot use \XeTeXOTfeaturetag with nullfont; not an OpenType Layout font.
<argument> ...\XeTeXOTfeaturetag \l_fontspec_font 
                                                  \l__fontspec_script_int \l...
l.101   }
         

! Missing = inserted for \ifnum.
<to be read again> 
                   \l__fontspec_script_int 
l.101   }
         
I was expecting to see `<', `=', or `>'. Didn't.

! Cannot use \XeTeXOTfeaturetag with nullfont; not an OpenType Layout font.
<argument> ...\XeTeXOTfeaturetag \l_fontspec_font 
                                                  \l__fontspec_script_int \l...
l.101   }
         

! Missing = inserted for \ifnum.
<to be read again> 
                   \l__fontspec_script_int 
l.101   }
         
I was expecting to see `<', `=', or `>'. Didn't.

! Cannot use \XeTeXOTfeaturetag with nullfont; not an OpenType Layout font.
<argument> ...\XeTeXOTfeaturetag \l_fontspec_font 
                                                  \l__fontspec_script_int \l...
l.101   }
         

! Missing = inserted for \ifnum.
<to be read again> 
                   \l__fontspec_script_int 
l.101   }
         
I was expecting to see `<', `=', or `>'. Didn't.

! Cannot use \XeTeXOTfeaturetag with nullfont; not an OpenType Layout font.
<argument> ...\XeTeXOTfeaturetag \l_fontspec_font 
                                                  \l__fontspec_script_int \l...
l.101   }
         

! Missing = inserted for \ifnum.
<to be read again> 
                   \l__fontspec_script_int 
l.101   }
         
I was expecting to see `<', `=', or `>'. Didn't.

! Cannot use \XeTeXOTfeaturetag with nullfont; not an OpenType Layout font.
<argument> ...\XeTeXOTfeaturetag \l_fontspec_font 
                                                  \l__fontspec_script_int \l...
l.101   }
         

! Missing = inserted for \ifnum.
<to be read again> 
                   \l__fontspec_script_int 
l.101   }
         
I was expecting to see `<', `=', or `>'. Didn't.

! Cannot use \XeTeXOTfeaturetag with nullfont; not an OpenType Layout font.
<argument> ...\XeTeXOTfeaturetag \l_fontspec_font 
                                                  \l__fontspec_script_int \l...
l.101   }
         

! Missing = inserted for \ifnum.
<to be read again> 
                   \l__fontspec_script_int 
l.101   }
         
I was expecting to see `<', `=', or `>'. Didn't.

! Cannot use \XeTeXOTfeaturetag with nullfont; not an OpenType Layout font.
<argument> ...\XeTeXOTfeaturetag \l_fontspec_font 
                                                  \l__fontspec_script_int \l...
l.101   }
         

! Missing = inserted for \ifnum.
<to be read again> 
                   \l__fontspec_script_int 
l.101   }
         
I was expecting to see `<', `=', or `>'. Didn't.

! Cannot use \XeTeXOTfeaturetag with nullfont; not an OpenType Layout font.
<argument> ...\XeTeXOTfeaturetag \l_fontspec_font 
                                                  \l__fontspec_script_int \l...
l.101   }
         

! Missing = inserted for \ifnum.
<to be read again> 
                   \l__fontspec_script_int 
l.101   }
         
I was expecting to see `<', `=', or `>'. Didn't.

! Cannot use \XeTeXOTfeaturetag with nullfont; not an OpenType Layout font.
<argument> ...\XeTeXOTfeaturetag \l_fontspec_font 
                                                  \l__fontspec_script_int \l...
l.101   }
         

! Missing = inserted for \ifnum.
<to be read again> 
                   \l__fontspec_script_int 
l.101   }
         
I was expecting to see `<', `=', or `>'. Didn't.

! Cannot use \XeTeXOTfeaturetag with nullfont; not an OpenType Layout font.
<argument> ...\XeTeXOTfeaturetag \l_fontspec_font 
                                                  \l__fontspec_script_int \l...
l.101   }
         

! Missing = inserted for \ifnum.
<to be read again> 
                   \l__fontspec_script_int 
l.101   }
         
(That makes 100 errors; please try again.) 
Here is how much of TeX's memory you used:
 6387 strings out of 414221
 190174 string characters out of 2901377
 481426 words of memory out of 3000000
 23882 multiletter control sequences out of 15000+200000
 532402 words of font info for 32 fonts, out of 3000000 for 9000
 1348 hyphenation exceptions out of 8191
 56i,0n,69p,370b,256s stack positions out of 5000i,500n,10000p,200000b,50000s

No pages of output.
